2019-01-26 12:54:01  :: 1/26/2019 12:54:01 PMMomentumStrategyBase.LoadConfig
2019-01-26 12:54:01  :: Loading config:.\outgoingStrategyHandler.PairTradingDemo.xml
2019-01-26 12:54:01  :: Processing config:.\outgoingStrategyHandler.PairTradingDemo.xml
2019-01-26 12:54:01  :: Ending GetConfiguracion .\outgoingStrategyHandler.PairTradingDemo.xml
2019-01-26 12:54:01  :: Initializing Order Router zHFT.OrderRouters.Router.OrderRouter, zHFT.OrderRouters
2019-01-26 12:54:01  :: 1/26/2019 12:54:01 PMOrderRouterBase.LoadConfig
2019-01-26 12:54:01  :: Loading config:.\outgoingOrderRouter.xml
2019-01-26 12:54:01  :: Processing config:.\outgoingOrderRouter.xml
2019-01-26 12:54:01  :: Ending GetConfiguracion .\outgoingOrderRouter.xml
2019-01-26 12:54:01  :: Initializing Order Router Proxy zHFT.OrderRouters.IB.OrderRouter, zHFT.OrderRouters.IB
2019-01-26 12:54:02  :: 1/26/2019 12:54:02 PMOrderRouterBase.LoadConfig
2019-01-26 12:54:02  :: Loading config:.\outgoingOrderRouter.IB.xml
2019-01-26 12:54:02  :: Processing config:.\outgoingOrderRouter.IB.xml
2019-01-26 12:54:02  :: Ending GetConfiguracion .\outgoingOrderRouter.IB.xml
2019-01-26 12:54:04  :: error: ex=No se puede establecer una conexión ya que el equipo de destino denegó expresamente dicha conexión 127.0.0.1:7497   
2019-01-26 12:54:04  :: Creating pair trading demo service for controller PairTradingDemoController on URL http://localhost:3038
2019-01-26 12:54:06  :: @PairTradingDemoController:Received RequestPairTradingPosition for symbols: LONG XOM- SHORT CVX
2019-01-26 12:54:06  :: @PairTradingDemoController:Received RequestPairTradingPosition for symbols: LONG AMZN- SHORT AAPL
2019-01-26 12:54:43  :: 1/26/2019 12:54:43 PMMomentumStrategyBase.LoadConfig
2019-01-26 12:54:43  :: Loading config:.\outgoingStrategyHandler.PairTradingDemo.xml
2019-01-26 12:54:43  :: Processing config:.\outgoingStrategyHandler.PairTradingDemo.xml
2019-01-26 12:54:43  :: Ending GetConfiguracion .\outgoingStrategyHandler.PairTradingDemo.xml
2019-01-26 12:54:43  :: Initializing Order Router zHFT.OrderRouters.Router.OrderRouter, zHFT.OrderRouters
2019-01-26 12:54:43  :: 1/26/2019 12:54:43 PMOrderRouterBase.LoadConfig
2019-01-26 12:54:43  :: Loading config:.\outgoingOrderRouter.xml
2019-01-26 12:54:43  :: Processing config:.\outgoingOrderRouter.xml
2019-01-26 12:54:43  :: Ending GetConfiguracion .\outgoingOrderRouter.xml
2019-01-26 12:54:43  :: Initializing Order Router Proxy zHFT.OrderRouters.IB.OrderRouter, zHFT.OrderRouters.IB
2019-01-26 12:54:43  :: 1/26/2019 12:54:43 PMOrderRouterBase.LoadConfig
2019-01-26 12:54:43  :: Loading config:.\outgoingOrderRouter.IB.xml
2019-01-26 12:54:43  :: Processing config:.\outgoingOrderRouter.IB.xml
2019-01-26 12:54:43  :: Ending GetConfiguracion .\outgoingOrderRouter.IB.xml
2019-01-26 12:54:46  :: error: ex=No se puede establecer una conexión ya que el equipo de destino denegó expresamente dicha conexión 127.0.0.1:7497   
2019-01-26 12:54:46  :: Creating pair trading demo service for controller PairTradingDemoController on URL http://localhost:3038
2019-01-26 12:54:47  :: @PairTradingDemoController:Received RequestPairTradingPosition for symbols: LONG XOM- SHORT CVX
2019-01-26 12:54:47  :: @PairTradingDemoController:Received RequestPairTradingPosition for symbols: LONG AMZN- SHORT AAPL
2019-01-26 17:10:22  :: 1/26/2019 5:10:22 PMMomentumStrategyBase.LoadConfig
2019-01-26 17:10:22  :: Loading config:.\outgoingStrategyHandler.PairTradingDemo.xml
2019-01-26 17:10:22  :: Processing config:.\outgoingStrategyHandler.PairTradingDemo.xml
2019-01-26 17:10:22  :: Ending GetConfiguracion .\outgoingStrategyHandler.PairTradingDemo.xml
2019-01-26 17:10:22  :: Initializing Order Router zHFT.OrderRouters.Router.OrderRouter, zHFT.OrderRouters
2019-01-26 17:10:22  :: 1/26/2019 5:10:22 PMOrderRouterBase.LoadConfig
2019-01-26 17:10:22  :: Loading config:.\outgoingOrderRouter.xml
2019-01-26 17:10:22  :: Processing config:.\outgoingOrderRouter.xml
2019-01-26 17:10:22  :: Ending GetConfiguracion .\outgoingOrderRouter.xml
2019-01-26 17:10:22  :: Initializing Order Router Proxy zHFT.OrderRouters.IB.OrderRouter, zHFT.OrderRouters.IB
2019-01-26 17:10:22  :: 1/26/2019 5:10:22 PMOrderRouterBase.LoadConfig
2019-01-26 17:10:22  :: Loading config:.\outgoingOrderRouter.IB.xml
2019-01-26 17:10:22  :: Processing config:.\outgoingOrderRouter.IB.xml
2019-01-26 17:10:22  :: Ending GetConfiguracion .\outgoingOrderRouter.IB.xml
2019-01-26 17:10:24  :: error: ex=No se puede establecer una conexión ya que el equipo de destino denegó expresamente dicha conexión 127.0.0.1:7497   
2019-01-26 17:10:24  :: Creating pair trading demo service for controller PairTradingDemoController on URL http://localhost:3038
2019-01-26 17:10:25  :: @PairTradingDemoController:Received RequestPairTradingPosition for symbols: LONG AMZN- SHORT AAPL
2019-01-26 17:10:25  :: @PairTradingDemoController:Received RequestPairTradingPosition for symbols: LONG AMZNXX- SHORT AAPL
2019-01-26 17:10:25  :: @PairTradingDemoController:Received RequestPairTradingPosition for symbols: LONG XOMXX- SHORT CVX
2019-01-26 17:10:25  :: @PairTradingDemoController:Received RequestPairTradingPosition for symbols: LONG XOMXX- SHORT CVXXX
2019-01-26 17:10:29  :: @PairTradingDemoController:Received RequestPairTradingPosition for symbols: LONG XOM- SHORT CVX
