2019-01-27 14:00:43  :: 1/27/2019 2:00:43 PMMarketClientBase.LoadConfig
2019-01-27 14:00:43  :: Loading config:.\incomingIB.xml
2019-01-27 14:00:43  :: Processing config:.\incomingIB.xml
2019-01-27 14:00:43  :: Ending GetConfiguracion .\incomingIB.xml
2019-01-27 14:00:43  :: managedAccounts: accountsList=U1504022,U2089626,
2019-01-27 14:01:51  :: 1/27/2019 2:01:51 PMMarketClientBase.LoadConfig
2019-01-27 14:01:51  :: Loading config:.\incomingIB.xml
2019-01-27 14:01:51  :: Processing config:.\incomingIB.xml
2019-01-27 14:01:51  :: Ending GetConfiguracion .\incomingIB.xml
2019-01-27 14:01:52  :: managedAccounts: accountsList=U1504022,U2089626,
2019-01-27 14:01:53  :: nextValidId: orderId=1
2019-01-27 14:01:55  :: error: reqId=-1 start=2104 end=Market data farm connection is OK:usfarm  
2019-01-27 14:01:55  :: error: reqId=-1 start=2106 end=HMDS data farm connection is OK:euhmds  
2019-01-27 14:01:55  :: error: reqId=-1 start=2106 end=HMDS data farm connection is OK:cashhmds  
2019-01-27 14:01:55  :: error: reqId=-1 start=2106 end=HMDS data farm connection is OK:fundfarm  
2019-01-27 14:01:56  :: error: reqId=-1 start=2106 end=HMDS data farm connection is OK:ushmds  
2019-01-27 14:02:10  :: 1/27/2019 2:02:10 PMMarketClientBase.LoadConfig
2019-01-27 14:02:10  :: Loading config:.\incomingIB.xml
2019-01-27 14:02:10  :: Processing config:.\incomingIB.xml
2019-01-27 14:02:10  :: Ending GetConfiguracion .\incomingIB.xml
2019-01-27 14:02:10  :: managedAccounts: accountsList=U1504022,U2089626,
2019-01-27 14:02:11  :: nextValidId: orderId=1
2019-01-27 14:02:11  :: error: reqId=-1 start=2104 end=Market data farm connection is OK:usfarm  
2019-01-27 14:02:11  :: error: reqId=-1 start=2106 end=HMDS data farm connection is OK:euhmds  
2019-01-27 14:02:12  :: error: reqId=-1 start=2106 end=HMDS data farm connection is OK:cashhmds  
2019-01-27 14:02:12  :: error: reqId=-1 start=2106 end=HMDS data farm connection is OK:fundfarm  
2019-01-27 14:02:12  :: error: reqId=-1 start=2106 end=HMDS data farm connection is OK:ushmds  
2019-01-27 14:02:17  :: @Instructions Processor IB:Requesting Snapshot+Updates Market Data On Demand for Symbol: XOM
2019-01-27 14:02:17  :: @Instructions Processor IB:Requesting Snapshot+Updates Market Data On Demand for Symbol: AMZN
