2019-01-25 9:03:37  :: IB Publishing Market Data for Security AMZN 
2019-01-25 9:03:37  :: IB Publishing Market Data for Security AAPL 
2019-01-25 9:03:37  :: IB Publishing Market Data for Security CVX 
2019-01-25 9:03:43  :: IB Publishing Market Data for Security AMZN 
2019-01-25 9:03:43  :: IB Publishing Market Data for Security AAPL 
2019-01-25 9:03:44  :: IB Publishing Market Data for Security CVX 
2019-01-25 9:03:49  :: IB Publishing Market Data for Security AMZN 
2019-01-25 9:03:49  :: IB Publishing Market Data for Security AAPL 
2019-01-25 9:03:49  :: IB Publishing Market Data for Security CVX 
2019-01-25 9:03:54  :: IB Publishing Market Data for Security AMZN 
2019-01-25 9:03:54  :: IB Publishing Market Data for Security AAPL 
2019-01-25 9:03:54  :: IB Publishing Market Data for Security CVX 
2019-01-25 9:03:59  :: IB Publishing Market Data for Security AMZN 
2019-01-25 9:03:59  :: IB Publishing Market Data for Security AAPL 
2019-01-25 9:03:59  :: IB Publishing Market Data for Security CVX 
2019-01-25 9:04:04  :: IB Publishing Market Data for Security AMZN 
2019-01-25 9:04:04  :: IB Publishing Market Data for Security AAPL 
2019-01-25 9:04:04  :: IB Publishing Market Data for Security CVX 
2019-01-25 9:04:09  :: IB Publishing Market Data for Security AMZN 
2019-01-25 9:04:09  :: IB Publishing Market Data for Security AAPL 
2019-01-25 9:04:09  :: IB Publishing Market Data for Security CVX 
2019-01-25 9:04:14  :: IB Publishing Market Data for Security AMZN 
2019-01-25 9:04:14  :: IB Publishing Market Data for Security AAPL 
2019-01-25 9:04:14  :: IB Publishing Market Data for Security CVX 
2019-01-25 9:04:19  :: IB Publishing Market Data for Security AMZN 
2019-01-25 9:04:19  :: IB Publishing Market Data for Security AAPL 
2019-01-25 9:04:19  :: IB Publishing Market Data for Security CVX 
2019-01-25 9:04:24  :: IB Publishing Market Data for Security AMZN 
2019-01-25 9:04:24  :: IB Publishing Market Data for Security AAPL 
2019-01-25 9:04:24  :: IB Publishing Market Data for Security CVX 
2019-01-25 9:04:29  :: IB Publishing Market Data for Security AMZN 
2019-01-25 9:04:29  :: IB Publishing Market Data for Security AAPL 
2019-01-25 9:04:29  :: IB Publishing Market Data for Security CVX 
2019-01-25 9:04:34  :: IB Publishing Market Data for Security AMZN 
2019-01-25 9:04:34  :: IB Publishing Market Data for Security AAPL 
2019-01-25 9:04:34  :: IB Publishing Market Data for Security CVX 
2019-01-25 9:04:39  :: IB Publishing Market Data for Security AMZN 
2019-01-25 9:04:39  :: IB Publishing Market Data for Security AAPL 
2019-01-25 9:04:39  :: IB Publishing Market Data for Security CVX 
2019-01-25 9:04:44  :: IB Publishing Market Data for Security AMZN 
2019-01-25 9:04:44  :: IB Publishing Market Data for Security AAPL 
2019-01-25 9:04:44  :: IB Publishing Market Data for Security CVX 
2019-01-25 9:04:49  :: IB Publishing Market Data for Security AMZN 
2019-01-25 9:04:49  :: IB Publishing Market Data for Security AAPL 
2019-01-25 9:04:49  :: IB Publishing Market Data for Security CVX 
2019-01-25 9:04:54  :: IB Publishing Market Data for Security AMZN 
2019-01-25 9:04:54  :: IB Publishing Market Data for Security AAPL 
2019-01-25 9:04:54  :: IB Publishing Market Data for Security CVX 
2019-01-25 9:05:00  :: IB Publishing Market Data for Security AMZN 
2019-01-25 9:05:00  :: IB Publishing Market Data for Security AAPL 
2019-01-25 9:05:00  :: IB Publishing Market Data for Security CVX 
2019-01-25 9:05:05  :: IB Publishing Market Data for Security AMZN 
2019-01-25 9:05:05  :: IB Publishing Market Data for Security AAPL 
2019-01-25 9:05:05  :: IB Publishing Market Data for Security CVX 
2019-01-25 9:05:10  :: IB Publishing Market Data for Security AMZN 
2019-01-25 9:05:10  :: IB Publishing Market Data for Security AAPL 
2019-01-25 9:05:10  :: IB Publishing Market Data for Security CVX 
2019-01-25 9:05:15  :: IB Publishing Market Data for Security AMZN 
2019-01-25 9:05:15  :: IB Publishing Market Data for Security AAPL 
2019-01-25 9:05:15  :: IB Publishing Market Data for Security CVX 
2019-01-25 9:05:20  :: IB Publishing Market Data for Security AMZN 
2019-01-25 9:05:20  :: IB Publishing Market Data for Security AAPL 
2019-01-25 9:05:20  :: IB Publishing Market Data for Security CVX 
2019-01-25 9:05:25  :: IB Publishing Market Data for Security AMZN 
2019-01-25 9:05:25  :: IB Publishing Market Data for Security AAPL 
2019-01-25 9:05:25  :: IB Publishing Market Data for Security CVX 
2019-01-25 9:05:30  :: IB Publishing Market Data for Security AMZN 
2019-01-25 9:05:30  :: IB Publishing Market Data for Security AAPL 
2019-01-25 9:05:30  :: IB Publishing Market Data for Security CVX 
2019-01-25 9:05:35  :: IB Publishing Market Data for Security AMZN 
2019-01-25 9:05:35  :: IB Publishing Market Data for Security AAPL 
2019-01-25 9:05:35  :: IB Publishing Market Data for Security CVX 
2019-01-25 9:05:40  :: IB Publishing Market Data for Security AMZN 
2019-01-25 9:05:40  :: IB Publishing Market Data for Security AAPL 
2019-01-25 9:05:40  :: IB Publishing Market Data for Security CVX 
2019-01-25 9:05:45  :: IB Publishing Market Data for Security AMZN 
2019-01-25 9:05:45  :: IB Publishing Market Data for Security AAPL 
2019-01-25 9:05:45  :: IB Publishing Market Data for Security CVX 
2019-01-25 9:05:51  :: IB Publishing Market Data for Security AMZN 
2019-01-25 9:05:51  :: IB Publishing Market Data for Security AAPL 
2019-01-25 9:05:51  :: IB Publishing Market Data for Security CVX 
2019-01-25 9:05:56  :: IB Publishing Market Data for Security AMZN 
2019-01-25 9:05:56  :: IB Publishing Market Data for Security AAPL 
2019-01-25 9:05:56  :: IB Publishing Market Data for Security CVX 
2019-01-25 9:06:01  :: IB Publishing Market Data for Security AMZN 
2019-01-25 9:06:01  :: IB Publishing Market Data for Security AAPL 
2019-01-25 9:06:01  :: IB Publishing Market Data for Security CVX 
2019-01-25 9:06:06  :: IB Publishing Market Data for Security AMZN 
2019-01-25 9:06:06  :: IB Publishing Market Data for Security AAPL 
2019-01-25 9:06:06  :: IB Publishing Market Data for Security CVX 
2019-01-25 9:06:11  :: IB Publishing Market Data for Security AMZN 
2019-01-25 9:06:11  :: IB Publishing Market Data for Security AAPL 
2019-01-25 9:06:11  :: IB Publishing Market Data for Security CVX 
2019-01-25 9:06:16  :: IB Publishing Market Data for Security AMZN 
2019-01-25 9:06:16  :: IB Publishing Market Data for Security AAPL 
2019-01-25 9:06:16  :: IB Publishing Market Data for Security CVX 
2019-01-25 9:06:21  :: IB Publishing Market Data for Security AMZN 
2019-01-25 9:06:21  :: IB Publishing Market Data for Security AAPL 
2019-01-25 9:06:21  :: IB Publishing Market Data for Security CVX 
2019-01-25 9:06:26  :: IB Publishing Market Data for Security AMZN 
2019-01-25 9:06:26  :: IB Publishing Market Data for Security AAPL 
2019-01-25 9:06:26  :: IB Publishing Market Data for Security CVX 
2019-01-25 9:06:31  :: IB Publishing Market Data for Security AMZN 
2019-01-25 9:06:31  :: IB Publishing Market Data for Security AAPL 
2019-01-25 9:06:31  :: IB Publishing Market Data for Security CVX 
2019-01-25 9:06:36  :: IB Publishing Market Data for Security AMZN 
2019-01-25 9:06:36  :: IB Publishing Market Data for Security AAPL 
2019-01-25 9:06:36  :: IB Publishing Market Data for Security CVX 
2019-01-25 9:06:41  :: IB Publishing Market Data for Security AMZN 
2019-01-25 9:06:41  :: IB Publishing Market Data for Security AAPL 
2019-01-25 9:06:41  :: IB Publishing Market Data for Security CVX 
2019-01-25 9:06:46  :: IB Publishing Market Data for Security AMZN 
2019-01-25 9:06:46  :: IB Publishing Market Data for Security AAPL 
2019-01-25 9:06:46  :: IB Publishing Market Data for Security CVX 
2019-01-25 9:06:51  :: IB Publishing Market Data for Security AMZN 
2019-01-25 9:06:51  :: IB Publishing Market Data for Security AAPL 
2019-01-25 9:06:51  :: IB Publishing Market Data for Security CVX 
2019-01-25 9:06:56  :: IB Publishing Market Data for Security AMZN 
2019-01-25 9:06:56  :: IB Publishing Market Data for Security AAPL 
2019-01-25 9:06:56  :: IB Publishing Market Data for Security CVX 
2019-01-25 9:07:01  :: IB Publishing Market Data for Security AMZN 
2019-01-25 9:07:01  :: IB Publishing Market Data for Security AAPL 
2019-01-25 9:07:01  :: IB Publishing Market Data for Security CVX 
2019-01-25 9:07:06  :: IB Publishing Market Data for Security AMZN 
2019-01-25 9:07:06  :: IB Publishing Market Data for Security AAPL 
2019-01-25 9:07:06  :: IB Publishing Market Data for Security CVX 
2019-01-25 9:07:11  :: IB Publishing Market Data for Security AMZN 
2019-01-25 9:07:11  :: IB Publishing Market Data for Security AAPL 
2019-01-25 9:07:11  :: IB Publishing Market Data for Security CVX 
2019-01-25 9:07:16  :: IB Publishing Market Data for Security AMZN 
2019-01-25 9:07:16  :: IB Publishing Market Data for Security AAPL 
2019-01-25 9:07:16  :: IB Publishing Market Data for Security CVX 
2019-01-25 9:07:21  :: IB Publishing Market Data for Security AMZN 
2019-01-25 9:07:21  :: IB Publishing Market Data for Security AAPL 
2019-01-25 9:07:21  :: IB Publishing Market Data for Security CVX 
2019-01-25 9:07:26  :: IB Publishing Market Data for Security AMZN 
2019-01-25 9:07:26  :: IB Publishing Market Data for Security AAPL 
2019-01-25 9:07:26  :: IB Publishing Market Data for Security CVX 
2019-01-25 9:07:31  :: IB Publishing Market Data for Security AMZN 
2019-01-25 9:07:31  :: IB Publishing Market Data for Security AAPL 
2019-01-25 9:07:31  :: IB Publishing Market Data for Security CVX 
2019-01-25 9:07:36  :: IB Publishing Market Data for Security AMZN 
2019-01-25 9:07:36  :: IB Publishing Market Data for Security AAPL 
2019-01-25 9:07:36  :: IB Publishing Market Data for Security CVX 
2019-01-25 9:07:41  :: IB Publishing Market Data for Security AMZN 
2019-01-25 9:07:41  :: IB Publishing Market Data for Security AAPL 
2019-01-25 9:07:41  :: IB Publishing Market Data for Security CVX 
2019-01-25 9:07:46  :: IB Publishing Market Data for Security AMZN 
2019-01-25 9:07:46  :: IB Publishing Market Data for Security AAPL 
2019-01-25 9:07:46  :: IB Publishing Market Data for Security CVX 
2019-01-25 9:07:51  :: IB Publishing Market Data for Security AMZN 
2019-01-25 9:07:51  :: IB Publishing Market Data for Security AAPL 
2019-01-25 9:07:51  :: IB Publishing Market Data for Security CVX 
2019-01-25 9:07:56  :: IB Publishing Market Data for Security AMZN 
2019-01-25 9:07:56  :: IB Publishing Market Data for Security AAPL 
2019-01-25 9:07:56  :: IB Publishing Market Data for Security CVX 
2019-01-25 9:08:01  :: IB Publishing Market Data for Security AMZN 
2019-01-25 9:08:01  :: IB Publishing Market Data for Security AAPL 
2019-01-25 9:08:01  :: IB Publishing Market Data for Security CVX 
2019-01-25 9:08:06  :: IB Publishing Market Data for Security AMZN 
2019-01-25 9:08:06  :: IB Publishing Market Data for Security AAPL 
2019-01-25 9:08:06  :: IB Publishing Market Data for Security CVX 
2019-01-25 9:08:11  :: IB Publishing Market Data for Security AMZN 
2019-01-25 9:08:11  :: IB Publishing Market Data for Security AAPL 
2019-01-25 9:08:11  :: IB Publishing Market Data for Security CVX 
2019-01-25 9:08:16  :: IB Publishing Market Data for Security AMZN 
2019-01-25 9:08:16  :: IB Publishing Market Data for Security AAPL 
2019-01-25 9:08:16  :: IB Publishing Market Data for Security CVX 
2019-01-25 9:08:21  :: IB Publishing Market Data for Security AMZN 
2019-01-25 9:08:21  :: IB Publishing Market Data for Security AAPL 
2019-01-25 9:08:21  :: IB Publishing Market Data for Security CVX 
2019-01-25 9:08:26  :: IB Publishing Market Data for Security AMZN 
2019-01-25 9:08:26  :: IB Publishing Market Data for Security AAPL 
2019-01-25 9:08:26  :: IB Publishing Market Data for Security CVX 
2019-01-25 9:08:31  :: IB Publishing Market Data for Security AMZN 
2019-01-25 9:08:31  :: IB Publishing Market Data for Security AAPL 
2019-01-25 9:08:31  :: IB Publishing Market Data for Security CVX 
2019-01-25 9:08:36  :: IB Publishing Market Data for Security AMZN 
2019-01-25 9:08:36  :: IB Publishing Market Data for Security AAPL 
2019-01-25 9:08:36  :: IB Publishing Market Data for Security CVX 
2019-01-25 9:08:41  :: IB Publishing Market Data for Security AMZN 
2019-01-25 9:08:41  :: IB Publishing Market Data for Security AAPL 
2019-01-25 9:08:41  :: IB Publishing Market Data for Security CVX 
2019-01-25 9:08:46  :: IB Publishing Market Data for Security AMZN 
2019-01-25 9:08:46  :: IB Publishing Market Data for Security AAPL 
2019-01-25 9:08:46  :: IB Publishing Market Data for Security CVX 
2019-01-25 9:08:51  :: IB Publishing Market Data for Security AMZN 
2019-01-25 9:08:51  :: IB Publishing Market Data for Security AAPL 
2019-01-25 9:08:51  :: IB Publishing Market Data for Security CVX 
2019-01-25 9:08:56  :: IB Publishing Market Data for Security AMZN 
2019-01-25 9:08:56  :: IB Publishing Market Data for Security AAPL 
2019-01-25 9:08:56  :: IB Publishing Market Data for Security CVX 
2019-01-25 9:09:01  :: IB Publishing Market Data for Security AMZN 
2019-01-25 9:09:01  :: IB Publishing Market Data for Security AAPL 
2019-01-25 9:09:01  :: IB Publishing Market Data for Security CVX 
2019-01-25 9:09:06  :: IB Publishing Market Data for Security AMZN 
2019-01-25 9:09:06  :: IB Publishing Market Data for Security AAPL 
2019-01-25 9:09:06  :: IB Publishing Market Data for Security CVX 
2019-01-25 9:09:11  :: IB Publishing Market Data for Security AMZN 
2019-01-25 9:09:11  :: IB Publishing Market Data for Security AAPL 
2019-01-25 9:09:11  :: IB Publishing Market Data for Security CVX 
2019-01-25 9:09:16  :: IB Publishing Market Data for Security AMZN 
2019-01-25 9:09:16  :: IB Publishing Market Data for Security AAPL 
2019-01-25 9:09:16  :: IB Publishing Market Data for Security CVX 
2019-01-25 9:09:21  :: IB Publishing Market Data for Security AMZN 
2019-01-25 9:09:21  :: IB Publishing Market Data for Security AAPL 
2019-01-25 9:09:21  :: IB Publishing Market Data for Security CVX 
2019-01-25 9:09:26  :: IB Publishing Market Data for Security AMZN 
2019-01-25 9:09:26  :: IB Publishing Market Data for Security AAPL 
2019-01-25 9:09:26  :: IB Publishing Market Data for Security CVX 
2019-01-25 9:09:31  :: IB Publishing Market Data for Security AMZN 
2019-01-25 9:09:31  :: IB Publishing Market Data for Security AAPL 
2019-01-25 9:09:31  :: IB Publishing Market Data for Security CVX 
2019-01-25 9:09:36  :: IB Publishing Market Data for Security AMZN 
2019-01-25 9:09:36  :: IB Publishing Market Data for Security AAPL 
2019-01-25 9:09:36  :: IB Publishing Market Data for Security CVX 
2019-01-25 9:09:41  :: IB Publishing Market Data for Security AMZN 
2019-01-25 9:09:41  :: IB Publishing Market Data for Security AAPL 
2019-01-25 9:09:41  :: IB Publishing Market Data for Security CVX 
2019-01-25 9:09:46  :: IB Publishing Market Data for Security AMZN 
2019-01-25 9:09:46  :: IB Publishing Market Data for Security AAPL 
2019-01-25 9:09:46  :: IB Publishing Market Data for Security CVX 
2019-01-25 9:09:51  :: IB Publishing Market Data for Security AMZN 
2019-01-25 9:09:51  :: IB Publishing Market Data for Security AAPL 
2019-01-25 9:09:51  :: IB Publishing Market Data for Security CVX 
2019-01-25 9:09:56  :: IB Publishing Market Data for Security AMZN 
2019-01-25 9:09:56  :: IB Publishing Market Data for Security AAPL 
2019-01-25 9:09:56  :: IB Publishing Market Data for Security CVX 
2019-01-25 9:10:01  :: IB Publishing Market Data for Security AMZN 
2019-01-25 9:10:01  :: IB Publishing Market Data for Security AAPL 
2019-01-25 9:10:01  :: IB Publishing Market Data for Security CVX 
2019-01-25 9:10:06  :: IB Publishing Market Data for Security AMZN 
2019-01-25 9:10:06  :: IB Publishing Market Data for Security AAPL 
2019-01-25 9:10:06  :: IB Publishing Market Data for Security CVX 
2019-01-25 9:10:11  :: IB Publishing Market Data for Security AMZN 
2019-01-25 9:10:11  :: IB Publishing Market Data for Security AAPL 
2019-01-25 9:10:11  :: IB Publishing Market Data for Security CVX 
2019-01-25 9:10:16  :: IB Publishing Market Data for Security AMZN 
2019-01-25 9:10:16  :: IB Publishing Market Data for Security AAPL 
2019-01-25 9:10:16  :: IB Publishing Market Data for Security CVX 
2019-01-25 9:10:21  :: IB Publishing Market Data for Security AMZN 
2019-01-25 9:10:21  :: IB Publishing Market Data for Security AAPL 
2019-01-25 9:10:21  :: IB Publishing Market Data for Security CVX 
2019-01-25 9:10:26  :: IB Publishing Market Data for Security AMZN 
2019-01-25 9:10:26  :: IB Publishing Market Data for Security AAPL 
2019-01-25 9:10:26  :: IB Publishing Market Data for Security CVX 
2019-01-25 9:10:31  :: IB Publishing Market Data for Security AMZN 
2019-01-25 9:10:31  :: IB Publishing Market Data for Security AAPL 
2019-01-25 9:10:31  :: IB Publishing Market Data for Security CVX 
2019-01-25 9:10:36  :: IB Publishing Market Data for Security AMZN 
2019-01-25 9:10:36  :: IB Publishing Market Data for Security AAPL 
2019-01-25 9:10:36  :: IB Publishing Market Data for Security CVX 
2019-01-25 9:10:41  :: IB Publishing Market Data for Security AMZN 
2019-01-25 9:10:41  :: IB Publishing Market Data for Security AAPL 
2019-01-25 9:10:41  :: IB Publishing Market Data for Security CVX 
2019-01-25 9:10:46  :: IB Publishing Market Data for Security AMZN 
2019-01-25 9:10:46  :: IB Publishing Market Data for Security AAPL 
2019-01-25 9:10:46  :: IB Publishing Market Data for Security CVX 
2019-01-25 9:10:51  :: IB Publishing Market Data for Security AMZN 
2019-01-25 9:10:51  :: IB Publishing Market Data for Security AAPL 
2019-01-25 9:10:51  :: IB Publishing Market Data for Security CVX 
2019-01-25 9:10:56  :: IB Publishing Market Data for Security AMZN 
2019-01-25 9:10:56  :: IB Publishing Market Data for Security AAPL 
2019-01-25 9:10:56  :: IB Publishing Market Data for Security CVX 
2019-01-25 9:11:01  :: IB Publishing Market Data for Security AMZN 
2019-01-25 9:11:01  :: IB Publishing Market Data for Security AAPL 
2019-01-25 9:11:01  :: IB Publishing Market Data for Security CVX 
2019-01-25 9:11:06  :: IB Publishing Market Data for Security AMZN 
2019-01-25 9:11:06  :: IB Publishing Market Data for Security AAPL 
2019-01-25 9:11:06  :: IB Publishing Market Data for Security CVX 
2019-01-25 9:11:11  :: IB Publishing Market Data for Security AMZN 
2019-01-25 9:11:11  :: IB Publishing Market Data for Security AAPL 
2019-01-25 9:11:11  :: IB Publishing Market Data for Security CVX 
2019-01-25 9:11:16  :: IB Publishing Market Data for Security AMZN 
2019-01-25 9:11:16  :: IB Publishing Market Data for Security AAPL 
2019-01-25 9:11:16  :: IB Publishing Market Data for Security CVX 
2019-01-25 9:11:21  :: IB Publishing Market Data for Security AMZN 
2019-01-25 9:11:21  :: IB Publishing Market Data for Security AAPL 
2019-01-25 9:11:21  :: IB Publishing Market Data for Security CVX 
2019-01-25 9:11:26  :: IB Publishing Market Data for Security AMZN 
2019-01-25 9:11:26  :: IB Publishing Market Data for Security AAPL 
2019-01-25 9:11:26  :: IB Publishing Market Data for Security CVX 
2019-01-25 9:11:31  :: IB Publishing Market Data for Security AMZN 
2019-01-25 9:11:31  :: IB Publishing Market Data for Security AAPL 
2019-01-25 9:11:31  :: IB Publishing Market Data for Security CVX 
2019-01-25 9:11:36  :: IB Publishing Market Data for Security AMZN 
2019-01-25 9:11:36  :: IB Publishing Market Data for Security AAPL 
2019-01-25 9:11:36  :: IB Publishing Market Data for Security CVX 
2019-01-25 9:11:41  :: IB Publishing Market Data for Security AMZN 
2019-01-25 9:11:41  :: IB Publishing Market Data for Security AAPL 
2019-01-25 9:11:41  :: IB Publishing Market Data for Security CVX 
2019-01-25 9:11:46  :: IB Publishing Market Data for Security AMZN 
2019-01-25 9:11:46  :: IB Publishing Market Data for Security AAPL 
2019-01-25 9:11:46  :: IB Publishing Market Data for Security CVX 
2019-01-25 9:11:51  :: IB Publishing Market Data for Security AMZN 
2019-01-25 9:11:51  :: IB Publishing Market Data for Security AAPL 
2019-01-25 9:11:51  :: IB Publishing Market Data for Security CVX 
2019-01-25 9:11:56  :: IB Publishing Market Data for Security AMZN 
2019-01-25 9:11:56  :: IB Publishing Market Data for Security AAPL 
2019-01-25 9:11:56  :: IB Publishing Market Data for Security CVX 
2019-01-25 9:12:01  :: IB Publishing Market Data for Security AMZN 
2019-01-25 9:12:01  :: IB Publishing Market Data for Security AAPL 
2019-01-25 9:12:01  :: IB Publishing Market Data for Security CVX 
2019-01-25 9:12:06  :: IB Publishing Market Data for Security AMZN 
2019-01-25 9:12:06  :: IB Publishing Market Data for Security AAPL 
2019-01-25 9:12:06  :: IB Publishing Market Data for Security CVX 
2019-01-25 9:12:11  :: IB Publishing Market Data for Security AMZN 
2019-01-25 9:12:11  :: IB Publishing Market Data for Security AAPL 
2019-01-25 9:12:11  :: IB Publishing Market Data for Security CVX 
2019-01-25 9:12:16  :: IB Publishing Market Data for Security AMZN 
2019-01-25 9:12:16  :: IB Publishing Market Data for Security AAPL 
2019-01-25 9:12:16  :: IB Publishing Market Data for Security CVX 
2019-01-25 9:12:21  :: IB Publishing Market Data for Security AMZN 
2019-01-25 9:12:21  :: IB Publishing Market Data for Security AAPL 
2019-01-25 9:12:21  :: IB Publishing Market Data for Security CVX 
2019-01-25 9:12:26  :: IB Publishing Market Data for Security AMZN 
2019-01-25 9:12:26  :: IB Publishing Market Data for Security AAPL 
2019-01-25 9:12:26  :: IB Publishing Market Data for Security CVX 
2019-01-25 9:12:31  :: IB Publishing Market Data for Security AMZN 
2019-01-25 9:12:31  :: IB Publishing Market Data for Security AAPL 
2019-01-25 9:12:31  :: IB Publishing Market Data for Security CVX 
2019-01-25 9:12:36  :: IB Publishing Market Data for Security AMZN 
2019-01-25 9:12:36  :: IB Publishing Market Data for Security AAPL 
2019-01-25 9:12:36  :: IB Publishing Market Data for Security CVX 
2019-01-25 9:12:41  :: IB Publishing Market Data for Security AMZN 
2019-01-25 9:12:41  :: IB Publishing Market Data for Security AAPL 
2019-01-25 9:12:41  :: IB Publishing Market Data for Security CVX 
2019-01-25 9:12:46  :: IB Publishing Market Data for Security AMZN 
2019-01-25 9:12:46  :: IB Publishing Market Data for Security AAPL 
2019-01-25 9:12:46  :: IB Publishing Market Data for Security CVX 
2019-01-25 9:12:51  :: IB Publishing Market Data for Security AMZN 
2019-01-25 9:12:51  :: IB Publishing Market Data for Security AAPL 
2019-01-25 9:12:51  :: IB Publishing Market Data for Security CVX 
2019-01-25 9:12:56  :: IB Publishing Market Data for Security AMZN 
2019-01-25 9:12:56  :: IB Publishing Market Data for Security AAPL 
2019-01-25 9:12:56  :: IB Publishing Market Data for Security CVX 
2019-01-25 9:13:01  :: IB Publishing Market Data for Security AMZN 
2019-01-25 9:13:01  :: IB Publishing Market Data for Security AAPL 
2019-01-25 9:13:01  :: IB Publishing Market Data for Security CVX 
2019-01-25 9:13:06  :: IB Publishing Market Data for Security AMZN 
2019-01-25 9:13:06  :: IB Publishing Market Data for Security AAPL 
2019-01-25 9:13:06  :: IB Publishing Market Data for Security CVX 
2019-01-25 9:13:11  :: IB Publishing Market Data for Security AMZN 
2019-01-25 9:13:11  :: IB Publishing Market Data for Security AAPL 
2019-01-25 9:13:11  :: IB Publishing Market Data for Security CVX 
2019-01-25 9:13:16  :: IB Publishing Market Data for Security AMZN 
2019-01-25 9:13:16  :: IB Publishing Market Data for Security AAPL 
2019-01-25 9:13:16  :: IB Publishing Market Data for Security CVX 
2019-01-25 9:13:21  :: IB Publishing Market Data for Security AMZN 
2019-01-25 9:13:21  :: IB Publishing Market Data for Security AAPL 
2019-01-25 9:13:21  :: IB Publishing Market Data for Security CVX 
2019-01-25 9:13:26  :: IB Publishing Market Data for Security AMZN 
2019-01-25 9:13:26  :: IB Publishing Market Data for Security AAPL 
2019-01-25 9:13:26  :: IB Publishing Market Data for Security CVX 
2019-01-25 9:13:31  :: IB Publishing Market Data for Security AMZN 
2019-01-25 9:13:31  :: IB Publishing Market Data for Security AAPL 
2019-01-25 9:13:31  :: IB Publishing Market Data for Security CVX 
2019-01-25 9:13:36  :: IB Publishing Market Data for Security AMZN 
2019-01-25 9:13:36  :: IB Publishing Market Data for Security AAPL 
2019-01-25 9:13:36  :: IB Publishing Market Data for Security CVX 
2019-01-25 9:13:41  :: IB Publishing Market Data for Security AMZN 
2019-01-25 9:13:41  :: IB Publishing Market Data for Security AAPL 
2019-01-25 9:13:41  :: IB Publishing Market Data for Security CVX 
2019-01-25 9:13:46  :: IB Publishing Market Data for Security AMZN 
2019-01-25 9:13:46  :: IB Publishing Market Data for Security AAPL 
2019-01-25 9:13:46  :: IB Publishing Market Data for Security CVX 
2019-01-25 9:13:51  :: IB Publishing Market Data for Security AMZN 
2019-01-25 9:13:51  :: IB Publishing Market Data for Security AAPL 
2019-01-25 9:13:51  :: IB Publishing Market Data for Security CVX 
2019-01-25 9:13:56  :: IB Publishing Market Data for Security AMZN 
2019-01-25 9:13:56  :: IB Publishing Market Data for Security AAPL 
2019-01-25 9:13:56  :: IB Publishing Market Data for Security CVX 
2019-01-25 9:14:01  :: IB Publishing Market Data for Security AMZN 
2019-01-25 9:14:01  :: IB Publishing Market Data for Security AAPL 
2019-01-25 9:14:01  :: IB Publishing Market Data for Security CVX 
2019-01-25 9:14:06  :: IB Publishing Market Data for Security AMZN 
2019-01-25 9:14:06  :: IB Publishing Market Data for Security AAPL 
2019-01-25 9:14:06  :: IB Publishing Market Data for Security CVX 
2019-01-25 9:14:11  :: IB Publishing Market Data for Security AMZN 
2019-01-25 9:14:11  :: IB Publishing Market Data for Security AAPL 
2019-01-25 9:14:11  :: IB Publishing Market Data for Security CVX 
2019-01-25 9:14:16  :: IB Publishing Market Data for Security AMZN 
2019-01-25 9:14:16  :: IB Publishing Market Data for Security AAPL 
2019-01-25 9:14:16  :: IB Publishing Market Data for Security CVX 
2019-01-25 9:14:21  :: IB Publishing Market Data for Security AMZN 
2019-01-25 9:14:21  :: IB Publishing Market Data for Security AAPL 
2019-01-25 9:14:21  :: IB Publishing Market Data for Security CVX 
2019-01-25 9:14:26  :: IB Publishing Market Data for Security AMZN 
2019-01-25 9:14:26  :: IB Publishing Market Data for Security AAPL 
2019-01-25 9:14:26  :: IB Publishing Market Data for Security CVX 
2019-01-25 9:15:58  :: 1/25/2019 9:15:58 AMMarketClientBase.LoadConfig
2019-01-25 9:15:58  :: Loading config:.\incomingIB.xml
2019-01-25 9:15:58  :: Processing config:.\incomingIB.xml
2019-01-25 9:15:58  :: Ending GetConfiguracion .\incomingIB.xml
2019-01-25 9:16:00  :: error: ex=No se puede establecer una conexión ya que el equipo de destino denegó expresamente dicha conexión 127.0.0.1:7496   
2019-01-25 9:18:04  :: 1/25/2019 9:18:04 AMMarketClientBase.LoadConfig
2019-01-25 9:18:04  :: Loading config:.\incomingIB.xml
2019-01-25 9:18:04  :: Processing config:.\incomingIB.xml
2019-01-25 9:18:04  :: Ending GetConfiguracion .\incomingIB.xml
2019-01-25 9:18:06  :: error: ex=No se puede establecer una conexión ya que el equipo de destino denegó expresamente dicha conexión 127.0.0.1:7496   
2019-01-25 9:20:34  :: 1/25/2019 9:20:34 AMMarketClientBase.LoadConfig
2019-01-25 9:20:34  :: Loading config:.\incomingIB.xml
2019-01-25 9:20:34  :: Processing config:.\incomingIB.xml
2019-01-25 9:20:34  :: Ending GetConfiguracion .\incomingIB.xml
2019-01-25 9:20:36  :: error: ex=No se puede establecer una conexión ya que el equipo de destino denegó expresamente dicha conexión 127.0.0.1:7496   
2019-01-25 9:21:04  :: 1/25/2019 9:21:04 AMMarketClientBase.LoadConfig
2019-01-25 9:21:04  :: Loading config:.\incomingIB.xml
2019-01-25 9:21:04  :: Processing config:.\incomingIB.xml
2019-01-25 9:21:04  :: Ending GetConfiguracion .\incomingIB.xml
2019-01-25 9:21:06  :: error: ex=No se puede establecer una conexión ya que el equipo de destino denegó expresamente dicha conexión 127.0.0.1:7496   
2019-01-25 9:24:22  :: 1/25/2019 9:24:22 AMMarketClientBase.LoadConfig
2019-01-25 9:24:22  :: Loading config:.\incomingIB.xml
2019-01-25 9:24:22  :: Processing config:.\incomingIB.xml
2019-01-25 9:24:22  :: Ending GetConfiguracion .\incomingIB.xml
2019-01-25 9:24:24  :: error: ex=No se puede establecer una conexión ya que el equipo de destino denegó expresamente dicha conexión 127.0.0.1:7496   
2019-01-25 9:26:29  :: 1/25/2019 9:26:29 AMMarketClientBase.LoadConfig
2019-01-25 9:26:29  :: Loading config:.\incomingIB.xml
2019-01-25 9:26:29  :: Processing config:.\incomingIB.xml
2019-01-25 9:26:29  :: Ending GetConfiguracion .\incomingIB.xml
2019-01-25 9:26:31  :: error: ex=No se puede establecer una conexión ya que el equipo de destino denegó expresamente dicha conexión 127.0.0.1:7496   
2019-01-25 9:27:06  :: 1/25/2019 9:27:06 AMMarketClientBase.LoadConfig
2019-01-25 9:27:06  :: Loading config:.\incomingIB.xml
2019-01-25 9:27:06  :: Processing config:.\incomingIB.xml
2019-01-25 9:27:06  :: Ending GetConfiguracion .\incomingIB.xml
2019-01-25 9:27:08  :: error: ex=No se puede establecer una conexión ya que el equipo de destino denegó expresamente dicha conexión 127.0.0.1:7496   
2019-01-25 9:29:29  :: 1/25/2019 9:29:29 AMMarketClientBase.LoadConfig
2019-01-25 9:29:29  :: Loading config:.\incomingIB.xml
2019-01-25 9:29:29  :: Processing config:.\incomingIB.xml
2019-01-25 9:29:29  :: Ending GetConfiguracion .\incomingIB.xml
2019-01-25 9:29:31  :: error: ex=No se puede establecer una conexión ya que el equipo de destino denegó expresamente dicha conexión 127.0.0.1:7496   
2019-01-25 9:29:39  :: @Instructions Processor IB:Requesting Snapshot+Updates Market Data On Demand for Symbol: XOM
2019-01-25 9:29:39  :: @Instructions Processor IB:Requesting Snapshot+Updates Market Data On Demand for Symbol: AMZN
2019-01-25 9:29:39  :: error: reqId=-1 start=504 end=Not connected  
2019-01-25 9:29:39  :: @Instructions Processor IB:Requesting Snapshot+Updates Market Data On Demand for Symbol: AAPL
2019-01-25 9:29:39  :: error: reqId=-1 start=504 end=Not connected  
2019-01-25 9:29:39  :: error: reqId=-1 start=504 end=Not connected  
2019-01-25 9:29:39  :: @Instructions Processor IB:Requesting Snapshot+Updates Market Data On Demand for Symbol: CVX
2019-01-25 9:29:39  :: error: reqId=-1 start=504 end=Not connected  
2019-01-25 9:29:46  :: IB Publishing Market Data for Security AMZN 
2019-01-25 9:29:46  :: IB Publishing Market Data for Security XOM 
2019-01-25 9:29:46  :: IB Publishing Market Data for Security AAPL 
2019-01-25 9:29:46  :: IB Publishing Market Data for Security CVX 
2019-01-25 9:29:51  :: IB Publishing Market Data for Security AMZN 
2019-01-25 9:29:51  :: IB Publishing Market Data for Security XOM 
2019-01-25 9:29:51  :: IB Publishing Market Data for Security AAPL 
2019-01-25 9:29:51  :: IB Publishing Market Data for Security CVX 
2019-01-25 9:29:56  :: IB Publishing Market Data for Security AMZN 
2019-01-25 9:29:56  :: IB Publishing Market Data for Security XOM 
2019-01-25 9:29:56  :: IB Publishing Market Data for Security AAPL 
2019-01-25 9:29:56  :: IB Publishing Market Data for Security CVX 
2019-01-25 9:30:01  :: IB Publishing Market Data for Security AMZN 
2019-01-25 9:30:01  :: IB Publishing Market Data for Security XOM 
2019-01-25 9:30:01  :: IB Publishing Market Data for Security AAPL 
2019-01-25 9:30:01  :: IB Publishing Market Data for Security CVX 
2019-01-25 9:30:06  :: IB Publishing Market Data for Security AMZN 
2019-01-25 9:30:06  :: IB Publishing Market Data for Security XOM 
2019-01-25 9:30:06  :: IB Publishing Market Data for Security AAPL 
2019-01-25 9:30:06  :: IB Publishing Market Data for Security CVX 
2019-01-25 9:35:29  :: 1/25/2019 9:35:29 AMMarketClientBase.LoadConfig
2019-01-25 9:35:29  :: Loading config:.\incomingIB.xml
2019-01-25 9:35:29  :: Processing config:.\incomingIB.xml
2019-01-25 9:35:29  :: Ending GetConfiguracion .\incomingIB.xml
2019-01-25 9:35:31  :: error: ex=No se puede establecer una conexión ya que el equipo de destino denegó expresamente dicha conexión 127.0.0.1:7496   
2019-01-25 9:35:35  :: @Instructions Processor IB:Requesting Snapshot+Updates Market Data On Demand for Symbol: AMZN
2019-01-25 9:35:35  :: @Instructions Processor IB:Requesting Snapshot+Updates Market Data On Demand for Symbol: XOM
2019-01-25 9:35:35  :: @Instructions Processor IB:Requesting Snapshot+Updates Market Data On Demand for Symbol: CVX
2019-01-25 9:35:35  :: error: reqId=-1 start=504 end=Not connected  
2019-01-25 9:35:35  :: error: reqId=-1 start=504 end=Not connected  
2019-01-25 9:35:35  :: @Instructions Processor IB:Requesting Snapshot+Updates Market Data On Demand for Symbol: AAPL
2019-01-25 9:35:35  :: error: reqId=-1 start=504 end=Not connected  
2019-01-25 9:35:36  :: IB Publishing Market Data for Security AMZN 
2019-01-25 9:35:36  :: IB Publishing Market Data for Security CVX 
2019-01-25 9:35:36  :: IB Publishing Market Data for Security AAPL 
2019-01-25 9:35:41  :: IB Publishing Market Data for Security AMZN 
2019-01-25 9:35:41  :: IB Publishing Market Data for Security CVX 
2019-01-25 9:35:41  :: IB Publishing Market Data for Security AAPL 
2019-01-25 9:35:46  :: IB Publishing Market Data for Security AMZN 
2019-01-25 9:35:46  :: IB Publishing Market Data for Security CVX 
2019-01-25 9:35:46  :: IB Publishing Market Data for Security AAPL 
2019-01-25 9:35:51  :: IB Publishing Market Data for Security AMZN 
2019-01-25 9:35:51  :: IB Publishing Market Data for Security CVX 
2019-01-25 9:35:51  :: IB Publishing Market Data for Security AAPL 
2019-01-25 9:35:56  :: IB Publishing Market Data for Security AMZN 
2019-01-25 9:35:56  :: IB Publishing Market Data for Security CVX 
2019-01-25 9:35:56  :: IB Publishing Market Data for Security AAPL 
2019-01-25 9:36:01  :: IB Publishing Market Data for Security AMZN 
2019-01-25 9:36:01  :: IB Publishing Market Data for Security CVX 
2019-01-25 9:36:01  :: IB Publishing Market Data for Security AAPL 
2019-01-25 9:36:06  :: IB Publishing Market Data for Security AMZN 
2019-01-25 9:36:06  :: IB Publishing Market Data for Security CVX 
2019-01-25 9:36:06  :: IB Publishing Market Data for Security AAPL 
2019-01-25 9:36:11  :: IB Publishing Market Data for Security AMZN 
2019-01-25 9:36:11  :: IB Publishing Market Data for Security CVX 
2019-01-25 9:36:11  :: IB Publishing Market Data for Security AAPL 
2019-01-25 9:36:16  :: IB Publishing Market Data for Security AMZN 
2019-01-25 9:36:16  :: IB Publishing Market Data for Security CVX 
2019-01-25 9:36:16  :: IB Publishing Market Data for Security AAPL 
2019-01-25 9:36:21  :: IB Publishing Market Data for Security AMZN 
2019-01-25 9:36:21  :: IB Publishing Market Data for Security CVX 
2019-01-25 9:36:21  :: IB Publishing Market Data for Security AAPL 
2019-01-25 9:36:26  :: IB Publishing Market Data for Security AMZN 
2019-01-25 9:36:26  :: IB Publishing Market Data for Security CVX 
2019-01-25 9:36:26  :: IB Publishing Market Data for Security AAPL 
2019-01-25 9:36:31  :: IB Publishing Market Data for Security AMZN 
2019-01-25 9:36:31  :: IB Publishing Market Data for Security CVX 
2019-01-25 9:36:31  :: IB Publishing Market Data for Security AAPL 
2019-01-25 9:36:36  :: IB Publishing Market Data for Security AMZN 
2019-01-25 9:36:36  :: IB Publishing Market Data for Security CVX 
2019-01-25 9:36:36  :: IB Publishing Market Data for Security AAPL 
2019-01-25 9:39:49  :: 1/25/2019 9:39:49 AMMarketClientBase.LoadConfig
2019-01-25 9:39:49  :: Loading config:.\incomingIB.xml
2019-01-25 9:39:49  :: Processing config:.\incomingIB.xml
2019-01-25 9:39:49  :: Ending GetConfiguracion .\incomingIB.xml
2019-01-25 9:39:51  :: error: ex=No se puede establecer una conexión ya que el equipo de destino denegó expresamente dicha conexión 127.0.0.1:7496   
2019-01-25 9:40:59  :: 1/25/2019 9:40:59 AMMarketClientBase.LoadConfig
2019-01-25 9:40:59  :: Loading config:.\incomingIB.xml
2019-01-25 9:40:59  :: Processing config:.\incomingIB.xml
2019-01-25 9:40:59  :: Ending GetConfiguracion .\incomingIB.xml
2019-01-25 9:41:01  :: error: ex=No se puede establecer una conexión ya que el equipo de destino denegó expresamente dicha conexión 127.0.0.1:7496   
2019-01-25 9:41:06  :: @Instructions Processor IB:Requesting Snapshot+Updates Market Data On Demand for Symbol: AMZN
2019-01-25 9:41:06  :: @Instructions Processor IB:Requesting Snapshot+Updates Market Data On Demand for Symbol: XOM
2019-01-25 9:41:06  :: error: reqId=-1 start=504 end=Not connected  
2019-01-25 9:41:06  :: @Instructions Processor IB:Requesting Snapshot+Updates Market Data On Demand for Symbol: AAPL
2019-01-25 9:41:06  :: error: reqId=-1 start=504 end=Not connected  
2019-01-25 9:41:06  :: error: reqId=-1 start=504 end=Not connected  
2019-01-25 9:41:06  :: @Instructions Processor IB:Requesting Snapshot+Updates Market Data On Demand for Symbol: CVX
2019-01-25 9:41:06  :: error: reqId=-1 start=504 end=Not connected  
2019-01-25 9:41:07  :: IB Publishing Market Data for Security AMZN 
2019-01-25 9:41:07  :: IB Publishing Market Data for Security XOM 
2019-01-25 9:41:07  :: IB Publishing Market Data for Security AAPL 
2019-01-25 9:41:07  :: IB Publishing Market Data for Security CVX 
2019-01-25 9:41:12  :: IB Publishing Market Data for Security AMZN 
2019-01-25 9:41:12  :: IB Publishing Market Data for Security XOM 
2019-01-25 9:41:12  :: IB Publishing Market Data for Security AAPL 
2019-01-25 9:41:12  :: IB Publishing Market Data for Security CVX 
2019-01-25 9:41:17  :: IB Publishing Market Data for Security AMZN 
2019-01-25 9:41:17  :: IB Publishing Market Data for Security XOM 
2019-01-25 9:41:17  :: IB Publishing Market Data for Security AAPL 
2019-01-25 9:41:17  :: IB Publishing Market Data for Security CVX 
2019-01-25 9:41:22  :: IB Publishing Market Data for Security AMZN 
2019-01-25 9:41:22  :: IB Publishing Market Data for Security XOM 
2019-01-25 9:41:22  :: IB Publishing Market Data for Security AAPL 
2019-01-25 9:41:22  :: IB Publishing Market Data for Security CVX 
