2019-01-24 11:36:01  :: 24/1/2019 11:36:01MainApp.LoadConfig
2019-01-24 11:36:01  :: Loading config:C:\Users\zimzum\Desktop\Projects\Seeking Bias\HFTPlatform\hftplatform\HFTPlatform\PairAlgoTradingDemo\bin\Debug\config.xml
2019-01-24 11:36:01  :: Proccessing config:C:\Users\zimzum\Desktop\Projects\Seeking Bias\HFTPlatform\hftplatform\HFTPlatform\PairAlgoTradingDemo\bin\Debug\config.xml
2019-01-24 11:36:01  :: Fin GetConfiguracion
2019-01-24 11:36:05  :: Initializing Log
2019-01-24 11:36:05  :: Initializing Incoming Module
2019-01-24 11:36:07  :: Incoming Module successfully initialized
2019-01-24 11:36:07  :: Initializing Outgoing Module
2019-01-24 11:36:57  :: 24/1/2019 11:36:57MainApp.LoadConfig
2019-01-24 11:36:57  :: Loading config:C:\Users\zimzum\Desktop\Projects\Seeking Bias\HFTPlatform\hftplatform\HFTPlatform\PairAlgoTradingDemo\bin\Debug\config.xml
2019-01-24 11:36:57  :: Proccessing config:C:\Users\zimzum\Desktop\Projects\Seeking Bias\HFTPlatform\hftplatform\HFTPlatform\PairAlgoTradingDemo\bin\Debug\config.xml
2019-01-24 11:36:57  :: Fin GetConfiguracion
2019-01-24 11:36:57  :: Initializing Log
2019-01-24 11:36:57  :: Initializing Incoming Module
2019-01-24 11:36:59  :: Incoming Module successfully initialized
2019-01-24 11:36:59  :: Initializing Outgoing Module
2019-01-24 11:37:39  :: 24/1/2019 11:37:39MainApp.LoadConfig
2019-01-24 11:37:39  :: Loading config:C:\Users\zimzum\Desktop\Projects\Seeking Bias\HFTPlatform\hftplatform\HFTPlatform\PairAlgoTradingDemo\bin\Debug\config.xml
2019-01-24 11:37:39  :: Proccessing config:C:\Users\zimzum\Desktop\Projects\Seeking Bias\HFTPlatform\hftplatform\HFTPlatform\PairAlgoTradingDemo\bin\Debug\config.xml
2019-01-24 11:37:40  :: Fin GetConfiguracion
2019-01-24 11:37:40  :: Initializing Log
2019-01-24 11:37:40  :: Initializing Incoming Module
2019-01-24 11:37:42  :: Incoming Module successfully initialized
2019-01-24 11:37:42  :: Initializing Outgoing Module
2019-01-24 11:39:07  :: 24/1/2019 11:39:07MainApp.LoadConfig
2019-01-24 11:39:07  :: Loading config:C:\Users\zimzum\Desktop\Projects\Seeking Bias\HFTPlatform\hftplatform\HFTPlatform\PairAlgoTradingDemo\bin\Debug\config.xml
2019-01-24 11:39:07  :: Proccessing config:C:\Users\zimzum\Desktop\Projects\Seeking Bias\HFTPlatform\hftplatform\HFTPlatform\PairAlgoTradingDemo\bin\Debug\config.xml
2019-01-24 11:39:07  :: Fin GetConfiguracion
2019-01-24 11:39:07  :: Initializing Log
2019-01-24 11:39:07  :: Initializing Incoming Module
2019-01-24 11:39:09  :: Incoming Module successfully initialized
2019-01-24 11:39:09  :: Initializing Outgoing Module
2019-01-24 11:39:26  :: Outgoing Module successfully initialized
2019-01-24 11:39:59  :: 24/1/2019 11:39:59MainApp.LoadConfig
2019-01-24 11:39:59  :: Loading config:C:\Users\zimzum\Desktop\Projects\Seeking Bias\HFTPlatform\hftplatform\HFTPlatform\PairAlgoTradingDemo\bin\Debug\config.xml
2019-01-24 11:39:59  :: Proccessing config:C:\Users\zimzum\Desktop\Projects\Seeking Bias\HFTPlatform\hftplatform\HFTPlatform\PairAlgoTradingDemo\bin\Debug\config.xml
2019-01-24 11:39:59  :: Fin GetConfiguracion
2019-01-24 11:39:59  :: Initializing Log
2019-01-24 11:39:59  :: Initializing Incoming Module
2019-01-24 11:40:01  :: Incoming Module successfully initialized
2019-01-24 11:40:01  :: Initializing Outgoing Module
2019-01-24 11:40:07  :: Outgoing Module successfully initialized
2019-01-24 12:19:53  :: 24/1/2019 12:19:53MainApp.LoadConfig
2019-01-24 12:19:53  :: Loading config:C:\Users\zimzum\Desktop\Projects\Seeking Bias\HFTPlatform\hftplatform\HFTPlatform\PairAlgoTradingDemo\bin\Debug\config.xml
2019-01-24 12:19:53  :: Proccessing config:C:\Users\zimzum\Desktop\Projects\Seeking Bias\HFTPlatform\hftplatform\HFTPlatform\PairAlgoTradingDemo\bin\Debug\config.xml
2019-01-24 12:19:53  :: Fin GetConfiguracion
2019-01-24 12:19:56  :: Initializing Log
2019-01-24 12:19:56  :: Initializing Incoming Module
2019-01-24 12:19:59  :: Incoming Module successfully initialized
2019-01-24 12:19:59  :: Initializing Outgoing Module
2019-01-24 12:20:46  :: 24/1/2019 12:20:46MainApp.LoadConfig
2019-01-24 12:20:46  :: Loading config:C:\Users\zimzum\Desktop\Projects\Seeking Bias\HFTPlatform\hftplatform\HFTPlatform\PairAlgoTradingDemo\bin\Debug\config.xml
2019-01-24 12:20:46  :: Proccessing config:C:\Users\zimzum\Desktop\Projects\Seeking Bias\HFTPlatform\hftplatform\HFTPlatform\PairAlgoTradingDemo\bin\Debug\config.xml
2019-01-24 12:20:47  :: Fin GetConfiguracion
2019-01-24 12:20:47  :: Initializing Log
2019-01-24 12:20:47  :: Initializing Incoming Module
2019-01-24 12:20:49  :: Incoming Module successfully initialized
2019-01-24 12:20:49  :: Initializing Outgoing Module
2019-01-24 12:22:37  :: 24/1/2019 12:22:37MainApp.LoadConfig
2019-01-24 12:22:37  :: Loading config:C:\Users\zimzum\Desktop\Projects\Seeking Bias\HFTPlatform\hftplatform\HFTPlatform\PairAlgoTradingDemo\bin\Debug\config.xml
2019-01-24 12:22:37  :: Proccessing config:C:\Users\zimzum\Desktop\Projects\Seeking Bias\HFTPlatform\hftplatform\HFTPlatform\PairAlgoTradingDemo\bin\Debug\config.xml
2019-01-24 12:22:38  :: Fin GetConfiguracion
2019-01-24 12:22:39  :: Initializing Log
2019-01-24 12:22:39  :: Initializing Incoming Module
2019-01-24 12:22:41  :: Incoming Module successfully initialized
2019-01-24 12:22:41  :: Initializing Outgoing Module
2019-01-24 12:22:52  :: Outgoing Module successfully initialized
2019-01-24 12:25:22  :: 24/1/2019 12:25:22MainApp.LoadConfig
2019-01-24 12:25:22  :: Loading config:C:\Users\zimzum\Desktop\Projects\Seeking Bias\HFTPlatform\hftplatform\HFTPlatform\PairAlgoTradingDemo\bin\Debug\config.xml
2019-01-24 12:25:22  :: Proccessing config:C:\Users\zimzum\Desktop\Projects\Seeking Bias\HFTPlatform\hftplatform\HFTPlatform\PairAlgoTradingDemo\bin\Debug\config.xml
2019-01-24 12:25:22  :: Fin GetConfiguracion
2019-01-24 12:25:22  :: Initializing Log
2019-01-24 12:25:22  :: Initializing Incoming Module
2019-01-24 12:25:25  :: Incoming Module successfully initialized
2019-01-24 12:25:25  :: Initializing Outgoing Module
2019-01-24 12:25:27  :: Outgoing Module successfully initialized
2019-01-24 13:43:03  :: 24/1/2019 13:43:03MainApp.LoadConfig
2019-01-24 13:43:03  :: Loading config:C:\Users\zimzum\Desktop\Projects\Seeking Bias\HFTPlatform\hftplatform\HFTPlatform\PairAlgoTradingDemo\bin\Debug\config.xml
2019-01-24 13:43:03  :: Proccessing config:C:\Users\zimzum\Desktop\Projects\Seeking Bias\HFTPlatform\hftplatform\HFTPlatform\PairAlgoTradingDemo\bin\Debug\config.xml
2019-01-24 13:43:03  :: Fin GetConfiguracion
2019-01-24 13:43:03  :: Initializing Log
2019-01-24 13:43:03  :: Initializing Incoming Module
2019-01-24 13:43:06  :: Incoming Module successfully initialized
2019-01-24 13:43:06  :: Initializing Outgoing Module
2019-01-24 13:43:09  :: Outgoing Module successfully initialized
2019-01-24 13:46:19  :: 24/1/2019 13:46:19MainApp.LoadConfig
2019-01-24 13:46:19  :: Loading config:C:\Users\zimzum\Desktop\Projects\Seeking Bias\HFTPlatform\hftplatform\HFTPlatform\PairAlgoTradingDemo\bin\Debug\config.xml
2019-01-24 13:46:19  :: Proccessing config:C:\Users\zimzum\Desktop\Projects\Seeking Bias\HFTPlatform\hftplatform\HFTPlatform\PairAlgoTradingDemo\bin\Debug\config.xml
2019-01-24 13:46:19  :: Fin GetConfiguracion
2019-01-24 13:46:19  :: Initializing Log
2019-01-24 13:46:19  :: Initializing Incoming Module
2019-01-24 13:46:21  :: Incoming Module successfully initialized
2019-01-24 13:46:21  :: Initializing Outgoing Module
2019-01-24 13:46:24  :: Outgoing Module successfully initialized
2019-01-24 13:47:04  :: 24/1/2019 13:47:04MainApp.LoadConfig
2019-01-24 13:47:04  :: Loading config:C:\Users\zimzum\Desktop\Projects\Seeking Bias\HFTPlatform\hftplatform\HFTPlatform\PairAlgoTradingDemo\bin\Debug\config.xml
2019-01-24 13:47:04  :: Proccessing config:C:\Users\zimzum\Desktop\Projects\Seeking Bias\HFTPlatform\hftplatform\HFTPlatform\PairAlgoTradingDemo\bin\Debug\config.xml
2019-01-24 13:47:04  :: Fin GetConfiguracion
2019-01-24 13:47:04  :: Initializing Log
2019-01-24 13:47:04  :: Initializing Incoming Module
2019-01-24 13:47:06  :: Incoming Module successfully initialized
2019-01-24 13:47:06  :: Initializing Outgoing Module
2019-01-24 13:47:09  :: Outgoing Module successfully initialized
2019-01-24 14:03:57  :: 24/1/2019 14:03:57MainApp.LoadConfig
2019-01-24 14:03:57  :: Loading config:C:\Users\zimzum\Desktop\Projects\Seeking Bias\HFTPlatform\hftplatform\HFTPlatform\PairAlgoTradingDemo\bin\Debug\config.xml
2019-01-24 14:03:57  :: Proccessing config:C:\Users\zimzum\Desktop\Projects\Seeking Bias\HFTPlatform\hftplatform\HFTPlatform\PairAlgoTradingDemo\bin\Debug\config.xml
2019-01-24 14:03:57  :: Fin GetConfiguracion
2019-01-24 14:04:02  :: Initializing Log
2019-01-24 14:04:02  :: Initializing Incoming Module
2019-01-24 14:04:04  :: Incoming Module successfully initialized
2019-01-24 14:04:04  :: Initializing Outgoing Module
2019-01-24 14:04:07  :: Outgoing Module successfully initialized
2019-01-24 14:08:23  :: 24/1/2019 14:08:23MainApp.LoadConfig
2019-01-24 14:08:23  :: Loading config:C:\Users\zimzum\Desktop\Projects\Seeking Bias\HFTPlatform\hftplatform\HFTPlatform\PairAlgoTradingDemo\bin\Debug\config.xml
2019-01-24 14:08:23  :: Proccessing config:C:\Users\zimzum\Desktop\Projects\Seeking Bias\HFTPlatform\hftplatform\HFTPlatform\PairAlgoTradingDemo\bin\Debug\config.xml
2019-01-24 14:08:24  :: Fin GetConfiguracion
2019-01-24 14:08:24  :: Initializing Log
2019-01-24 14:08:24  :: Initializing Incoming Module
2019-01-24 14:08:26  :: Incoming Module successfully initialized
2019-01-24 14:08:26  :: Initializing Outgoing Module
2019-01-24 14:08:28  :: Outgoing Module successfully initialized
2019-01-24 14:10:02  :: 24/1/2019 14:10:02MainApp.LoadConfig
2019-01-24 14:10:02  :: Loading config:C:\Users\zimzum\Desktop\Projects\Seeking Bias\HFTPlatform\hftplatform\HFTPlatform\PairAlgoTradingDemo\bin\Debug\config.xml
2019-01-24 14:10:02  :: Proccessing config:C:\Users\zimzum\Desktop\Projects\Seeking Bias\HFTPlatform\hftplatform\HFTPlatform\PairAlgoTradingDemo\bin\Debug\config.xml
2019-01-24 14:10:03  :: Fin GetConfiguracion
2019-01-24 14:10:03  :: Initializing Log
2019-01-24 14:10:03  :: Initializing Incoming Module
2019-01-24 14:10:05  :: Incoming Module successfully initialized
2019-01-24 14:10:05  :: Initializing Outgoing Module
2019-01-24 14:10:07  :: Outgoing Module successfully initialized
2019-01-24 14:26:07  :: 24/1/2019 14:26:07MainApp.LoadConfig
2019-01-24 14:26:07  :: Loading config:C:\Users\zimzum\Desktop\Projects\Seeking Bias\HFTPlatform\hftplatform\HFTPlatform\PairAlgoTradingDemo\bin\Debug\config.xml
2019-01-24 14:26:07  :: Proccessing config:C:\Users\zimzum\Desktop\Projects\Seeking Bias\HFTPlatform\hftplatform\HFTPlatform\PairAlgoTradingDemo\bin\Debug\config.xml
2019-01-24 14:26:07  :: Fin GetConfiguracion
2019-01-24 14:27:05  :: 24/1/2019 14:27:05MainApp.LoadConfig
2019-01-24 14:27:05  :: Loading config:C:\Users\zimzum\Desktop\Projects\Seeking Bias\HFTPlatform\hftplatform\HFTPlatform\PairAlgoTradingDemo\bin\Debug\config.xml
2019-01-24 14:27:05  :: Proccessing config:C:\Users\zimzum\Desktop\Projects\Seeking Bias\HFTPlatform\hftplatform\HFTPlatform\PairAlgoTradingDemo\bin\Debug\config.xml
2019-01-24 14:27:05  :: Fin GetConfiguracion
2019-01-24 14:27:05  :: Initializing Log
2019-01-24 14:27:05  :: Initializing Incoming Module
2019-01-24 14:27:06  :: Incoming Module successfully initialized
2019-01-24 14:27:06  :: Initializing Outgoing Module
2019-01-24 14:27:09  :: Outgoing Module successfully initialized
2019-01-24 14:27:44  :: 24/1/2019 14:27:44MainApp.LoadConfig
2019-01-24 14:27:44  :: Loading config:C:\Users\zimzum\Desktop\Projects\Seeking Bias\HFTPlatform\hftplatform\HFTPlatform\PairAlgoTradingDemo\bin\Debug\config.xml
2019-01-24 14:27:44  :: Proccessing config:C:\Users\zimzum\Desktop\Projects\Seeking Bias\HFTPlatform\hftplatform\HFTPlatform\PairAlgoTradingDemo\bin\Debug\config.xml
2019-01-24 14:27:45  :: Fin GetConfiguracion
2019-01-24 14:27:45  :: Initializing Log
2019-01-24 14:27:45  :: Initializing Incoming Module
2019-01-24 14:27:45  :: Incoming Module successfully initialized
2019-01-24 14:27:45  :: Initializing Outgoing Module
2019-01-24 14:27:48  :: Outgoing Module successfully initialized
2019-01-24 14:30:18  :: 24/1/2019 14:30:18MainApp.LoadConfig
2019-01-24 14:30:18  :: Loading config:C:\Users\zimzum\Desktop\Projects\Seeking Bias\HFTPlatform\hftplatform\HFTPlatform\PairAlgoTradingDemo\bin\Debug\config.xml
2019-01-24 14:30:18  :: Proccessing config:C:\Users\zimzum\Desktop\Projects\Seeking Bias\HFTPlatform\hftplatform\HFTPlatform\PairAlgoTradingDemo\bin\Debug\config.xml
2019-01-24 14:30:18  :: Fin GetConfiguracion
2019-01-24 14:30:18  :: Initializing Log
2019-01-24 14:30:18  :: Initializing Incoming Module
2019-01-24 14:30:19  :: Incoming Module successfully initialized
2019-01-24 14:30:19  :: Initializing Outgoing Module
2019-01-24 14:30:22  :: Outgoing Module successfully initialized
2019-01-24 14:33:29  :: 24/1/2019 14:33:29MainApp.LoadConfig
2019-01-24 14:33:29  :: Loading config:C:\Users\zimzum\Desktop\Projects\Seeking Bias\HFTPlatform\hftplatform\HFTPlatform\PairAlgoTradingDemo\bin\Debug\config.xml
2019-01-24 14:33:29  :: Proccessing config:C:\Users\zimzum\Desktop\Projects\Seeking Bias\HFTPlatform\hftplatform\HFTPlatform\PairAlgoTradingDemo\bin\Debug\config.xml
2019-01-24 14:33:29  :: Fin GetConfiguracion
2019-01-24 14:33:29  :: Initializing Log
2019-01-24 14:33:29  :: Initializing Incoming Module
2019-01-24 14:33:30  :: Incoming Module successfully initialized
2019-01-24 14:33:30  :: Initializing Outgoing Module
2019-01-24 14:33:32  :: Outgoing Module successfully initialized
2019-01-24 14:37:02  :: 24/1/2019 14:37:02MainApp.LoadConfig
2019-01-24 14:37:02  :: Loading config:C:\Users\zimzum\Desktop\Projects\Seeking Bias\HFTPlatform\hftplatform\HFTPlatform\PairAlgoTradingDemo\bin\Debug\config.xml
2019-01-24 14:37:02  :: Proccessing config:C:\Users\zimzum\Desktop\Projects\Seeking Bias\HFTPlatform\hftplatform\HFTPlatform\PairAlgoTradingDemo\bin\Debug\config.xml
2019-01-24 14:37:02  :: Fin GetConfiguracion
2019-01-24 14:37:03  :: Initializing Log
2019-01-24 14:37:03  :: Initializing Incoming Module
2019-01-24 14:37:03  :: Incoming Module successfully initialized
2019-01-24 14:37:03  :: Initializing Outgoing Module
2019-01-24 14:37:06  :: Outgoing Module successfully initialized
2019-01-24 15:03:03  :: 24/1/2019 15:03:03MainApp.LoadConfig
2019-01-24 15:03:03  :: Loading config:C:\Users\zimzum\Desktop\Projects\Seeking Bias\HFTPlatform\hftplatform\HFTPlatform\PairAlgoTradingDemo\bin\Debug\config.xml
2019-01-24 15:03:03  :: Proccessing config:C:\Users\zimzum\Desktop\Projects\Seeking Bias\HFTPlatform\hftplatform\HFTPlatform\PairAlgoTradingDemo\bin\Debug\config.xml
2019-01-24 15:03:03  :: Fin GetConfiguracion
2019-01-24 15:03:07  :: Initializing Log
2019-01-24 15:03:07  :: Initializing Incoming Module
2019-01-24 15:03:07  :: Incoming Module successfully initialized
2019-01-24 15:03:07  :: Initializing Outgoing Module
2019-01-24 15:03:08  :: Outgoing Module successfully initialized
2019-01-24 15:03:59  :: 24/1/2019 15:03:59MainApp.LoadConfig
2019-01-24 15:03:59  :: Loading config:C:\Users\zimzum\Desktop\Projects\Seeking Bias\HFTPlatform\hftplatform\HFTPlatform\PairAlgoTradingDemo\bin\Debug\config.xml
2019-01-24 15:03:59  :: Proccessing config:C:\Users\zimzum\Desktop\Projects\Seeking Bias\HFTPlatform\hftplatform\HFTPlatform\PairAlgoTradingDemo\bin\Debug\config.xml
2019-01-24 15:04:00  :: Fin GetConfiguracion
2019-01-24 15:04:00  :: Initializing Log
2019-01-24 15:04:00  :: Initializing Incoming Module
2019-01-24 15:04:00  :: Incoming Module successfully initialized
2019-01-24 15:04:00  :: Initializing Outgoing Module
2019-01-24 15:04:01  :: Outgoing Module successfully initialized
2019-01-24 15:08:14  :: 24/1/2019 15:08:14MainApp.LoadConfig
2019-01-24 15:08:14  :: Loading config:C:\Users\zimzum\Desktop\Projects\Seeking Bias\HFTPlatform\hftplatform\HFTPlatform\PairAlgoTradingDemo\bin\Debug\config.xml
2019-01-24 15:08:14  :: Proccessing config:C:\Users\zimzum\Desktop\Projects\Seeking Bias\HFTPlatform\hftplatform\HFTPlatform\PairAlgoTradingDemo\bin\Debug\config.xml
2019-01-24 15:08:14  :: Fin GetConfiguracion
2019-01-24 15:08:14  :: Initializing Log
2019-01-24 15:08:14  :: Initializing Incoming Module
2019-01-24 15:08:14  :: Incoming Module successfully initialized
2019-01-24 15:08:14  :: Initializing Outgoing Module
2019-01-24 15:08:15  :: Outgoing Module successfully initialized
2019-01-24 15:09:59  :: 24/1/2019 15:09:59MainApp.LoadConfig
2019-01-24 15:09:59  :: Loading config:C:\Users\zimzum\Desktop\Projects\Seeking Bias\HFTPlatform\hftplatform\HFTPlatform\PairAlgoTradingDemo\bin\Debug\config.xml
2019-01-24 15:09:59  :: Proccessing config:C:\Users\zimzum\Desktop\Projects\Seeking Bias\HFTPlatform\hftplatform\HFTPlatform\PairAlgoTradingDemo\bin\Debug\config.xml
2019-01-24 15:09:59  :: Fin GetConfiguracion
2019-01-24 15:09:59  :: Initializing Log
2019-01-24 15:09:59  :: Initializing Incoming Module
2019-01-24 15:09:59  :: Incoming Module successfully initialized
2019-01-24 15:09:59  :: Initializing Outgoing Module
2019-01-24 15:10:00  :: Outgoing Module successfully initialized
2019-01-24 15:11:25  :: 24/1/2019 15:11:25MainApp.LoadConfig
2019-01-24 15:11:25  :: Loading config:C:\Users\zimzum\Desktop\Projects\Seeking Bias\HFTPlatform\hftplatform\HFTPlatform\PairAlgoTradingDemo\bin\Debug\config.xml
2019-01-24 15:11:25  :: Proccessing config:C:\Users\zimzum\Desktop\Projects\Seeking Bias\HFTPlatform\hftplatform\HFTPlatform\PairAlgoTradingDemo\bin\Debug\config.xml
2019-01-24 15:11:25  :: Fin GetConfiguracion
2019-01-24 15:11:25  :: Initializing Log
2019-01-24 15:11:25  :: Initializing Incoming Module
2019-01-24 15:11:25  :: Incoming Module successfully initialized
2019-01-24 15:11:25  :: Initializing Outgoing Module
2019-01-24 15:11:26  :: Outgoing Module successfully initialized
2019-01-24 15:11:57  :: 24/1/2019 15:11:57MainApp.LoadConfig
2019-01-24 15:11:57  :: Loading config:C:\Users\zimzum\Desktop\Projects\Seeking Bias\HFTPlatform\hftplatform\HFTPlatform\PairAlgoTradingDemo\bin\Debug\config.xml
2019-01-24 15:11:57  :: Proccessing config:C:\Users\zimzum\Desktop\Projects\Seeking Bias\HFTPlatform\hftplatform\HFTPlatform\PairAlgoTradingDemo\bin\Debug\config.xml
2019-01-24 15:11:57  :: Fin GetConfiguracion
2019-01-24 15:11:57  :: Initializing Log
2019-01-24 15:11:57  :: Initializing Incoming Module
2019-01-24 15:11:57  :: Incoming Module successfully initialized
2019-01-24 15:11:57  :: Initializing Outgoing Module
2019-01-24 15:11:58  :: Outgoing Module successfully initialized
2019-01-24 15:18:09  :: 24/1/2019 15:18:09MainApp.LoadConfig
2019-01-24 15:18:09  :: Loading config:C:\Users\zimzum\Desktop\Projects\Seeking Bias\HFTPlatform\hftplatform\HFTPlatform\PairAlgoTradingDemo\bin\Debug\config.xml
2019-01-24 15:18:09  :: Proccessing config:C:\Users\zimzum\Desktop\Projects\Seeking Bias\HFTPlatform\hftplatform\HFTPlatform\PairAlgoTradingDemo\bin\Debug\config.xml
2019-01-24 15:18:09  :: Fin GetConfiguracion
2019-01-24 15:18:09  :: Initializing Log
2019-01-24 15:18:09  :: Initializing Incoming Module
2019-01-24 15:18:09  :: Incoming Module successfully initialized
2019-01-24 15:18:09  :: Initializing Outgoing Module
2019-01-24 15:18:10  :: Outgoing Module successfully initialized
2019-01-24 15:22:30  :: 24/1/2019 15:22:30MainApp.LoadConfig
2019-01-24 15:22:30  :: Loading config:C:\Users\zimzum\Desktop\Projects\Seeking Bias\HFTPlatform\hftplatform\HFTPlatform\PairAlgoTradingDemo\bin\Debug\config.xml
2019-01-24 15:22:30  :: Proccessing config:C:\Users\zimzum\Desktop\Projects\Seeking Bias\HFTPlatform\hftplatform\HFTPlatform\PairAlgoTradingDemo\bin\Debug\config.xml
2019-01-24 15:22:30  :: Fin GetConfiguracion
2019-01-24 15:22:30  :: Initializing Log
2019-01-24 15:22:30  :: Initializing Incoming Module
2019-01-24 15:22:31  :: Incoming Module successfully initialized
2019-01-24 15:22:31  :: Initializing Outgoing Module
2019-01-24 15:22:31  :: Outgoing Module successfully initialized
2019-01-24 15:24:10  :: 24/1/2019 15:24:10MainApp.LoadConfig
2019-01-24 15:24:10  :: Loading config:C:\Users\zimzum\Desktop\Projects\Seeking Bias\HFTPlatform\hftplatform\HFTPlatform\PairAlgoTradingDemo\bin\Debug\config.xml
2019-01-24 15:24:10  :: Proccessing config:C:\Users\zimzum\Desktop\Projects\Seeking Bias\HFTPlatform\hftplatform\HFTPlatform\PairAlgoTradingDemo\bin\Debug\config.xml
2019-01-24 15:24:10  :: Fin GetConfiguracion
2019-01-24 15:24:10  :: Initializing Log
2019-01-24 15:24:10  :: Initializing Incoming Module
2019-01-24 15:24:10  :: Incoming Module successfully initialized
2019-01-24 15:24:10  :: Initializing Outgoing Module
2019-01-24 15:24:11  :: Outgoing Module successfully initialized
2019-01-24 15:38:33  :: 24/1/2019 15:38:33MainApp.LoadConfig
2019-01-24 15:38:33  :: Loading config:C:\Users\zimzum\Desktop\Projects\Seeking Bias\HFTPlatform\hftplatform\HFTPlatform\PairAlgoTradingDemo\bin\Debug\config.xml
2019-01-24 15:38:33  :: Proccessing config:C:\Users\zimzum\Desktop\Projects\Seeking Bias\HFTPlatform\hftplatform\HFTPlatform\PairAlgoTradingDemo\bin\Debug\config.xml
2019-01-24 15:38:33  :: Fin GetConfiguracion
2019-01-24 15:38:33  :: Initializing Log
2019-01-24 15:38:33  :: Initializing Incoming Module
2019-01-24 15:38:33  :: Incoming Module successfully initialized
2019-01-24 15:38:33  :: Initializing Outgoing Module
2019-01-24 15:38:34  :: Outgoing Module successfully initialized
2019-01-24 15:40:33  :: 24/1/2019 15:40:33MainApp.LoadConfig
2019-01-24 15:40:33  :: Loading config:C:\Users\zimzum\Desktop\Projects\Seeking Bias\HFTPlatform\hftplatform\HFTPlatform\PairAlgoTradingDemo\bin\Debug\config.xml
2019-01-24 15:40:33  :: Proccessing config:C:\Users\zimzum\Desktop\Projects\Seeking Bias\HFTPlatform\hftplatform\HFTPlatform\PairAlgoTradingDemo\bin\Debug\config.xml
2019-01-24 15:40:33  :: Fin GetConfiguracion
2019-01-24 15:40:33  :: Initializing Log
2019-01-24 15:40:33  :: Initializing Incoming Module
2019-01-24 15:40:34  :: Incoming Module successfully initialized
2019-01-24 15:40:34  :: Initializing Outgoing Module
2019-01-24 15:40:34  :: Outgoing Module successfully initialized
2019-01-24 15:44:02  :: 24/1/2019 15:44:02MainApp.LoadConfig
2019-01-24 15:44:02  :: Loading config:C:\Users\zimzum\Desktop\Projects\Seeking Bias\HFTPlatform\hftplatform\HFTPlatform\PairAlgoTradingDemo\bin\Debug\config.xml
2019-01-24 15:44:02  :: Proccessing config:C:\Users\zimzum\Desktop\Projects\Seeking Bias\HFTPlatform\hftplatform\HFTPlatform\PairAlgoTradingDemo\bin\Debug\config.xml
2019-01-24 15:44:02  :: Fin GetConfiguracion
2019-01-24 15:44:03  :: Initializing Log
2019-01-24 15:44:03  :: Initializing Incoming Module
2019-01-24 15:44:03  :: Incoming Module successfully initialized
2019-01-24 15:44:03  :: Initializing Outgoing Module
2019-01-24 15:44:04  :: Outgoing Module successfully initialized
2019-01-24 15:45:43  :: 24/1/2019 15:45:43MainApp.LoadConfig
2019-01-24 15:45:43  :: Loading config:C:\Users\zimzum\Desktop\Projects\Seeking Bias\HFTPlatform\hftplatform\HFTPlatform\PairAlgoTradingDemo\bin\Debug\config.xml
2019-01-24 15:45:43  :: Proccessing config:C:\Users\zimzum\Desktop\Projects\Seeking Bias\HFTPlatform\hftplatform\HFTPlatform\PairAlgoTradingDemo\bin\Debug\config.xml
2019-01-24 15:45:43  :: Fin GetConfiguracion
2019-01-24 15:45:43  :: Initializing Log
2019-01-24 15:45:43  :: Initializing Incoming Module
2019-01-24 15:45:44  :: Incoming Module successfully initialized
2019-01-24 15:45:44  :: Initializing Outgoing Module
2019-01-24 15:45:44  :: Outgoing Module successfully initialized
2019-01-24 15:47:50  :: 24/1/2019 15:47:50MainApp.LoadConfig
2019-01-24 15:47:50  :: Loading config:C:\Users\zimzum\Desktop\Projects\Seeking Bias\HFTPlatform\hftplatform\HFTPlatform\PairAlgoTradingDemo\bin\Debug\config.xml
2019-01-24 15:47:50  :: Proccessing config:C:\Users\zimzum\Desktop\Projects\Seeking Bias\HFTPlatform\hftplatform\HFTPlatform\PairAlgoTradingDemo\bin\Debug\config.xml
2019-01-24 15:47:50  :: Fin GetConfiguracion
2019-01-24 15:47:50  :: Initializing Log
2019-01-24 15:47:50  :: Initializing Incoming Module
2019-01-24 15:47:51  :: Incoming Module successfully initialized
2019-01-24 15:47:51  :: Initializing Outgoing Module
2019-01-24 15:47:51  :: Outgoing Module successfully initialized
2019-01-24 15:52:00  :: 24/1/2019 15:52:00MainApp.LoadConfig
2019-01-24 15:52:00  :: Loading config:C:\Users\zimzum\Desktop\Projects\Seeking Bias\HFTPlatform\hftplatform\HFTPlatform\PairAlgoTradingDemo\bin\Debug\config.xml
2019-01-24 15:52:00  :: Proccessing config:C:\Users\zimzum\Desktop\Projects\Seeking Bias\HFTPlatform\hftplatform\HFTPlatform\PairAlgoTradingDemo\bin\Debug\config.xml
2019-01-24 15:52:01  :: Fin GetConfiguracion
2019-01-24 15:52:01  :: Initializing Log
2019-01-24 15:52:01  :: Initializing Incoming Module
2019-01-24 15:52:01  :: Incoming Module successfully initialized
2019-01-24 15:52:01  :: Initializing Outgoing Module
2019-01-24 15:52:02  :: Outgoing Module successfully initialized
2019-01-24 15:54:26  :: 24/1/2019 15:54:26MainApp.LoadConfig
2019-01-24 15:54:26  :: Loading config:C:\Users\zimzum\Desktop\Projects\Seeking Bias\HFTPlatform\hftplatform\HFTPlatform\PairAlgoTradingDemo\bin\Debug\config.xml
2019-01-24 15:54:26  :: Proccessing config:C:\Users\zimzum\Desktop\Projects\Seeking Bias\HFTPlatform\hftplatform\HFTPlatform\PairAlgoTradingDemo\bin\Debug\config.xml
2019-01-24 15:54:26  :: Fin GetConfiguracion
2019-01-24 15:54:26  :: Initializing Log
2019-01-24 15:54:26  :: Initializing Incoming Module
2019-01-24 15:54:26  :: Incoming Module successfully initialized
2019-01-24 15:54:26  :: Initializing Outgoing Module
2019-01-24 15:54:27  :: Outgoing Module successfully initialized
2019-01-24 16:07:56  :: 24/1/2019 16:07:56MainApp.LoadConfig
2019-01-24 16:07:56  :: Loading config:C:\Users\zimzum\Desktop\Projects\Seeking Bias\HFTPlatform\hftplatform\HFTPlatform\PairAlgoTradingDemo\bin\Debug\config.xml
2019-01-24 16:07:56  :: Proccessing config:C:\Users\zimzum\Desktop\Projects\Seeking Bias\HFTPlatform\hftplatform\HFTPlatform\PairAlgoTradingDemo\bin\Debug\config.xml
2019-01-24 16:07:56  :: Fin GetConfiguracion
2019-01-24 16:07:57  :: Initializing Log
2019-01-24 16:07:57  :: Initializing Incoming Module
2019-01-24 16:07:57  :: Incoming Module successfully initialized
2019-01-24 16:07:57  :: Initializing Outgoing Module
2019-01-24 16:07:57  :: Outgoing Module successfully initialized
2019-01-24 16:09:07  :: 24/1/2019 16:09:07MainApp.LoadConfig
2019-01-24 16:09:07  :: Loading config:C:\Users\zimzum\Desktop\Projects\Seeking Bias\HFTPlatform\hftplatform\HFTPlatform\PairAlgoTradingDemo\bin\Debug\config.xml
2019-01-24 16:09:07  :: Proccessing config:C:\Users\zimzum\Desktop\Projects\Seeking Bias\HFTPlatform\hftplatform\HFTPlatform\PairAlgoTradingDemo\bin\Debug\config.xml
2019-01-24 16:09:07  :: Fin GetConfiguracion
2019-01-24 16:09:07  :: Initializing Log
2019-01-24 16:09:07  :: Initializing Incoming Module
2019-01-24 16:09:07  :: Incoming Module successfully initialized
2019-01-24 16:09:07  :: Initializing Outgoing Module
2019-01-24 16:09:08  :: Outgoing Module successfully initialized
2019-01-24 16:18:03  :: 24/1/2019 16:18:03MainApp.LoadConfig
2019-01-24 16:18:03  :: Loading config:C:\Users\zimzum\Desktop\Projects\Seeking Bias\HFTPlatform\hftplatform\HFTPlatform\PairAlgoTradingDemo\bin\Debug\config.xml
2019-01-24 16:18:03  :: Proccessing config:C:\Users\zimzum\Desktop\Projects\Seeking Bias\HFTPlatform\hftplatform\HFTPlatform\PairAlgoTradingDemo\bin\Debug\config.xml
2019-01-24 16:18:03  :: Fin GetConfiguracion
2019-01-24 16:18:03  :: Initializing Log
2019-01-24 16:18:03  :: Initializing Incoming Module
2019-01-24 16:18:03  :: Incoming Module successfully initialized
2019-01-24 16:18:03  :: Initializing Outgoing Module
2019-01-24 16:18:04  :: Outgoing Module successfully initialized
2019-01-24 16:20:10  :: 24/1/2019 16:20:10MainApp.LoadConfig
2019-01-24 16:20:10  :: Loading config:C:\Users\zimzum\Desktop\Projects\Seeking Bias\HFTPlatform\hftplatform\HFTPlatform\PairAlgoTradingDemo\bin\Debug\config.xml
2019-01-24 16:20:10  :: Proccessing config:C:\Users\zimzum\Desktop\Projects\Seeking Bias\HFTPlatform\hftplatform\HFTPlatform\PairAlgoTradingDemo\bin\Debug\config.xml
2019-01-24 16:20:11  :: Fin GetConfiguracion
2019-01-24 16:20:11  :: Initializing Log
2019-01-24 16:20:11  :: Initializing Incoming Module
2019-01-24 16:20:11  :: Incoming Module successfully initialized
2019-01-24 16:20:11  :: Initializing Outgoing Module
2019-01-24 16:20:12  :: Outgoing Module successfully initialized
2019-01-24 16:36:21  :: 24/1/2019 16:36:21MainApp.LoadConfig
2019-01-24 16:36:21  :: Loading config:C:\Users\zimzum\Desktop\Projects\Seeking Bias\HFTPlatform\hftplatform\HFTPlatform\PairAlgoTradingDemo\bin\Debug\config.xml
2019-01-24 16:36:21  :: Proccessing config:C:\Users\zimzum\Desktop\Projects\Seeking Bias\HFTPlatform\hftplatform\HFTPlatform\PairAlgoTradingDemo\bin\Debug\config.xml
2019-01-24 16:36:21  :: Fin GetConfiguracion
2019-01-24 16:36:22  :: Initializing Log
2019-01-24 16:36:22  :: Initializing Incoming Module
2019-01-24 16:36:23  :: Incoming Module successfully initialized
2019-01-24 16:36:23  :: Initializing Outgoing Module
2019-01-24 16:36:24  :: Outgoing Module successfully initialized
2019-01-24 16:37:38  :: 24/1/2019 16:37:38MainApp.LoadConfig
2019-01-24 16:37:38  :: Loading config:C:\Users\zimzum\Desktop\Projects\Seeking Bias\HFTPlatform\hftplatform\HFTPlatform\PairAlgoTradingDemo\bin\Debug\config.xml
2019-01-24 16:37:38  :: Proccessing config:C:\Users\zimzum\Desktop\Projects\Seeking Bias\HFTPlatform\hftplatform\HFTPlatform\PairAlgoTradingDemo\bin\Debug\config.xml
2019-01-24 16:37:39  :: Fin GetConfiguracion
2019-01-24 16:37:39  :: Initializing Log
2019-01-24 16:37:39  :: Initializing Incoming Module
2019-01-24 16:37:43  :: Incoming Module successfully initialized
2019-01-24 16:37:43  :: Initializing Outgoing Module
2019-01-24 16:37:43  :: Outgoing Module successfully initialized
2019-01-24 16:38:19  :: 24/1/2019 16:38:19MainApp.LoadConfig
2019-01-24 16:38:19  :: Loading config:C:\Users\zimzum\Desktop\Projects\Seeking Bias\HFTPlatform\hftplatform\HFTPlatform\PairAlgoTradingDemo\bin\Debug\config.xml
2019-01-24 16:38:19  :: Proccessing config:C:\Users\zimzum\Desktop\Projects\Seeking Bias\HFTPlatform\hftplatform\HFTPlatform\PairAlgoTradingDemo\bin\Debug\config.xml
2019-01-24 16:38:19  :: Fin GetConfiguracion
2019-01-24 16:38:19  :: Initializing Log
2019-01-24 16:38:19  :: Initializing Incoming Module
2019-01-24 16:38:20  :: Incoming Module successfully initialized
2019-01-24 16:38:20  :: Initializing Outgoing Module
2019-01-24 16:38:20  :: Outgoing Module successfully initialized
2019-01-24 16:43:33  :: 24/1/2019 16:43:33MainApp.LoadConfig
2019-01-24 16:43:33  :: Loading config:C:\Users\zimzum\Desktop\Projects\Seeking Bias\HFTPlatform\hftplatform\HFTPlatform\PairAlgoTradingDemo\bin\Debug\config.xml
2019-01-24 16:43:33  :: Proccessing config:C:\Users\zimzum\Desktop\Projects\Seeking Bias\HFTPlatform\hftplatform\HFTPlatform\PairAlgoTradingDemo\bin\Debug\config.xml
2019-01-24 16:43:33  :: Fin GetConfiguracion
2019-01-24 16:43:33  :: Initializing Log
2019-01-24 16:43:33  :: Initializing Incoming Module
2019-01-24 16:43:33  :: Incoming Module successfully initialized
2019-01-24 16:43:33  :: Initializing Outgoing Module
2019-01-24 16:43:34  :: Outgoing Module successfully initialized
2019-01-24 16:46:40  :: 24/1/2019 16:46:40MainApp.LoadConfig
2019-01-24 16:46:40  :: Loading config:C:\Users\zimzum\Desktop\Projects\Seeking Bias\HFTPlatform\hftplatform\HFTPlatform\PairAlgoTradingDemo\bin\Debug\config.xml
2019-01-24 16:46:40  :: Proccessing config:C:\Users\zimzum\Desktop\Projects\Seeking Bias\HFTPlatform\hftplatform\HFTPlatform\PairAlgoTradingDemo\bin\Debug\config.xml
2019-01-24 16:46:40  :: Fin GetConfiguracion
2019-01-24 16:46:40  :: Initializing Log
2019-01-24 16:46:40  :: Initializing Incoming Module
2019-01-24 16:46:40  :: Incoming Module successfully initialized
2019-01-24 16:46:40  :: Initializing Outgoing Module
2019-01-24 16:46:41  :: Outgoing Module successfully initialized
2019-01-24 16:47:36  :: 24/1/2019 16:47:36MainApp.LoadConfig
2019-01-24 16:47:36  :: Loading config:C:\Users\zimzum\Desktop\Projects\Seeking Bias\HFTPlatform\hftplatform\HFTPlatform\PairAlgoTradingDemo\bin\Debug\config.xml
2019-01-24 16:47:36  :: Proccessing config:C:\Users\zimzum\Desktop\Projects\Seeking Bias\HFTPlatform\hftplatform\HFTPlatform\PairAlgoTradingDemo\bin\Debug\config.xml
2019-01-24 16:47:36  :: Fin GetConfiguracion
2019-01-24 16:47:36  :: Initializing Log
2019-01-24 16:47:36  :: Initializing Incoming Module
2019-01-24 16:47:36  :: Incoming Module successfully initialized
2019-01-24 16:47:36  :: Initializing Outgoing Module
2019-01-24 16:47:37  :: Outgoing Module successfully initialized
2019-01-24 16:49:23  :: 24/1/2019 16:49:23MainApp.LoadConfig
2019-01-24 16:49:23  :: Loading config:C:\Users\zimzum\Desktop\Projects\Seeking Bias\HFTPlatform\hftplatform\HFTPlatform\PairAlgoTradingDemo\bin\Debug\config.xml
2019-01-24 16:49:23  :: Proccessing config:C:\Users\zimzum\Desktop\Projects\Seeking Bias\HFTPlatform\hftplatform\HFTPlatform\PairAlgoTradingDemo\bin\Debug\config.xml
2019-01-24 16:49:23  :: Fin GetConfiguracion
2019-01-24 16:49:23  :: Initializing Log
2019-01-24 16:49:23  :: Initializing Incoming Module
2019-01-24 16:49:24  :: Incoming Module successfully initialized
2019-01-24 16:49:24  :: Initializing Outgoing Module
2019-01-24 16:49:24  :: Outgoing Module successfully initialized
2019-01-24 16:56:34  :: 24/1/2019 16:56:34MainApp.LoadConfig
2019-01-24 16:56:34  :: Loading config:C:\Users\zimzum\Desktop\Projects\Seeking Bias\HFTPlatform\hftplatform\HFTPlatform\PairAlgoTradingDemo\bin\Debug\config.xml
2019-01-24 16:56:34  :: Proccessing config:C:\Users\zimzum\Desktop\Projects\Seeking Bias\HFTPlatform\hftplatform\HFTPlatform\PairAlgoTradingDemo\bin\Debug\config.xml
2019-01-24 16:56:34  :: Fin GetConfiguracion
2019-01-24 16:56:34  :: Initializing Log
2019-01-24 16:56:34  :: Initializing Incoming Module
2019-01-24 16:56:35  :: Incoming Module successfully initialized
2019-01-24 16:56:35  :: Initializing Outgoing Module
2019-01-24 16:56:35  :: Outgoing Module successfully initialized
2019-01-24 17:35:23  :: 24/1/2019 17:35:23MainApp.LoadConfig
2019-01-24 17:35:23  :: Loading config:C:\Users\zimzum\Desktop\Projects\Seeking Bias\HFTPlatform\hftplatform\HFTPlatform\PairAlgoTradingDemo\bin\Debug\config.xml
2019-01-24 17:35:23  :: Proccessing config:C:\Users\zimzum\Desktop\Projects\Seeking Bias\HFTPlatform\hftplatform\HFTPlatform\PairAlgoTradingDemo\bin\Debug\config.xml
2019-01-24 17:35:23  :: Fin GetConfiguracion
2019-01-24 17:35:23  :: Initializing Log
2019-01-24 17:35:23  :: Initializing Incoming Module
2019-01-24 17:35:26  :: Incoming Module successfully initialized
2019-01-24 17:35:26  :: Initializing Outgoing Module
2019-01-24 17:35:29  :: Outgoing Module successfully initialized
2019-01-24 17:38:04  :: 24/1/2019 17:38:04MainApp.LoadConfig
2019-01-24 17:38:04  :: Loading config:C:\Users\zimzum\Desktop\Projects\Seeking Bias\HFTPlatform\hftplatform\HFTPlatform\PairAlgoTradingDemo\bin\Debug\config.xml
2019-01-24 17:38:04  :: Proccessing config:C:\Users\zimzum\Desktop\Projects\Seeking Bias\HFTPlatform\hftplatform\HFTPlatform\PairAlgoTradingDemo\bin\Debug\config.xml
2019-01-24 17:38:04  :: Fin GetConfiguracion
2019-01-24 17:38:04  :: Initializing Log
2019-01-24 17:38:04  :: Initializing Incoming Module
2019-01-24 17:38:06  :: Incoming Module successfully initialized
2019-01-24 17:38:06  :: Initializing Outgoing Module
2019-01-24 17:38:09  :: Outgoing Module successfully initialized
2019-01-24 17:43:39  :: 24/1/2019 17:43:39MainApp.LoadConfig
2019-01-24 17:43:39  :: Loading config:C:\Users\zimzum\Desktop\Projects\Seeking Bias\HFTPlatform\hftplatform\HFTPlatform\PairAlgoTradingDemo\bin\Debug\config.xml
2019-01-24 17:43:39  :: Proccessing config:C:\Users\zimzum\Desktop\Projects\Seeking Bias\HFTPlatform\hftplatform\HFTPlatform\PairAlgoTradingDemo\bin\Debug\config.xml
2019-01-24 17:43:39  :: Fin GetConfiguracion
2019-01-24 17:43:39  :: Initializing Log
2019-01-24 17:43:39  :: Initializing Incoming Module
2019-01-24 17:43:40  :: Incoming Module successfully initialized
2019-01-24 17:43:40  :: Initializing Outgoing Module
2019-01-24 17:43:41  :: Outgoing Module successfully initialized
2019-01-24 17:44:49  :: 24/1/2019 17:44:49MainApp.LoadConfig
2019-01-24 17:44:49  :: Loading config:C:\Users\zimzum\Desktop\Projects\Seeking Bias\HFTPlatform\hftplatform\HFTPlatform\PairAlgoTradingDemo\bin\Debug\config.xml
2019-01-24 17:44:49  :: Proccessing config:C:\Users\zimzum\Desktop\Projects\Seeking Bias\HFTPlatform\hftplatform\HFTPlatform\PairAlgoTradingDemo\bin\Debug\config.xml
2019-01-24 17:44:50  :: Fin GetConfiguracion
2019-01-24 17:44:50  :: Initializing Log
2019-01-24 17:44:50  :: Initializing Incoming Module
2019-01-24 17:44:50  :: Incoming Module successfully initialized
2019-01-24 17:44:50  :: Initializing Outgoing Module
2019-01-24 17:44:50  :: Outgoing Module successfully initialized
2019-01-24 17:45:31  :: 24/1/2019 17:45:31MainApp.LoadConfig
2019-01-24 17:45:31  :: Loading config:C:\Users\zimzum\Desktop\Projects\Seeking Bias\HFTPlatform\hftplatform\HFTPlatform\PairAlgoTradingDemo\bin\Debug\config.xml
2019-01-24 17:45:31  :: Proccessing config:C:\Users\zimzum\Desktop\Projects\Seeking Bias\HFTPlatform\hftplatform\HFTPlatform\PairAlgoTradingDemo\bin\Debug\config.xml
2019-01-24 17:45:31  :: Fin GetConfiguracion
2019-01-24 17:45:31  :: Initializing Log
2019-01-24 17:45:31  :: Initializing Incoming Module
2019-01-24 17:45:32  :: Incoming Module successfully initialized
2019-01-24 17:45:32  :: Initializing Outgoing Module
2019-01-24 17:45:32  :: Outgoing Module successfully initialized
2019-01-24 17:46:39  :: 24/1/2019 17:46:39MainApp.LoadConfig
2019-01-24 17:46:39  :: Loading config:C:\Users\zimzum\Desktop\Projects\Seeking Bias\HFTPlatform\hftplatform\HFTPlatform\PairAlgoTradingDemo\bin\Debug\config.xml
2019-01-24 17:46:39  :: Proccessing config:C:\Users\zimzum\Desktop\Projects\Seeking Bias\HFTPlatform\hftplatform\HFTPlatform\PairAlgoTradingDemo\bin\Debug\config.xml
2019-01-24 17:46:39  :: Fin GetConfiguracion
2019-01-24 17:46:39  :: Initializing Log
2019-01-24 17:46:39  :: Initializing Incoming Module
2019-01-24 17:46:39  :: Incoming Module successfully initialized
2019-01-24 17:46:39  :: Initializing Outgoing Module
2019-01-24 17:46:40  :: Outgoing Module successfully initialized
2019-01-24 17:47:43  :: 24/1/2019 17:47:43MainApp.LoadConfig
2019-01-24 17:47:43  :: Loading config:C:\Users\zimzum\Desktop\Projects\Seeking Bias\HFTPlatform\hftplatform\HFTPlatform\PairAlgoTradingDemo\bin\Debug\config.xml
2019-01-24 17:47:43  :: Proccessing config:C:\Users\zimzum\Desktop\Projects\Seeking Bias\HFTPlatform\hftplatform\HFTPlatform\PairAlgoTradingDemo\bin\Debug\config.xml
2019-01-24 17:47:44  :: Fin GetConfiguracion
2019-01-24 17:47:44  :: Initializing Log
2019-01-24 17:47:44  :: Initializing Incoming Module
2019-01-24 17:47:44  :: Incoming Module successfully initialized
2019-01-24 17:47:44  :: Initializing Outgoing Module
2019-01-24 17:47:45  :: Outgoing Module successfully initialized
