2019-01-25 9:15:58  :: 25/1/2019 09:15:58MainApp.LoadConfig
2019-01-25 9:15:58  :: Loading config:C:\Users\zimzum\Desktop\Projects\Seeking Bias\HFTPlatform\hftplatform\HFTPlatform\PairAlgoTradingDemo\bin\Debug\config.xml
2019-01-25 9:15:58  :: Proccessing config:C:\Users\zimzum\Desktop\Projects\Seeking Bias\HFTPlatform\hftplatform\HFTPlatform\PairAlgoTradingDemo\bin\Debug\config.xml
2019-01-25 9:15:58  :: Fin GetConfiguracion
2019-01-25 9:15:58  :: Initializing Log
2019-01-25 9:15:58  :: Initializing Incoming Module
2019-01-25 9:16:00  :: Incoming Module successfully initialized
2019-01-25 9:16:00  :: Initializing Outgoing Module
2019-01-25 9:16:03  :: Outgoing Module successfully initialized
2019-01-25 9:18:03  :: 25/1/2019 09:18:03MainApp.LoadConfig
2019-01-25 9:18:03  :: Loading config:C:\Users\zimzum\Desktop\Projects\Seeking Bias\HFTPlatform\hftplatform\HFTPlatform\PairAlgoTradingDemo\bin\Debug\config.xml
2019-01-25 9:18:03  :: Proccessing config:C:\Users\zimzum\Desktop\Projects\Seeking Bias\HFTPlatform\hftplatform\HFTPlatform\PairAlgoTradingDemo\bin\Debug\config.xml
2019-01-25 9:18:03  :: Fin GetConfiguracion
2019-01-25 9:18:03  :: Initializing Log
2019-01-25 9:18:03  :: Initializing Incoming Module
2019-01-25 9:18:06  :: Incoming Module successfully initialized
2019-01-25 9:18:06  :: Initializing Outgoing Module
2019-01-25 9:18:09  :: Outgoing Module successfully initialized
2019-01-25 9:20:30  :: 25/1/2019 09:20:30MainApp.LoadConfig
2019-01-25 9:20:30  :: Loading config:C:\Users\zimzum\Desktop\Projects\Seeking Bias\HFTPlatform\hftplatform\HFTPlatform\PairAlgoTradingDemo\bin\Debug\config.xml
2019-01-25 9:20:30  :: Proccessing config:C:\Users\zimzum\Desktop\Projects\Seeking Bias\HFTPlatform\hftplatform\HFTPlatform\PairAlgoTradingDemo\bin\Debug\config.xml
2019-01-25 9:20:31  :: Fin GetConfiguracion
2019-01-25 9:20:31  :: Initializing Log
2019-01-25 9:20:31  :: Initializing Incoming Module
2019-01-25 9:20:37  :: Incoming Module successfully initialized
2019-01-25 9:20:37  :: Initializing Outgoing Module
2019-01-25 9:20:39  :: Outgoing Module successfully initialized
2019-01-25 9:21:04  :: 25/1/2019 09:21:04MainApp.LoadConfig
2019-01-25 9:21:04  :: Loading config:C:\Users\zimzum\Desktop\Projects\Seeking Bias\HFTPlatform\hftplatform\HFTPlatform\PairAlgoTradingDemo\bin\Debug\config.xml
2019-01-25 9:21:04  :: Proccessing config:C:\Users\zimzum\Desktop\Projects\Seeking Bias\HFTPlatform\hftplatform\HFTPlatform\PairAlgoTradingDemo\bin\Debug\config.xml
2019-01-25 9:21:04  :: Fin GetConfiguracion
2019-01-25 9:21:04  :: Initializing Log
2019-01-25 9:21:04  :: Initializing Incoming Module
2019-01-25 9:21:06  :: Incoming Module successfully initialized
2019-01-25 9:21:06  :: Initializing Outgoing Module
2019-01-25 9:21:09  :: Outgoing Module successfully initialized
2019-01-25 9:24:21  :: 25/1/2019 09:24:21MainApp.LoadConfig
2019-01-25 9:24:21  :: Loading config:C:\Users\zimzum\Desktop\Projects\Seeking Bias\HFTPlatform\hftplatform\HFTPlatform\PairAlgoTradingDemo\bin\Debug\config.xml
2019-01-25 9:24:21  :: Proccessing config:C:\Users\zimzum\Desktop\Projects\Seeking Bias\HFTPlatform\hftplatform\HFTPlatform\PairAlgoTradingDemo\bin\Debug\config.xml
2019-01-25 9:24:22  :: Fin GetConfiguracion
2019-01-25 9:24:22  :: Initializing Log
2019-01-25 9:24:22  :: Initializing Incoming Module
2019-01-25 9:24:25  :: Incoming Module successfully initialized
2019-01-25 9:24:25  :: Initializing Outgoing Module
2019-01-25 9:24:28  :: Outgoing Module successfully initialized
2019-01-25 9:26:28  :: 25/1/2019 09:26:28MainApp.LoadConfig
2019-01-25 9:26:28  :: Loading config:C:\Users\zimzum\Desktop\Projects\Seeking Bias\HFTPlatform\hftplatform\HFTPlatform\PairAlgoTradingDemo\bin\Debug\config.xml
2019-01-25 9:26:28  :: Proccessing config:C:\Users\zimzum\Desktop\Projects\Seeking Bias\HFTPlatform\hftplatform\HFTPlatform\PairAlgoTradingDemo\bin\Debug\config.xml
2019-01-25 9:26:29  :: Fin GetConfiguracion
2019-01-25 9:26:29  :: Initializing Log
2019-01-25 9:26:29  :: Initializing Incoming Module
2019-01-25 9:26:31  :: Incoming Module successfully initialized
2019-01-25 9:26:31  :: Initializing Outgoing Module
2019-01-25 9:26:34  :: Outgoing Module successfully initialized
2019-01-25 9:27:05  :: 25/1/2019 09:27:05MainApp.LoadConfig
2019-01-25 9:27:05  :: Loading config:C:\Users\zimzum\Desktop\Projects\Seeking Bias\HFTPlatform\hftplatform\HFTPlatform\PairAlgoTradingDemo\bin\Debug\config.xml
2019-01-25 9:27:05  :: Proccessing config:C:\Users\zimzum\Desktop\Projects\Seeking Bias\HFTPlatform\hftplatform\HFTPlatform\PairAlgoTradingDemo\bin\Debug\config.xml
2019-01-25 9:27:05  :: Fin GetConfiguracion
2019-01-25 9:27:06  :: Initializing Log
2019-01-25 9:27:06  :: Initializing Incoming Module
2019-01-25 9:27:08  :: Incoming Module successfully initialized
2019-01-25 9:27:08  :: Initializing Outgoing Module
2019-01-25 9:27:11  :: Outgoing Module successfully initialized
2019-01-25 9:29:29  :: 25/1/2019 09:29:29MainApp.LoadConfig
2019-01-25 9:29:29  :: Loading config:C:\Users\zimzum\Desktop\Projects\Seeking Bias\HFTPlatform\hftplatform\HFTPlatform\PairAlgoTradingDemo\bin\Debug\config.xml
2019-01-25 9:29:29  :: Proccessing config:C:\Users\zimzum\Desktop\Projects\Seeking Bias\HFTPlatform\hftplatform\HFTPlatform\PairAlgoTradingDemo\bin\Debug\config.xml
2019-01-25 9:29:29  :: Fin GetConfiguracion
2019-01-25 9:29:29  :: Initializing Log
2019-01-25 9:29:29  :: Initializing Incoming Module
2019-01-25 9:29:32  :: Incoming Module successfully initialized
2019-01-25 9:29:32  :: Initializing Outgoing Module
2019-01-25 9:29:34  :: Outgoing Module successfully initialized
2019-01-25 9:35:29  :: 25/1/2019 09:35:28MainApp.LoadConfig
2019-01-25 9:35:29  :: Loading config:C:\Users\zimzum\Desktop\Projects\Seeking Bias\HFTPlatform\hftplatform\HFTPlatform\PairAlgoTradingDemo\bin\Debug\config.xml
2019-01-25 9:35:29  :: Proccessing config:C:\Users\zimzum\Desktop\Projects\Seeking Bias\HFTPlatform\hftplatform\HFTPlatform\PairAlgoTradingDemo\bin\Debug\config.xml
2019-01-25 9:35:29  :: Fin GetConfiguracion
2019-01-25 9:35:29  :: Initializing Log
2019-01-25 9:35:29  :: Initializing Incoming Module
2019-01-25 9:35:31  :: Incoming Module successfully initialized
2019-01-25 9:35:31  :: Initializing Outgoing Module
2019-01-25 9:35:34  :: Outgoing Module successfully initialized
2019-01-25 9:39:49  :: 25/1/2019 09:39:49MainApp.LoadConfig
2019-01-25 9:39:49  :: Loading config:C:\Users\zimzum\Desktop\Projects\Seeking Bias\HFTPlatform\hftplatform\HFTPlatform\PairAlgoTradingDemo\bin\Debug\config.xml
2019-01-25 9:39:49  :: Proccessing config:C:\Users\zimzum\Desktop\Projects\Seeking Bias\HFTPlatform\hftplatform\HFTPlatform\PairAlgoTradingDemo\bin\Debug\config.xml
2019-01-25 9:39:49  :: Fin GetConfiguracion
2019-01-25 9:39:49  :: Initializing Log
2019-01-25 9:39:49  :: Initializing Incoming Module
2019-01-25 9:39:52  :: Incoming Module successfully initialized
2019-01-25 9:39:52  :: Initializing Outgoing Module
2019-01-25 9:39:54  :: Outgoing Module successfully initialized
2019-01-25 9:40:59  :: 25/1/2019 09:40:59MainApp.LoadConfig
2019-01-25 9:40:59  :: Loading config:C:\Users\zimzum\Desktop\Projects\Seeking Bias\HFTPlatform\hftplatform\HFTPlatform\PairAlgoTradingDemo\bin\Debug\config.xml
2019-01-25 9:40:59  :: Proccessing config:C:\Users\zimzum\Desktop\Projects\Seeking Bias\HFTPlatform\hftplatform\HFTPlatform\PairAlgoTradingDemo\bin\Debug\config.xml
2019-01-25 9:40:59  :: Fin GetConfiguracion
2019-01-25 9:40:59  :: Initializing Log
2019-01-25 9:40:59  :: Initializing Incoming Module
2019-01-25 9:41:02  :: Incoming Module successfully initialized
2019-01-25 9:41:02  :: Initializing Outgoing Module
2019-01-25 9:41:05  :: Outgoing Module successfully initialized
2019-01-25 11:57:52  :: 25/1/2019 11:57:52MainApp.LoadConfig
2019-01-25 11:57:52  :: Loading config:C:\Users\zimzum\Desktop\Projects\Seeking Bias\HFTPlatform\hftplatform\HFTPlatform\PairAlgoTradingDemo\bin\Debug\config.xml
2019-01-25 11:57:52  :: Proccessing config:C:\Users\zimzum\Desktop\Projects\Seeking Bias\HFTPlatform\hftplatform\HFTPlatform\PairAlgoTradingDemo\bin\Debug\config.xml
2019-01-25 11:57:52  :: Fin GetConfiguracion
2019-01-25 11:57:53  :: Initializing Log
2019-01-25 11:57:53  :: Initializing Incoming Module
2019-01-25 11:57:53  :: Incoming Module successfully initialized
2019-01-25 11:57:53  :: Initializing Outgoing Module
2019-01-25 11:57:55  :: Outgoing Module successfully initialized
2019-01-25 12:02:38  :: 25/1/2019 12:02:38MainApp.LoadConfig
2019-01-25 12:02:38  :: Loading config:C:\Users\zimzum\Desktop\Projects\Seeking Bias\HFTPlatform\hftplatform\HFTPlatform\PairAlgoTradingDemo\bin\Debug\config.xml
2019-01-25 12:02:38  :: Proccessing config:C:\Users\zimzum\Desktop\Projects\Seeking Bias\HFTPlatform\hftplatform\HFTPlatform\PairAlgoTradingDemo\bin\Debug\config.xml
2019-01-25 12:02:38  :: Fin GetConfiguracion
2019-01-25 12:02:38  :: Initializing Log
2019-01-25 12:02:38  :: Initializing Incoming Module
2019-01-25 12:02:39  :: Incoming Module successfully initialized
2019-01-25 12:02:39  :: Initializing Outgoing Module
2019-01-25 12:02:39  :: Outgoing Module successfully initialized
2019-01-25 12:10:52  :: 25/1/2019 12:10:52MainApp.LoadConfig
2019-01-25 12:10:52  :: Loading config:C:\Users\zimzum\Desktop\Projects\Seeking Bias\HFTPlatform\hftplatform\HFTPlatform\PairAlgoTradingDemo\bin\Debug\config.xml
2019-01-25 12:10:52  :: Proccessing config:C:\Users\zimzum\Desktop\Projects\Seeking Bias\HFTPlatform\hftplatform\HFTPlatform\PairAlgoTradingDemo\bin\Debug\config.xml
2019-01-25 12:10:52  :: Fin GetConfiguracion
2019-01-25 12:10:52  :: Initializing Log
2019-01-25 12:10:52  :: Initializing Incoming Module
2019-01-25 12:10:52  :: Incoming Module successfully initialized
2019-01-25 12:10:52  :: Initializing Outgoing Module
2019-01-25 12:10:53  :: Outgoing Module successfully initialized
2019-01-25 12:17:00  :: 25/1/2019 12:17:00MainApp.LoadConfig
2019-01-25 12:17:00  :: Loading config:C:\Users\zimzum\Desktop\Projects\Seeking Bias\HFTPlatform\hftplatform\HFTPlatform\PairAlgoTradingDemo\bin\Debug\config.xml
2019-01-25 12:17:00  :: Proccessing config:C:\Users\zimzum\Desktop\Projects\Seeking Bias\HFTPlatform\hftplatform\HFTPlatform\PairAlgoTradingDemo\bin\Debug\config.xml
2019-01-25 12:17:01  :: Fin GetConfiguracion
2019-01-25 12:17:01  :: Initializing Log
2019-01-25 12:17:01  :: Initializing Incoming Module
2019-01-25 12:17:01  :: Incoming Module successfully initialized
2019-01-25 12:17:01  :: Initializing Outgoing Module
2019-01-25 12:17:02  :: Outgoing Module successfully initialized
2019-01-25 12:46:56  :: 25/1/2019 12:46:56MainApp.LoadConfig
2019-01-25 12:46:56  :: Loading config:C:\Users\zimzum\Desktop\Projects\Seeking Bias\HFTPlatform\hftplatform\HFTPlatform\PairAlgoTradingDemo\bin\Debug\config.xml
2019-01-25 12:46:56  :: Proccessing config:C:\Users\zimzum\Desktop\Projects\Seeking Bias\HFTPlatform\hftplatform\HFTPlatform\PairAlgoTradingDemo\bin\Debug\config.xml
2019-01-25 12:46:56  :: Fin GetConfiguracion
2019-01-25 12:46:57  :: Initializing Log
2019-01-25 12:46:57  :: Initializing Incoming Module
2019-01-25 12:46:57  :: Incoming Module successfully initialized
2019-01-25 12:46:57  :: Initializing Outgoing Module
2019-01-25 12:46:58  :: Outgoing Module successfully initialized
2019-01-25 12:52:03  :: 25/1/2019 12:52:03MainApp.LoadConfig
2019-01-25 12:52:03  :: Loading config:C:\Users\zimzum\Desktop\Projects\Seeking Bias\HFTPlatform\hftplatform\HFTPlatform\PairAlgoTradingDemo\bin\Debug\config.xml
2019-01-25 12:52:03  :: Proccessing config:C:\Users\zimzum\Desktop\Projects\Seeking Bias\HFTPlatform\hftplatform\HFTPlatform\PairAlgoTradingDemo\bin\Debug\config.xml
2019-01-25 12:52:03  :: Fin GetConfiguracion
2019-01-25 12:52:03  :: Initializing Log
2019-01-25 12:52:03  :: Initializing Incoming Module
2019-01-25 12:52:04  :: Incoming Module successfully initialized
2019-01-25 12:52:04  :: Initializing Outgoing Module
2019-01-25 12:52:04  :: Outgoing Module successfully initialized
2019-01-25 12:53:52  :: 25/1/2019 12:53:52MainApp.LoadConfig
2019-01-25 12:53:52  :: Loading config:C:\Users\zimzum\Desktop\Projects\Seeking Bias\HFTPlatform\hftplatform\HFTPlatform\PairAlgoTradingDemo\bin\Debug\config.xml
2019-01-25 12:53:52  :: Proccessing config:C:\Users\zimzum\Desktop\Projects\Seeking Bias\HFTPlatform\hftplatform\HFTPlatform\PairAlgoTradingDemo\bin\Debug\config.xml
2019-01-25 12:53:52  :: Fin GetConfiguracion
2019-01-25 12:53:52  :: Initializing Log
2019-01-25 12:53:52  :: Initializing Incoming Module
2019-01-25 12:53:52  :: Incoming Module successfully initialized
2019-01-25 12:53:52  :: Initializing Outgoing Module
2019-01-25 12:53:53  :: Outgoing Module successfully initialized
2019-01-25 12:54:49  :: 25/1/2019 12:54:49MainApp.LoadConfig
2019-01-25 12:54:49  :: Loading config:C:\Users\zimzum\Desktop\Projects\Seeking Bias\HFTPlatform\hftplatform\HFTPlatform\PairAlgoTradingDemo\bin\Debug\config.xml
2019-01-25 12:54:49  :: Proccessing config:C:\Users\zimzum\Desktop\Projects\Seeking Bias\HFTPlatform\hftplatform\HFTPlatform\PairAlgoTradingDemo\bin\Debug\config.xml
2019-01-25 12:54:49  :: Fin GetConfiguracion
2019-01-25 12:54:49  :: Initializing Log
2019-01-25 12:54:49  :: Initializing Incoming Module
2019-01-25 12:54:49  :: Incoming Module successfully initialized
2019-01-25 12:54:49  :: Initializing Outgoing Module
2019-01-25 12:54:50  :: Outgoing Module successfully initialized
2019-01-25 12:55:59  :: 25/1/2019 12:55:59MainApp.LoadConfig
2019-01-25 12:55:59  :: Loading config:C:\Users\zimzum\Desktop\Projects\Seeking Bias\HFTPlatform\hftplatform\HFTPlatform\PairAlgoTradingDemo\bin\Debug\config.xml
2019-01-25 12:55:59  :: Proccessing config:C:\Users\zimzum\Desktop\Projects\Seeking Bias\HFTPlatform\hftplatform\HFTPlatform\PairAlgoTradingDemo\bin\Debug\config.xml
2019-01-25 12:55:59  :: Fin GetConfiguracion
2019-01-25 12:55:59  :: Initializing Log
2019-01-25 12:55:59  :: Initializing Incoming Module
2019-01-25 12:56:00  :: Incoming Module successfully initialized
2019-01-25 12:56:00  :: Initializing Outgoing Module
2019-01-25 12:56:00  :: Outgoing Module successfully initialized
2019-01-25 12:56:36  :: 25/1/2019 12:56:36MainApp.LoadConfig
2019-01-25 12:56:36  :: Loading config:C:\Users\zimzum\Desktop\Projects\Seeking Bias\HFTPlatform\hftplatform\HFTPlatform\PairAlgoTradingDemo\bin\Debug\config.xml
2019-01-25 12:56:36  :: Proccessing config:C:\Users\zimzum\Desktop\Projects\Seeking Bias\HFTPlatform\hftplatform\HFTPlatform\PairAlgoTradingDemo\bin\Debug\config.xml
2019-01-25 12:56:36  :: Fin GetConfiguracion
2019-01-25 12:56:36  :: Initializing Log
2019-01-25 12:56:36  :: Initializing Incoming Module
2019-01-25 12:56:36  :: Incoming Module successfully initialized
2019-01-25 12:56:36  :: Initializing Outgoing Module
2019-01-25 12:56:37  :: Outgoing Module successfully initialized
2019-01-25 13:00:45  :: 25/1/2019 13:00:45MainApp.LoadConfig
2019-01-25 13:00:45  :: Loading config:C:\Users\zimzum\Desktop\Projects\Seeking Bias\HFTPlatform\hftplatform\HFTPlatform\PairAlgoTradingDemo\bin\Debug\config.xml
2019-01-25 13:00:45  :: Proccessing config:C:\Users\zimzum\Desktop\Projects\Seeking Bias\HFTPlatform\hftplatform\HFTPlatform\PairAlgoTradingDemo\bin\Debug\config.xml
2019-01-25 13:00:45  :: Fin GetConfiguracion
2019-01-25 13:00:45  :: Initializing Log
2019-01-25 13:00:45  :: Initializing Incoming Module
2019-01-25 13:00:45  :: Incoming Module successfully initialized
2019-01-25 13:00:45  :: Initializing Outgoing Module
2019-01-25 13:00:46  :: Outgoing Module successfully initialized
