2017-11-13 0:02:38  :: 11/13/2017 12:02:38 AMBaseCommunicationModule.LoadConfig
2017-11-13 0:02:38  :: Loading config:.\OutgoingSingletonConfig.xml
2017-11-13 0:02:38  :: Processing config:.\OutgoingSingletonConfig.xml
2017-11-13 0:02:38  :: Ending GetConfiguracion .\OutgoingSingletonConfig.xml
2017-11-13 0:02:54  :: @Missing account for order:Error Publishing Wrapper. Error=Outgoing Singleton FIX 
2017-11-13 0:22:01  :: 11/13/2017 12:22:01 AMBaseCommunicationModule.LoadConfig
2017-11-13 0:22:01  :: Loading config:.\OutgoingSingletonConfig.xml
2017-11-13 0:22:01  :: Processing config:.\OutgoingSingletonConfig.xml
2017-11-13 0:22:01  :: Ending GetConfiguracion .\OutgoingSingletonConfig.xml
2017-11-13 0:22:44  :: 11/13/2017 12:22:44 AMBaseCommunicationModule.LoadConfig
2017-11-13 0:22:44  :: Loading config:.\OutgoingSingletonConfig.xml
2017-11-13 0:22:44  :: Processing config:.\OutgoingSingletonConfig.xml
2017-11-13 0:22:44  :: Ending GetConfiguracion .\OutgoingSingletonConfig.xml
2017-11-13 0:25:01  :: 11/13/2017 12:25:01 AMBaseCommunicationModule.LoadConfig
2017-11-13 0:25:01  :: Loading config:.\OutgoingSingletonConfig.xml
2017-11-13 0:25:01  :: Processing config:.\OutgoingSingletonConfig.xml
2017-11-13 0:25:01  :: Ending GetConfiguracion .\OutgoingSingletonConfig.xml
2017-11-13 0:25:23  :: @Outgoing Singleton FIX:Publishing Wrapper 
2017-11-13 11:22:02  :: 11/13/2017 11:22:02 AMBaseCommunicationModule.LoadConfig
2017-11-13 11:22:02  :: Loading config:.\OutgoingSingletonConfig.xml
2017-11-13 11:22:02  :: Processing config:.\OutgoingSingletonConfig.xml
2017-11-13 11:22:02  :: Ending GetConfiguracion .\OutgoingSingletonConfig.xml
2017-11-13 11:22:19  :: @Outgoing Singleton FIX:Publishing Wrapper 
2017-11-13 11:22:27  :: @@Primary Ceritifaction Test:Sending message EXECUTION_REPORT not implemented:Error Publishing Wrapper. Error=Outgoing Singleton FIX 
2017-11-13 11:22:41  :: @Outgoing Singleton FIX:Publishing Wrapper 
2017-11-13 11:22:44  :: @@Primary Ceritifaction Test:Sending message EXECUTION_REPORT not implemented:Error Publishing Wrapper. Error=Outgoing Singleton FIX 
2017-11-13 11:24:02  :: 11/13/2017 11:24:02 AMBaseCommunicationModule.LoadConfig
2017-11-13 11:24:02  :: Loading config:.\OutgoingSingletonConfig.xml
2017-11-13 11:24:02  :: Processing config:.\OutgoingSingletonConfig.xml
2017-11-13 11:24:02  :: Ending GetConfiguracion .\OutgoingSingletonConfig.xml
2017-11-13 11:24:14  :: @Outgoing Singleton FIX:Publishing Wrapper 
2017-11-13 11:24:15  :: @@Primary Ceritifaction Test:Sending message EXECUTION_REPORT not implemented:Error Publishing Wrapper. Error=Outgoing Singleton FIX 
2017-11-13 11:29:31  :: 11/13/2017 11:29:31 AMBaseCommunicationModule.LoadConfig
2017-11-13 11:29:31  :: Loading config:.\OutgoingSingletonConfig.xml
2017-11-13 11:29:31  :: Processing config:.\OutgoingSingletonConfig.xml
2017-11-13 11:29:31  :: Ending GetConfiguracion .\OutgoingSingletonConfig.xml
2017-11-13 11:29:39  :: @Outgoing Singleton FIX:Publishing Wrapper 
2017-11-13 11:29:48  :: @Outgoing Singleton FIX:Publishing Wrapper 
2017-11-13 13:18:29  :: 11/13/2017 1:18:29 PMBaseCommunicationModule.LoadConfig
2017-11-13 13:18:29  :: Loading config:.\OutgoingSingletonConfig.xml
2017-11-13 13:18:29  :: Processing config:.\OutgoingSingletonConfig.xml
2017-11-13 13:18:29  :: Ending GetConfiguracion .\OutgoingSingletonConfig.xml
2017-11-13 13:18:40  :: @Outgoing Singleton FIX:Publishing Wrapper 
2017-11-13 13:18:40  :: @Outgoing Singleton FIX:Publishing Wrapper 
2017-11-13 13:21:05  :: 11/13/2017 1:21:05 PMBaseCommunicationModule.LoadConfig
2017-11-13 13:21:05  :: Loading config:.\OutgoingSingletonConfig.xml
2017-11-13 13:21:05  :: Processing config:.\OutgoingSingletonConfig.xml
2017-11-13 13:21:05  :: Ending GetConfiguracion .\OutgoingSingletonConfig.xml
2017-11-13 13:21:14  :: @Outgoing Singleton FIX:Publishing Wrapper 
2017-11-13 13:21:15  :: @Outgoing Singleton FIX:Publishing Wrapper 
2017-11-13 13:32:53  :: 11/13/2017 1:32:53 PMBaseCommunicationModule.LoadConfig
2017-11-13 13:32:53  :: Loading config:.\OutgoingSingletonConfig.xml
2017-11-13 13:32:53  :: Processing config:.\OutgoingSingletonConfig.xml
2017-11-13 13:32:53  :: Ending GetConfiguracion .\OutgoingSingletonConfig.xml
2017-11-13 14:22:32  :: 11/13/2017 2:22:32 PMBaseCommunicationModule.LoadConfig
2017-11-13 14:22:32  :: Loading config:.\OutgoingSingletonConfig.xml
2017-11-13 14:22:32  :: Processing config:.\OutgoingSingletonConfig.xml
2017-11-13 14:22:32  :: Ending GetConfiguracion .\OutgoingSingletonConfig.xml
2017-11-13 14:23:46  :: @Outgoing Singleton FIX:Publishing Wrapper 
2017-11-13 14:23:46  :: @Outgoing Singleton FIX:Publishing Wrapper 
2017-11-13 14:24:02  :: @Outgoing Singleton FIX:Publishing Wrapper 
2017-11-13 14:24:48  :: @Outgoing Singleton FIX:Publishing Wrapper 
2017-11-13 14:24:48  :: @Outgoing Singleton FIX:Publishing Wrapper 
2017-11-13 14:25:21  :: @Outgoing Singleton FIX:Publishing Wrapper 
2017-11-13 14:40:26  :: 11/13/2017 2:40:26 PMBaseCommunicationModule.LoadConfig
2017-11-13 14:40:26  :: Loading config:.\OutgoingSingletonConfig.xml
2017-11-13 14:40:26  :: Processing config:.\OutgoingSingletonConfig.xml
2017-11-13 14:40:26  :: Ending GetConfiguracion .\OutgoingSingletonConfig.xml
2017-11-13 14:40:39  :: @Outgoing Singleton FIX:Publishing Wrapper 
2017-11-13 14:40:39  :: @El valor no puede ser nulo.
Nombre del par치metro: key:Error Publishing Wrapper. Error=Outgoing Singleton FIX 
2017-11-13 14:40:53  :: @Outgoing Singleton FIX:Publishing Wrapper 
2017-11-13 14:40:53  :: @El valor no puede ser nulo.
Nombre del par치metro: key:Error Publishing Wrapper. Error=Outgoing Singleton FIX 
2017-11-13 14:41:04  :: @Outgoing Singleton FIX:Publishing Wrapper 
2017-11-13 14:44:00  :: 11/13/2017 2:44:00 PMBaseCommunicationModule.LoadConfig
2017-11-13 14:44:00  :: Loading config:.\OutgoingSingletonConfig.xml
2017-11-13 14:44:00  :: Processing config:.\OutgoingSingletonConfig.xml
2017-11-13 14:44:00  :: Ending GetConfiguracion .\OutgoingSingletonConfig.xml
2017-11-13 14:44:23  :: @Outgoing Singleton FIX:Publishing Wrapper 
2017-11-13 14:45:19  :: 11/13/2017 2:45:19 PMBaseCommunicationModule.LoadConfig
2017-11-13 14:45:19  :: Loading config:.\OutgoingSingletonConfig.xml
2017-11-13 14:45:19  :: Processing config:.\OutgoingSingletonConfig.xml
2017-11-13 14:45:19  :: Ending GetConfiguracion .\OutgoingSingletonConfig.xml
2017-11-13 14:45:28  :: @Outgoing Singleton FIX:Publishing Wrapper 
2017-11-13 14:45:28  :: @Outgoing Singleton FIX:Publishing Wrapper 
2017-11-13 14:45:39  :: @Outgoing Singleton FIX:Publishing Wrapper 
2017-11-13 14:45:52  :: @Outgoing Singleton FIX:Publishing Wrapper 
2017-11-13 14:45:54  :: @Outgoing Singleton FIX:Publishing Wrapper 
2017-11-13 14:46:02  :: @Outgoing Singleton FIX:Publishing Wrapper 
2017-11-13 14:46:14  :: @Outgoing Singleton FIX:Publishing Wrapper 
2017-11-13 14:46:19  :: @Outgoing Singleton FIX:Publishing Wrapper 
2017-11-13 14:48:08  :: 11/13/2017 2:48:08 PMBaseCommunicationModule.LoadConfig
2017-11-13 14:48:08  :: Loading config:.\OutgoingSingletonConfig.xml
2017-11-13 14:48:08  :: Processing config:.\OutgoingSingletonConfig.xml
2017-11-13 14:48:08  :: Ending GetConfiguracion .\OutgoingSingletonConfig.xml
2017-11-13 14:48:21  :: @Outgoing Singleton FIX:Publishing Wrapper 
2017-11-13 14:48:22  :: @Outgoing Singleton FIX:Publishing Wrapper 
2017-11-13 15:13:02  :: 11/13/2017 3:13:02 PMBaseCommunicationModule.LoadConfig
2017-11-13 15:13:02  :: Loading config:.\OutgoingSingletonConfig.xml
2017-11-13 15:13:02  :: Processing config:.\OutgoingSingletonConfig.xml
2017-11-13 15:13:02  :: Ending GetConfiguracion .\OutgoingSingletonConfig.xml
2017-11-13 15:13:11  :: @Outgoing Singleton FIX:Publishing Wrapper 
2017-11-13 15:13:11  :: @Outgoing Singleton FIX:Publishing Wrapper 
2017-11-13 15:13:30  :: @@Primary Ceritifaction Test:Sending message BUSINESS_MESSAGE_REJECT not implemented:Error Publishing Wrapper. Error=Outgoing Singleton FIX 
2017-11-13 15:14:24  :: 11/13/2017 3:14:24 PMBaseCommunicationModule.LoadConfig
2017-11-13 15:14:24  :: Loading config:.\OutgoingSingletonConfig.xml
2017-11-13 15:14:24  :: Processing config:.\OutgoingSingletonConfig.xml
2017-11-13 15:14:24  :: Ending GetConfiguracion .\OutgoingSingletonConfig.xml
2017-11-13 15:14:45  :: @Outgoing Singleton FIX:Publishing Wrapper 
2017-11-13 15:14:45  :: @Outgoing Singleton FIX:Publishing Wrapper 
2017-11-13 15:15:15  :: @@Primary Ceritifaction Test:Sending message BUSINESS_MESSAGE_REJECT not implemented:Error Publishing Wrapper. Error=Outgoing Singleton FIX 
2017-11-13 15:17:14  :: 11/13/2017 3:17:14 PMBaseCommunicationModule.LoadConfig
2017-11-13 15:17:14  :: Loading config:.\OutgoingSingletonConfig.xml
2017-11-13 15:17:14  :: Processing config:.\OutgoingSingletonConfig.xml
2017-11-13 15:17:14  :: Ending GetConfiguracion .\OutgoingSingletonConfig.xml
2017-11-13 15:18:22  :: 11/13/2017 3:18:22 PMBaseCommunicationModule.LoadConfig
2017-11-13 15:18:22  :: Loading config:.\OutgoingSingletonConfig.xml
2017-11-13 15:18:22  :: Processing config:.\OutgoingSingletonConfig.xml
2017-11-13 15:18:22  :: Ending GetConfiguracion .\OutgoingSingletonConfig.xml
2017-11-13 15:18:37  :: @Outgoing Singleton FIX:Publishing Wrapper 
2017-11-13 15:18:37  :: @Outgoing Singleton FIX:Publishing Wrapper 
2017-11-13 15:19:06  :: @Se produjo una excepci칩n de tipo 'QuickFix.FieldNotFound'.:Error Publishing Wrapper. Error=Outgoing Singleton FIX 
2017-11-13 15:23:40  :: 11/13/2017 3:23:40 PMBaseCommunicationModule.LoadConfig
2017-11-13 15:23:40  :: Loading config:.\OutgoingSingletonConfig.xml
2017-11-13 15:23:40  :: Processing config:.\OutgoingSingletonConfig.xml
2017-11-13 15:23:40  :: Ending GetConfiguracion .\OutgoingSingletonConfig.xml
2017-11-13 15:29:34  :: 11/13/2017 3:29:34 PMBaseCommunicationModule.LoadConfig
2017-11-13 15:29:34  :: Loading config:.\OutgoingSingletonConfig.xml
2017-11-13 15:29:34  :: Processing config:.\OutgoingSingletonConfig.xml
2017-11-13 15:29:34  :: Ending GetConfiguracion .\OutgoingSingletonConfig.xml
2017-11-13 15:29:46  :: @Outgoing Singleton FIX:Publishing Wrapper 
2017-11-13 15:29:46  :: @Outgoing Singleton FIX:Publishing Wrapper 
2017-11-13 15:30:18  :: @Se produjo una excepci칩n de tipo 'QuickFix.IncorrectDataFormat'.:Error Publishing Wrapper. Error=Outgoing Singleton FIX 
2017-11-13 15:31:04  :: 11/13/2017 3:31:04 PMBaseCommunicationModule.LoadConfig
2017-11-13 15:31:04  :: Loading config:.\OutgoingSingletonConfig.xml
2017-11-13 15:31:04  :: Processing config:.\OutgoingSingletonConfig.xml
2017-11-13 15:31:04  :: Ending GetConfiguracion .\OutgoingSingletonConfig.xml
2017-11-13 15:31:15  :: @Outgoing Singleton FIX:Publishing Wrapper 
2017-11-13 15:31:15  :: @Outgoing Singleton FIX:Publishing Wrapper 
2017-11-13 15:32:41  :: @Outgoing Singleton FIX:Publishing Wrapper 
2017-11-13 15:32:41  :: @Outgoing Singleton FIX:Publishing Wrapper 
2017-11-13 15:32:56  :: @Outgoing Singleton FIX:Publishing Wrapper 
2017-11-13 15:35:15  :: 11/13/2017 3:35:15 PMBaseCommunicationModule.LoadConfig
2017-11-13 15:35:15  :: Loading config:.\OutgoingSingletonConfig.xml
2017-11-13 15:35:15  :: Processing config:.\OutgoingSingletonConfig.xml
2017-11-13 15:35:15  :: Ending GetConfiguracion .\OutgoingSingletonConfig.xml
2017-11-13 15:35:25  :: @Outgoing Singleton FIX:Publishing Wrapper 
2017-11-13 15:35:28  :: @Outgoing Singleton FIX:Publishing Wrapper 
2017-11-13 15:35:37  :: @Outgoing Singleton FIX:Publishing Wrapper 
2017-11-13 15:35:42  :: @Outgoing Singleton FIX:Publishing Wrapper 
2017-11-13 15:35:44  :: @Outgoing Singleton FIX:Publishing Wrapper 
2017-11-13 15:35:52  :: @Outgoing Singleton FIX:Publishing Wrapper 
2017-11-13 15:36:16  :: @Outgoing Singleton FIX:Publishing Wrapper 
2017-11-13 15:36:17  :: @Outgoing Singleton FIX:Publishing Wrapper 
2017-11-13 15:36:27  :: @Outgoing Singleton FIX:Publishing Wrapper 
2017-11-13 15:38:27  :: 11/13/2017 3:38:27 PMBaseCommunicationModule.LoadConfig
2017-11-13 15:38:27  :: Loading config:.\OutgoingSingletonConfig.xml
2017-11-13 15:38:27  :: Processing config:.\OutgoingSingletonConfig.xml
2017-11-13 15:38:27  :: Ending GetConfiguracion .\OutgoingSingletonConfig.xml
2017-11-13 15:38:40  :: @Outgoing Singleton FIX:Publishing Wrapper 
2017-11-13 15:38:40  :: @Outgoing Singleton FIX:Publishing Wrapper 
2017-11-13 15:38:43  :: @Outgoing Singleton FIX:Publishing Wrapper 
2017-11-13 15:38:49  :: @Outgoing Singleton FIX:Publishing Wrapper 
2017-11-13 15:39:06  :: @Outgoing Singleton FIX:Publishing Wrapper 
2017-11-13 16:23:10  :: 11/13/2017 4:23:10 PMBaseCommunicationModule.LoadConfig
2017-11-13 16:23:10  :: Loading config:.\OutgoingSingletonConfig.xml
2017-11-13 16:23:10  :: Processing config:.\OutgoingSingletonConfig.xml
2017-11-13 16:23:10  :: Ending GetConfiguracion .\OutgoingSingletonConfig.xml
2017-11-13 16:23:31  :: @Outgoing Singleton FIX:Publishing Wrapper 
2017-11-13 16:23:31  :: @Outgoing Singleton FIX:Publishing Wrapper 
2017-11-13 16:25:46  :: 11/13/2017 4:25:46 PMBaseCommunicationModule.LoadConfig
2017-11-13 16:25:46  :: Loading config:.\OutgoingSingletonConfig.xml
2017-11-13 16:25:46  :: Processing config:.\OutgoingSingletonConfig.xml
2017-11-13 16:25:46  :: Ending GetConfiguracion .\OutgoingSingletonConfig.xml
2017-11-13 16:25:58  :: @Outgoing Singleton FIX:Publishing Wrapper 
2017-11-13 16:25:58  :: @Outgoing Singleton FIX:Publishing Wrapper 
2017-11-13 16:26:24  :: @Outgoing Singleton FIX:Publishing Wrapper 
2017-11-13 16:27:06  :: @Outgoing Singleton FIX:Publishing Wrapper 
2017-11-13 16:28:39  :: 11/13/2017 4:28:39 PMBaseCommunicationModule.LoadConfig
2017-11-13 16:28:39  :: Loading config:.\OutgoingSingletonConfig.xml
2017-11-13 16:28:39  :: Processing config:.\OutgoingSingletonConfig.xml
2017-11-13 16:28:39  :: Ending GetConfiguracion .\OutgoingSingletonConfig.xml
2017-11-13 16:28:54  :: @Outgoing Singleton FIX:Publishing Wrapper 
2017-11-13 16:28:57  :: @Outgoing Singleton FIX:Publishing Wrapper 
2017-11-13 16:33:01  :: 11/13/2017 4:33:01 PMBaseCommunicationModule.LoadConfig
2017-11-13 16:33:01  :: Loading config:.\OutgoingSingletonConfig.xml
2017-11-13 16:33:01  :: Processing config:.\OutgoingSingletonConfig.xml
2017-11-13 16:33:01  :: Ending GetConfiguracion .\OutgoingSingletonConfig.xml
2017-11-13 16:33:25  :: @Outgoing Singleton FIX:Publishing Wrapper 
2017-11-13 16:33:27  :: @Outgoing Singleton FIX:Publishing Wrapper 
2017-11-13 16:34:06  :: @Outgoing Singleton FIX:Publishing Wrapper 
2017-11-13 16:36:08  :: 11/13/2017 4:36:08 PMBaseCommunicationModule.LoadConfig
2017-11-13 16:36:08  :: Loading config:.\OutgoingSingletonConfig.xml
2017-11-13 16:36:08  :: Processing config:.\OutgoingSingletonConfig.xml
2017-11-13 16:36:08  :: Ending GetConfiguracion .\OutgoingSingletonConfig.xml
2017-11-13 16:38:10  :: 11/13/2017 4:38:10 PMBaseCommunicationModule.LoadConfig
2017-11-13 16:38:10  :: Loading config:.\OutgoingSingletonConfig.xml
2017-11-13 16:38:10  :: Processing config:.\OutgoingSingletonConfig.xml
2017-11-13 16:38:10  :: Ending GetConfiguracion .\OutgoingSingletonConfig.xml
2017-11-13 16:38:31  :: @Outgoing Singleton FIX:Publishing Wrapper 
2017-11-13 16:38:32  :: @Outgoing Singleton FIX:Publishing Wrapper 
2017-11-13 16:39:15  :: @Outgoing Singleton FIX:Publishing Wrapper 
2017-11-13 16:47:51  :: 11/13/2017 4:47:51 PMBaseCommunicationModule.LoadConfig
2017-11-13 16:47:51  :: Loading config:.\OutgoingSingletonConfig.xml
2017-11-13 16:47:51  :: Processing config:.\OutgoingSingletonConfig.xml
2017-11-13 16:47:51  :: Ending GetConfiguracion .\OutgoingSingletonConfig.xml
2017-11-13 16:48:40  :: 11/13/2017 4:48:40 PMBaseCommunicationModule.LoadConfig
2017-11-13 16:48:40  :: Loading config:.\OutgoingSingletonConfig.xml
2017-11-13 16:48:40  :: Processing config:.\OutgoingSingletonConfig.xml
2017-11-13 16:48:40  :: Ending GetConfiguracion .\OutgoingSingletonConfig.xml
2017-11-13 16:48:50  :: @Outgoing Singleton FIX:Publishing Wrapper 
2017-11-13 16:49:25  :: 11/13/2017 4:49:25 PMBaseCommunicationModule.LoadConfig
2017-11-13 16:49:25  :: Loading config:.\OutgoingSingletonConfig.xml
2017-11-13 16:49:25  :: Processing config:.\OutgoingSingletonConfig.xml
2017-11-13 16:49:25  :: Ending GetConfiguracion .\OutgoingSingletonConfig.xml
2017-11-13 16:49:36  :: @Outgoing Singleton FIX:Publishing Wrapper 
2017-11-13 16:49:39  :: @Outgoing Singleton FIX:Publishing Wrapper 
2017-11-13 16:50:07  :: 11/13/2017 4:50:07 PMBaseCommunicationModule.LoadConfig
2017-11-13 16:50:07  :: Loading config:.\OutgoingSingletonConfig.xml
2017-11-13 16:50:07  :: Processing config:.\OutgoingSingletonConfig.xml
2017-11-13 16:50:07  :: Ending GetConfiguracion .\OutgoingSingletonConfig.xml
2017-11-13 16:50:34  :: @Outgoing Singleton FIX:Publishing Wrapper 
2017-11-13 16:50:38  :: @Outgoing Singleton FIX:Publishing Wrapper 
2017-11-13 16:51:10  :: @Outgoing Singleton FIX:Publishing Wrapper 
2017-11-13 16:51:25  :: @Outgoing Singleton FIX:Publishing Wrapper 
2017-11-13 16:51:55  :: @Outgoing Singleton FIX:Publishing Wrapper 
2017-11-13 16:52:41  :: @Outgoing Singleton FIX:Publishing Wrapper 
2017-11-13 17:22:04  :: 11/13/2017 5:22:04 PMBaseCommunicationModule.LoadConfig
2017-11-13 17:22:04  :: Loading config:.\OutgoingSingletonConfig.xml
2017-11-13 17:22:04  :: Processing config:.\OutgoingSingletonConfig.xml
2017-11-13 17:22:04  :: Ending GetConfiguracion .\OutgoingSingletonConfig.xml
2017-11-13 17:22:18  :: @Outgoing Singleton FIX:Publishing Wrapper 
2017-11-13 17:22:19  :: @Outgoing Singleton FIX:Publishing Wrapper 
2017-11-13 17:22:24  :: @Outgoing Singleton FIX:Publishing Wrapper 
2017-11-13 17:24:02  :: 11/13/2017 5:24:02 PMBaseCommunicationModule.LoadConfig
2017-11-13 17:24:02  :: Loading config:.\OutgoingSingletonConfig.xml
2017-11-13 17:24:02  :: Processing config:.\OutgoingSingletonConfig.xml
2017-11-13 17:24:02  :: Ending GetConfiguracion .\OutgoingSingletonConfig.xml
2017-11-13 17:24:42  :: @Outgoing Singleton FIX:Publishing Wrapper 
2017-11-13 17:24:43  :: @Outgoing Singleton FIX:Publishing Wrapper 
2017-11-13 17:24:46  :: @Outgoing Singleton FIX:Publishing Wrapper 
2017-11-13 17:26:09  :: 11/13/2017 5:26:09 PMBaseCommunicationModule.LoadConfig
2017-11-13 17:26:09  :: Loading config:.\OutgoingSingletonConfig.xml
2017-11-13 17:26:09  :: Processing config:.\OutgoingSingletonConfig.xml
2017-11-13 17:26:09  :: Ending GetConfiguracion .\OutgoingSingletonConfig.xml
2017-11-13 17:26:20  :: @Outgoing Singleton FIX:Publishing Wrapper 
2017-11-13 17:26:20  :: @Outgoing Singleton FIX:Publishing Wrapper 
2017-11-13 17:26:24  :: @Outgoing Singleton FIX:Publishing Wrapper 
2017-11-13 17:26:39  :: @Outgoing Singleton FIX:Publishing Wrapper 
2017-11-13 17:26:39  :: @Outgoing Singleton FIX:Publishing Wrapper 
2017-11-13 17:26:41  :: @Outgoing Singleton FIX:Publishing Wrapper 
2017-11-13 17:26:49  :: @Outgoing Singleton FIX:Publishing Wrapper 
2017-11-13 17:26:49  :: @Outgoing Singleton FIX:Publishing Wrapper 
2017-11-13 17:26:50  :: @Outgoing Singleton FIX:Publishing Wrapper 
2017-11-13 17:34:39  :: 11/13/2017 5:34:39 PMBaseCommunicationModule.LoadConfig
2017-11-13 17:34:39  :: Loading config:.\OutgoingSingletonConfig.xml
2017-11-13 17:34:39  :: Processing config:.\OutgoingSingletonConfig.xml
2017-11-13 17:34:39  :: Ending GetConfiguracion .\OutgoingSingletonConfig.xml
2017-11-13 17:35:51  :: @Outgoing Singleton FIX:Publishing Wrapper 
2017-11-13 17:37:33  :: @Outgoing Singleton FIX:Publishing Wrapper 
2017-11-13 18:06:53  :: 11/13/2017 6:06:53 PMBaseCommunicationModule.LoadConfig
2017-11-13 18:06:53  :: Loading config:.\OutgoingSingletonConfig.xml
2017-11-13 18:06:53  :: Processing config:.\OutgoingSingletonConfig.xml
2017-11-13 18:06:53  :: Ending GetConfiguracion .\OutgoingSingletonConfig.xml
2017-11-13 18:07:22  :: @Outgoing Singleton FIX:Publishing Wrapper 
2017-11-13 18:11:57  :: 11/13/2017 6:11:57 PMBaseCommunicationModule.LoadConfig
2017-11-13 18:11:57  :: Loading config:.\OutgoingSingletonConfig.xml
2017-11-13 18:11:57  :: Processing config:.\OutgoingSingletonConfig.xml
2017-11-13 18:11:57  :: Ending GetConfiguracion .\OutgoingSingletonConfig.xml
2017-11-13 18:12:51  :: 11/13/2017 6:12:51 PMBaseCommunicationModule.LoadConfig
2017-11-13 18:12:51  :: Loading config:.\OutgoingSingletonConfig.xml
2017-11-13 18:12:51  :: Processing config:.\OutgoingSingletonConfig.xml
2017-11-13 18:12:51  :: Ending GetConfiguracion .\OutgoingSingletonConfig.xml
2017-11-13 18:26:51  :: 11/13/2017 6:26:51 PMBaseCommunicationModule.LoadConfig
2017-11-13 18:26:51  :: Loading config:.\OutgoingSingletonConfig.xml
2017-11-13 18:26:51  :: Processing config:.\OutgoingSingletonConfig.xml
2017-11-13 18:26:51  :: Ending GetConfiguracion .\OutgoingSingletonConfig.xml
2017-11-13 18:27:00  :: @Outgoing Singleton FIX:Publishing Wrapper 
2017-11-13 18:29:36  :: 11/13/2017 6:29:36 PMBaseCommunicationModule.LoadConfig
2017-11-13 18:29:36  :: Loading config:.\OutgoingSingletonConfig.xml
2017-11-13 18:29:36  :: Processing config:.\OutgoingSingletonConfig.xml
2017-11-13 18:29:36  :: Ending GetConfiguracion .\OutgoingSingletonConfig.xml
2017-11-13 18:29:45  :: @Outgoing Singleton FIX:Publishing Wrapper 
2017-11-13 18:31:56  :: @Outgoing Singleton FIX:Publishing Wrapper 
2017-11-13 18:31:56  :: @Outgoing Singleton FIX:Publishing Wrapper 
2017-11-13 18:31:56  :: @Outgoing Singleton FIX:Publishing Wrapper 
2017-11-13 18:32:11  :: @Outgoing Singleton FIX:Publishing Wrapper 
2017-11-13 18:32:42  :: @Outgoing Singleton FIX:Publishing Wrapper 
2017-11-13 18:32:42  :: @Outgoing Singleton FIX:Publishing Wrapper 
2017-11-13 18:32:43  :: @Outgoing Singleton FIX:Publishing Wrapper 
2017-11-13 18:33:20  :: @Outgoing Singleton FIX:Publishing Wrapper 
2017-11-13 18:33:30  :: @Outgoing Singleton FIX:Publishing Wrapper 
2017-11-13 18:33:30  :: @Outgoing Singleton FIX:Publishing Wrapper 
2017-11-13 18:33:30  :: @Outgoing Singleton FIX:Publishing Wrapper 
2017-11-13 18:33:41  :: @Outgoing Singleton FIX:Publishing Wrapper 
2017-11-13 18:33:53  :: @Outgoing Singleton FIX:Publishing Wrapper 
2017-11-13 18:34:38  :: @Outgoing Singleton FIX:Publishing Wrapper 
2017-11-13 18:34:38  :: @Outgoing Singleton FIX:Publishing Wrapper 
2017-11-13 18:34:41  :: @Outgoing Singleton FIX:Publishing Wrapper 
2017-11-13 18:35:00  :: @Outgoing Singleton FIX:Publishing Wrapper 
2017-11-13 18:35:00  :: @Outgoing Singleton FIX:Publishing Wrapper 
2017-11-13 18:35:02  :: @Outgoing Singleton FIX:Publishing Wrapper 
2017-11-13 18:35:17  :: @Outgoing Singleton FIX:Publishing Wrapper 
2017-11-13 18:35:23  :: @Outgoing Singleton FIX:Publishing Wrapper 
2017-11-13 18:35:24  :: @Outgoing Singleton FIX:Publishing Wrapper 
2017-11-13 18:35:31  :: @Outgoing Singleton FIX:Publishing Wrapper 
