2017-11-16 10:25:57  :: 11/16/2017 10:25:57 AMBaseCommunicationModule.LoadConfig
2017-11-16 10:25:57  :: Loading config:.\OutgoingSingletonConfig.xml
2017-11-16 10:25:57  :: Processing config:.\OutgoingSingletonConfig.xml
2017-11-16 10:25:57  :: Ending GetConfiguracion .\OutgoingSingletonConfig.xml
2017-11-16 10:27:10  :: @Outgoing Singleton FIX:Publishing Wrapper 
2017-11-16 10:27:24  :: @Outgoing Singleton FIX:Publishing Wrapper 
2017-11-16 10:29:43  :: @Outgoing Singleton FIX:Publishing Wrapper 
2017-11-16 10:29:43  :: @Outgoing Singleton FIX:Publishing Wrapper 
2017-11-16 10:29:43  :: @Outgoing Singleton FIX:Publishing Wrapper 
2017-11-16 10:30:12  :: @Outgoing Singleton FIX:Publishing Wrapper 
2017-11-16 10:30:44  :: @Outgoing Singleton FIX:Publishing Wrapper 
2017-11-16 10:30:44  :: @Outgoing Singleton FIX:Publishing Wrapper 
2017-11-16 10:30:44  :: @Outgoing Singleton FIX:Publishing Wrapper 
2017-11-16 10:30:47  :: @Outgoing Singleton FIX:Publishing Wrapper 
2017-11-16 10:30:56  :: @Outgoing Singleton FIX:Publishing Wrapper 
2017-11-16 10:31:03  :: @Outgoing Singleton FIX:Publishing Wrapper 
2017-11-16 10:31:03  :: @Outgoing Singleton FIX:Publishing Wrapper 
2017-11-16 10:31:03  :: @Outgoing Singleton FIX:Publishing Wrapper 
2017-11-16 10:31:25  :: @Outgoing Singleton FIX:Publishing Wrapper 
2017-11-16 10:32:23  :: @Outgoing Singleton FIX:Publishing Wrapper 
2017-11-16 10:32:53  :: @Outgoing Singleton FIX:Publishing Wrapper 
2017-11-16 10:32:53  :: @Outgoing Singleton FIX:Publishing Wrapper 
2017-11-16 10:32:53  :: @Outgoing Singleton FIX:Publishing Wrapper 
2017-11-16 10:32:55  :: @Outgoing Singleton FIX:Publishing Wrapper 
2017-11-16 10:33:14  :: @Outgoing Singleton FIX:Publishing Wrapper 
2017-11-16 10:33:15  :: @Outgoing Singleton FIX:Publishing Wrapper 
2017-11-16 10:33:15  :: @Outgoing Singleton FIX:Publishing Wrapper 
2017-11-16 10:33:18  :: @Outgoing Singleton FIX:Publishing Wrapper 
2017-11-16 10:33:54  :: @Outgoing Singleton FIX:Publishing Wrapper 
2017-11-16 10:33:55  :: @Outgoing Singleton FIX:Publishing Wrapper 
2017-11-16 10:33:55  :: @Outgoing Singleton FIX:Publishing Wrapper 
2017-11-16 10:33:56  :: @Outgoing Singleton FIX:Publishing Wrapper 
2017-11-16 10:34:05  :: @Outgoing Singleton FIX:Publishing Wrapper 
2017-11-16 10:34:05  :: @Outgoing Singleton FIX:Publishing Wrapper 
2017-11-16 10:34:05  :: @Outgoing Singleton FIX:Publishing Wrapper 
2017-11-16 10:34:08  :: @Outgoing Singleton FIX:Publishing Wrapper 
2017-11-16 10:34:11  :: @Outgoing Singleton FIX:Publishing Wrapper 
2017-11-16 10:34:12  :: @Outgoing Singleton FIX:Publishing Wrapper 
2017-11-16 10:34:12  :: @Outgoing Singleton FIX:Publishing Wrapper 
2017-11-16 10:34:16  :: @Outgoing Singleton FIX:Publishing Wrapper 
2017-11-16 11:09:32  :: 11/16/2017 11:09:32 AMBaseCommunicationModule.LoadConfig
2017-11-16 11:09:32  :: Loading config:.\OutgoingSingletonConfig.xml
2017-11-16 11:09:32  :: Processing config:.\OutgoingSingletonConfig.xml
2017-11-16 11:09:32  :: Ending GetConfiguracion .\OutgoingSingletonConfig.xml
2017-11-16 11:29:52  :: @Outgoing Singleton FIX:Publishing Wrapper 
2017-11-16 11:30:03  :: @Outgoing Singleton FIX:Publishing Wrapper 
2017-11-16 11:30:12  :: @Outgoing Singleton FIX:Publishing Wrapper 
2017-11-16 11:31:02  :: @Outgoing Singleton FIX:Publishing Wrapper 
2017-11-16 11:31:02  :: @Outgoing Singleton FIX:Publishing Wrapper 
2017-11-16 11:31:02  :: @Outgoing Singleton FIX:Publishing Wrapper 
2017-11-16 11:31:09  :: @Outgoing Singleton FIX:Publishing Wrapper 
2017-11-16 11:31:45  :: @Outgoing Singleton FIX:Publishing Wrapper 
2017-11-16 11:32:26  :: @Outgoing Singleton FIX:Publishing Wrapper 
2017-11-16 11:32:26  :: @Outgoing Singleton FIX:Publishing Wrapper 
2017-11-16 11:32:47  :: @Outgoing Singleton FIX:Publishing Wrapper 
2017-11-16 11:33:33  :: @Outgoing Singleton FIX:Publishing Wrapper 
2017-11-16 11:33:39  :: @Outgoing Singleton FIX:Publishing Wrapper 
2017-11-16 11:33:39  :: @Outgoing Singleton FIX:Publishing Wrapper 
2017-11-16 11:33:40  :: @Outgoing Singleton FIX:Publishing Wrapper 
2017-11-16 11:33:41  :: @Outgoing Singleton FIX:Publishing Wrapper 
2017-11-16 11:34:04  :: @Outgoing Singleton FIX:Publishing Wrapper 
2017-11-16 11:34:04  :: @Outgoing Singleton FIX:Publishing Wrapper 
2017-11-16 11:34:04  :: @Outgoing Singleton FIX:Publishing Wrapper 
2017-11-16 11:34:12  :: @Outgoing Singleton FIX:Publishing Wrapper 
2017-11-16 11:35:37  :: @Outgoing Singleton FIX:Publishing Wrapper 
2017-11-16 11:35:37  :: @Outgoing Singleton FIX:Publishing Wrapper 
2017-11-16 11:36:20  :: @Outgoing Singleton FIX:Publishing Wrapper 
2017-11-16 11:36:24  :: @Outgoing Singleton FIX:Publishing Wrapper 
2017-11-16 11:36:24  :: @Outgoing Singleton FIX:Publishing Wrapper 
2017-11-16 11:36:24  :: @Outgoing Singleton FIX:Publishing Wrapper 
2017-11-16 11:36:26  :: @Outgoing Singleton FIX:Publishing Wrapper 
