2017-02-13 21:32:54  :: 13/2/2017 9:32:54 p. m.MainApp.LoadConfig
2017-02-13 21:32:54  :: Loading config:C:\Users\Compumar\Dropbox\HFTPlatform\HFTPlatform\Main Apps\MomentumPortfolioFormation\bin\Debug\config.xml
2017-02-13 21:32:54  :: Proccessing config:C:\Users\Compumar\Dropbox\HFTPlatform\HFTPlatform\Main Apps\MomentumPortfolioFormation\bin\Debug\config.xml
2017-02-13 21:32:54  :: Fin GetConfiguracion
2017-02-13 21:32:54  :: Incoming Module not found. It will not be initialized
2017-02-13 21:32:54  :: Initializing Log
2017-02-13 21:32:54  :: Initializing Incoming Module
2017-02-13 21:32:54  :: Incoming module could not be initialized because it was not instantiated
2017-02-13 21:32:54  :: Initializing Outgoing Module
2017-02-13 21:34:01  :: 13/2/2017 9:34:01 p. m.MainApp.LoadConfig
2017-02-13 21:34:01  :: Loading config:C:\Users\Compumar\Dropbox\HFTPlatform\HFTPlatform\Main Apps\MomentumPortfolioFormation\bin\Debug\config.xml
2017-02-13 21:34:01  :: Proccessing config:C:\Users\Compumar\Dropbox\HFTPlatform\HFTPlatform\Main Apps\MomentumPortfolioFormation\bin\Debug\config.xml
2017-02-13 21:34:01  :: Fin GetConfiguracion
2017-02-13 21:34:01  :: Incoming Module not found. It will not be initialized
2017-02-13 21:34:01  :: Initializing Log
2017-02-13 21:34:01  :: Initializing Incoming Module
2017-02-13 21:34:01  :: Incoming module could not be initialized because it was not instantiated
2017-02-13 21:34:01  :: Initializing Outgoing Module
2017-02-13 21:35:52  :: 13/2/2017 9:35:52 p. m.MainApp.LoadConfig
2017-02-13 21:35:52  :: Loading config:C:\Users\Compumar\Dropbox\HFTPlatform\HFTPlatform\Main Apps\MomentumPortfolioFormation\bin\Debug\config.xml
2017-02-13 21:35:52  :: Proccessing config:C:\Users\Compumar\Dropbox\HFTPlatform\HFTPlatform\Main Apps\MomentumPortfolioFormation\bin\Debug\config.xml
2017-02-13 21:35:52  :: Fin GetConfiguracion
2017-02-13 21:35:52  :: Incoming Module not found. It will not be initialized
2017-02-13 21:35:52  :: Initializing Log
2017-02-13 21:35:52  :: Initializing Incoming Module
2017-02-13 21:35:52  :: Incoming module could not be initialized because it was not instantiated
2017-02-13 21:35:52  :: Initializing Outgoing Module
2017-02-13 21:47:52  :: 13/2/2017 9:47:52 p. m.MainApp.LoadConfig
2017-02-13 21:47:52  :: Loading config:C:\Users\Compumar\Dropbox\HFTPlatform\HFTPlatform\Main Apps\MomentumPortfolioFormation\bin\Debug\config.xml
2017-02-13 21:47:52  :: Proccessing config:C:\Users\Compumar\Dropbox\HFTPlatform\HFTPlatform\Main Apps\MomentumPortfolioFormation\bin\Debug\config.xml
2017-02-13 21:47:52  :: Fin GetConfiguracion
2017-02-13 21:47:52  :: Incoming Module not found. It will not be initialized
2017-02-13 21:47:52  :: Initializing Log
2017-02-13 21:47:52  :: Initializing Incoming Module
2017-02-13 21:47:52  :: Incoming module could not be initialized because it was not instantiated
2017-02-13 21:47:52  :: Initializing Outgoing Module
2017-02-13 21:48:31  :: 13/2/2017 9:48:31 p. m.MainApp.LoadConfig
2017-02-13 21:48:31  :: Loading config:C:\Users\Compumar\Dropbox\HFTPlatform\HFTPlatform\Main Apps\MomentumPortfolioFormation\bin\Debug\config.xml
2017-02-13 21:48:31  :: Proccessing config:C:\Users\Compumar\Dropbox\HFTPlatform\HFTPlatform\Main Apps\MomentumPortfolioFormation\bin\Debug\config.xml
2017-02-13 21:48:31  :: Fin GetConfiguracion
2017-02-13 21:48:31  :: Incoming Module not found. It will not be initialized
2017-02-13 21:48:31  :: Initializing Log
2017-02-13 21:48:31  :: Initializing Incoming Module
2017-02-13 21:48:31  :: Incoming module could not be initialized because it was not instantiated
2017-02-13 21:48:31  :: Initializing Outgoing Module
2017-02-13 21:49:55  :: 13/2/2017 9:49:55 p. m.MainApp.LoadConfig
2017-02-13 21:49:55  :: Loading config:C:\Users\Compumar\Dropbox\HFTPlatform\HFTPlatform\Main Apps\MomentumPortfolioFormation\bin\Debug\config.xml
2017-02-13 21:49:55  :: Proccessing config:C:\Users\Compumar\Dropbox\HFTPlatform\HFTPlatform\Main Apps\MomentumPortfolioFormation\bin\Debug\config.xml
2017-02-13 21:49:55  :: Fin GetConfiguracion
2017-02-13 21:49:55  :: Incoming Module not found. It will not be initialized
2017-02-13 21:49:55  :: Initializing Log
2017-02-13 21:49:55  :: Initializing Incoming Module
2017-02-13 21:49:55  :: Incoming module could not be initialized because it was not instantiated
2017-02-13 21:49:55  :: Initializing Outgoing Module
2017-02-13 21:50:33  :: 13/2/2017 9:50:33 p. m.MainApp.LoadConfig
2017-02-13 21:50:33  :: Loading config:C:\Users\Compumar\Dropbox\HFTPlatform\HFTPlatform\Main Apps\MomentumPortfolioFormation\bin\Debug\config.xml
2017-02-13 21:50:33  :: Proccessing config:C:\Users\Compumar\Dropbox\HFTPlatform\HFTPlatform\Main Apps\MomentumPortfolioFormation\bin\Debug\config.xml
2017-02-13 21:50:33  :: Fin GetConfiguracion
2017-02-13 21:50:33  :: Incoming Module not found. It will not be initialized
2017-02-13 21:50:33  :: Initializing Log
2017-02-13 21:50:33  :: Initializing Incoming Module
2017-02-13 21:50:33  :: Incoming module could not be initialized because it was not instantiated
2017-02-13 21:50:33  :: Initializing Outgoing Module
2017-02-13 21:51:02  :: 13/2/2017 9:51:02 p. m.MainApp.LoadConfig
2017-02-13 21:51:02  :: Loading config:C:\Users\Compumar\Dropbox\HFTPlatform\HFTPlatform\Main Apps\MomentumPortfolioFormation\bin\Debug\config.xml
2017-02-13 21:51:02  :: Proccessing config:C:\Users\Compumar\Dropbox\HFTPlatform\HFTPlatform\Main Apps\MomentumPortfolioFormation\bin\Debug\config.xml
2017-02-13 21:51:02  :: Fin GetConfiguracion
2017-02-13 21:51:02  :: Incoming Module not found. It will not be initialized
2017-02-13 21:51:02  :: Initializing Log
2017-02-13 21:51:02  :: Initializing Incoming Module
2017-02-13 21:51:02  :: Incoming module could not be initialized because it was not instantiated
2017-02-13 21:51:02  :: Initializing Outgoing Module
2017-02-13 21:51:24  :: Outgoing Module successfully initialized
