2018-01-19 13:11:07  :: 19/1/2018 13:11:07MainApp.LoadConfig
2018-01-19 13:11:07  :: Loading config:C:\Users\zimzum\Desktop\Projects\HFTPlatform\HFTPlatform\PrimaryCertification\bin\Debug\config.xml
2018-01-19 13:11:07  :: Proccessing config:C:\Users\zimzum\Desktop\Projects\HFTPlatform\HFTPlatform\PrimaryCertification\bin\Debug\config.xml
2018-01-19 13:11:07  :: Fin GetConfiguracion
2018-01-19 13:11:07  :: Initializing Log
2018-01-19 13:11:07  :: Initializing Incoming Module
2018-01-19 13:11:08  :: Incoming Module successfully initialized
2018-01-19 13:11:08  :: Initializing Outgoing Module
2018-01-19 13:11:08  :: Outgoing Module successfully initialized
2018-01-19 13:11:30  :: ProcessMessageToIncoming
2018-01-19 13:12:58  :: 19/1/2018 13:12:58MainApp.LoadConfig
2018-01-19 13:12:58  :: Loading config:C:\Users\zimzum\Desktop\Projects\HFTPlatform\HFTPlatform\PrimaryCertification\bin\Debug\config.xml
2018-01-19 13:12:58  :: Proccessing config:C:\Users\zimzum\Desktop\Projects\HFTPlatform\HFTPlatform\PrimaryCertification\bin\Debug\config.xml
2018-01-19 13:12:58  :: Fin GetConfiguracion
2018-01-19 13:12:58  :: Initializing Log
2018-01-19 13:12:58  :: Initializing Incoming Module
2018-01-19 13:12:58  :: Incoming Module successfully initialized
2018-01-19 13:12:58  :: Initializing Outgoing Module
2018-01-19 13:12:58  :: Outgoing Module successfully initialized
2018-01-19 13:14:24  :: ProcessMessageToOutgoing
2018-01-19 13:14:51  :: ProcessMessageToOutgoing
2018-01-19 13:15:43  :: ProcessMessageToOutgoing
2018-01-19 13:15:51  :: ProcessMessageToOutgoing
2018-01-19 13:15:59  :: ProcessMessageToOutgoing
2018-01-19 13:16:38  :: ProcessMessageToIncoming
2018-01-19 13:17:26  :: ProcessMessageToOutgoing
2018-01-19 13:20:09  :: ProcessMessageToOutgoing
2018-01-19 13:20:19  :: ProcessMessageToOutgoing
2018-01-19 13:21:00  :: ProcessMessageToOutgoing
2018-01-19 13:21:50  :: ProcessMessageToOutgoing
2018-01-19 13:22:03  :: ProcessMessageToOutgoing
2018-01-19 13:22:16  :: ProcessMessageToOutgoing
2018-01-19 13:22:25  :: ProcessMessageToOutgoing
2018-01-19 13:22:48  :: ProcessMessageToOutgoing
2018-01-19 13:22:55  :: ProcessMessageToOutgoing
2018-01-19 13:24:40  :: ProcessMessageToOutgoing
2018-01-19 13:24:48  :: ProcessMessageToOutgoing
2018-01-19 13:26:28  :: ProcessMessageToOutgoing
2018-01-19 13:27:25  :: ProcessMessageToOutgoing
