2020-02-09 11:49:26  :: 9/2/2020 11:49:26MainApp.LoadConfig
2020-02-09 11:49:26  :: Loading config:C:\Users\zimzum\Desktop\Projects\Seeking Bias\HFTPlatform\hftplatform\HFTPlatform\MarketDataDownloader\bin\Debug\config.xml
2020-02-09 11:49:26  :: Proccessing config:C:\Users\zimzum\Desktop\Projects\Seeking Bias\HFTPlatform\hftplatform\HFTPlatform\MarketDataDownloader\bin\Debug\config.xml
2020-02-09 11:49:26  :: Fin GetConfiguracion
2020-02-09 11:49:26  :: Incoming Module not found. It will not be initialized
2020-02-09 11:49:26  :: Initializing Log
2020-02-09 11:49:26  :: Initializing Incoming Module
2020-02-09 11:49:26  :: Incoming module could not be initialized because it was not instantiated
2020-02-09 11:49:26  :: Initializing Outgoing Module
2020-02-09 12:04:32  :: 9/2/2020 12:04:32MainApp.LoadConfig
2020-02-09 12:04:32  :: Loading config:C:\Users\zimzum\Desktop\Projects\Seeking Bias\HFTPlatform\hftplatform\HFTPlatform\MarketDataDownloader\bin\Debug\config.xml
2020-02-09 12:04:32  :: Proccessing config:C:\Users\zimzum\Desktop\Projects\Seeking Bias\HFTPlatform\hftplatform\HFTPlatform\MarketDataDownloader\bin\Debug\config.xml
2020-02-09 12:04:32  :: Fin GetConfiguracion
2020-02-09 12:04:32  :: Incoming Module not found. It will not be initialized
2020-02-09 12:04:32  :: Initializing Log
2020-02-09 12:04:32  :: Initializing Incoming Module
2020-02-09 12:04:32  :: Incoming module could not be initialized because it was not instantiated
2020-02-09 12:04:32  :: Initializing Outgoing Module
2020-02-09 12:06:05  :: 9/2/2020 12:06:05MainApp.LoadConfig
2020-02-09 12:06:05  :: Loading config:C:\Users\zimzum\Desktop\Projects\Seeking Bias\HFTPlatform\hftplatform\HFTPlatform\MarketDataDownloader\bin\Debug\config.xml
2020-02-09 12:06:05  :: Proccessing config:C:\Users\zimzum\Desktop\Projects\Seeking Bias\HFTPlatform\hftplatform\HFTPlatform\MarketDataDownloader\bin\Debug\config.xml
2020-02-09 12:06:05  :: Fin GetConfiguracion
2020-02-09 12:06:05  :: Incoming Module not found. It will not be initialized
2020-02-09 12:06:05  :: Initializing Log
2020-02-09 12:06:05  :: Initializing Incoming Module
2020-02-09 12:06:05  :: Incoming module could not be initialized because it was not instantiated
2020-02-09 12:06:05  :: Initializing Outgoing Module
2020-02-09 12:06:29  :: 9/2/2020 12:06:29MainApp.LoadConfig
2020-02-09 12:06:29  :: Loading config:C:\Users\zimzum\Desktop\Projects\Seeking Bias\HFTPlatform\hftplatform\HFTPlatform\MarketDataDownloader\bin\Debug\config.xml
2020-02-09 12:06:29  :: Proccessing config:C:\Users\zimzum\Desktop\Projects\Seeking Bias\HFTPlatform\hftplatform\HFTPlatform\MarketDataDownloader\bin\Debug\config.xml
2020-02-09 12:06:29  :: Fin GetConfiguracion
2020-02-09 12:06:29  :: Incoming Module not found. It will not be initialized
2020-02-09 12:06:29  :: Initializing Log
2020-02-09 12:06:29  :: Initializing Incoming Module
2020-02-09 12:06:29  :: Incoming module could not be initialized because it was not instantiated
2020-02-09 12:06:29  :: Initializing Outgoing Module
2020-02-09 12:07:10  :: 9/2/2020 12:07:10MainApp.LoadConfig
2020-02-09 12:07:10  :: Loading config:C:\Users\zimzum\Desktop\Projects\Seeking Bias\HFTPlatform\hftplatform\HFTPlatform\MarketDataDownloader\bin\Debug\config.xml
2020-02-09 12:07:10  :: Proccessing config:C:\Users\zimzum\Desktop\Projects\Seeking Bias\HFTPlatform\hftplatform\HFTPlatform\MarketDataDownloader\bin\Debug\config.xml
2020-02-09 12:07:10  :: Fin GetConfiguracion
2020-02-09 12:07:10  :: Incoming Module not found. It will not be initialized
2020-02-09 12:07:10  :: Initializing Log
2020-02-09 12:07:10  :: Initializing Incoming Module
2020-02-09 12:07:10  :: Incoming module could not be initialized because it was not instantiated
2020-02-09 12:07:10  :: Initializing Outgoing Module
2020-02-09 12:07:53  :: 9/2/2020 12:07:53MainApp.LoadConfig
2020-02-09 12:07:53  :: Loading config:C:\Users\zimzum\Desktop\Projects\Seeking Bias\HFTPlatform\hftplatform\HFTPlatform\MarketDataDownloader\bin\Debug\config.xml
2020-02-09 12:07:53  :: Proccessing config:C:\Users\zimzum\Desktop\Projects\Seeking Bias\HFTPlatform\hftplatform\HFTPlatform\MarketDataDownloader\bin\Debug\config.xml
2020-02-09 12:07:53  :: Fin GetConfiguracion
2020-02-09 12:07:53  :: Incoming Module not found. It will not be initialized
2020-02-09 12:07:53  :: Initializing Log
2020-02-09 12:07:53  :: Initializing Incoming Module
2020-02-09 12:07:53  :: Incoming module could not be initialized because it was not instantiated
2020-02-09 12:07:53  :: Initializing Outgoing Module
2020-02-09 12:07:55  :: Outgoing Module successfully initialized
2020-02-09 12:08:13  :: 9/2/2020 12:08:13MainApp.LoadConfig
2020-02-09 12:08:13  :: Loading config:C:\Users\zimzum\Desktop\Projects\Seeking Bias\HFTPlatform\hftplatform\HFTPlatform\MarketDataDownloader\bin\Debug\config.xml
2020-02-09 12:08:13  :: Proccessing config:C:\Users\zimzum\Desktop\Projects\Seeking Bias\HFTPlatform\hftplatform\HFTPlatform\MarketDataDownloader\bin\Debug\config.xml
2020-02-09 12:08:13  :: Fin GetConfiguracion
2020-02-09 12:08:13  :: Incoming Module not found. It will not be initialized
2020-02-09 12:08:13  :: Initializing Log
2020-02-09 12:08:13  :: Initializing Incoming Module
2020-02-09 12:08:13  :: Incoming module could not be initialized because it was not instantiated
2020-02-09 12:08:13  :: Initializing Outgoing Module
2020-02-09 12:08:15  :: Outgoing Module successfully initialized
2020-02-09 12:09:12  :: 9/2/2020 12:09:12MainApp.LoadConfig
2020-02-09 12:09:12  :: Loading config:C:\Users\zimzum\Desktop\Projects\Seeking Bias\HFTPlatform\hftplatform\HFTPlatform\MarketDataDownloader\bin\Debug\config.xml
2020-02-09 12:09:12  :: Proccessing config:C:\Users\zimzum\Desktop\Projects\Seeking Bias\HFTPlatform\hftplatform\HFTPlatform\MarketDataDownloader\bin\Debug\config.xml
2020-02-09 12:09:12  :: Fin GetConfiguracion
2020-02-09 12:09:12  :: Incoming Module not found. It will not be initialized
2020-02-09 12:09:12  :: Initializing Log
2020-02-09 12:09:12  :: Initializing Incoming Module
2020-02-09 12:09:12  :: Incoming module could not be initialized because it was not instantiated
2020-02-09 12:09:12  :: Initializing Outgoing Module
2020-02-09 12:09:14  :: Outgoing Module successfully initialized
2020-02-09 12:11:47  :: 9/2/2020 12:11:47MainApp.LoadConfig
2020-02-09 12:11:47  :: Loading config:C:\Users\zimzum\Desktop\Projects\Seeking Bias\HFTPlatform\hftplatform\HFTPlatform\MarketDataDownloader\bin\Debug\config.xml
2020-02-09 12:11:47  :: Proccessing config:C:\Users\zimzum\Desktop\Projects\Seeking Bias\HFTPlatform\hftplatform\HFTPlatform\MarketDataDownloader\bin\Debug\config.xml
2020-02-09 12:11:47  :: Fin GetConfiguracion
2020-02-09 12:11:47  :: Incoming Module not found. It will not be initialized
2020-02-09 12:11:47  :: Initializing Log
2020-02-09 12:11:47  :: Initializing Incoming Module
2020-02-09 12:11:47  :: Incoming module could not be initialized because it was not instantiated
2020-02-09 12:11:47  :: Initializing Outgoing Module
2020-02-09 12:11:49  :: Outgoing Module successfully initialized
