2020-04-19 21:19:32  :: 19/4/2020 21:19:32MainApp.LoadConfig
2020-04-19 21:19:32  :: Loading config:C:\Users\zimzum\Desktop\Projects\Seeking Bias\HFTPlatform\hftplatform\HFTPlatform\MarketDataDownloader\bin\Debug\config.xml
2020-04-19 21:19:32  :: Proccessing config:C:\Users\zimzum\Desktop\Projects\Seeking Bias\HFTPlatform\hftplatform\HFTPlatform\MarketDataDownloader\bin\Debug\config.xml
2020-04-19 21:19:32  :: Fin GetConfiguracion
2020-04-19 21:19:32  :: Incoming Module not found. It will not be initialized
2020-04-19 21:19:32  :: Initializing Log
2020-04-19 21:19:32  :: Initializing Incoming Module
2020-04-19 21:19:32  :: Incoming module could not be initialized because it was not instantiated
2020-04-19 21:19:32  :: Initializing Outgoing Module
2020-04-19 21:19:34  :: Outgoing Module successfully initialized
2020-04-19 21:23:48  :: 19/4/2020 21:23:48MainApp.LoadConfig
2020-04-19 21:23:48  :: Loading config:C:\Users\zimzum\Desktop\Projects\Seeking Bias\HFTPlatform\hftplatform\HFTPlatform\MarketDataDownloader\bin\Debug\config.xml
2020-04-19 21:23:48  :: Proccessing config:C:\Users\zimzum\Desktop\Projects\Seeking Bias\HFTPlatform\hftplatform\HFTPlatform\MarketDataDownloader\bin\Debug\config.xml
2020-04-19 21:23:49  :: Fin GetConfiguracion
2020-04-19 21:23:49  :: Incoming Module not found. It will not be initialized
2020-04-19 21:23:49  :: Initializing Log
2020-04-19 21:23:49  :: Initializing Incoming Module
2020-04-19 21:23:49  :: Incoming module could not be initialized because it was not instantiated
2020-04-19 21:23:49  :: Initializing Outgoing Module
2020-04-19 21:23:51  :: Outgoing Module successfully initialized
