2020-02-10 20:05:11  :: 10/2/2020 20:05:11MainApp.LoadConfig
2020-02-10 20:05:11  :: Loading config:C:\Users\zimzum\Desktop\Projects\Seeking Bias\HFTPlatform\hftplatform\HFTPlatform\MarketDataDownloader\bin\Debug\config.xml
2020-02-10 20:05:11  :: Proccessing config:C:\Users\zimzum\Desktop\Projects\Seeking Bias\HFTPlatform\hftplatform\HFTPlatform\MarketDataDownloader\bin\Debug\config.xml
2020-02-10 20:05:11  :: Fin GetConfiguracion
2020-02-10 20:05:12  :: Incoming Module not found. It will not be initialized
2020-02-10 20:05:12  :: Initializing Log
2020-02-10 20:05:12  :: Initializing Incoming Module
2020-02-10 20:05:12  :: Incoming module could not be initialized because it was not instantiated
2020-02-10 20:05:12  :: Initializing Outgoing Module
2020-02-10 20:05:21  :: Outgoing Module successfully initialized
2020-02-10 20:06:41  :: 10/2/2020 20:06:41MainApp.LoadConfig
2020-02-10 20:06:41  :: Loading config:C:\Users\zimzum\Desktop\Projects\Seeking Bias\HFTPlatform\hftplatform\HFTPlatform\MarketDataDownloader\bin\Debug\config.xml
2020-02-10 20:06:41  :: Proccessing config:C:\Users\zimzum\Desktop\Projects\Seeking Bias\HFTPlatform\hftplatform\HFTPlatform\MarketDataDownloader\bin\Debug\config.xml
2020-02-10 20:06:41  :: Fin GetConfiguracion
2020-02-10 20:06:41  :: Incoming Module not found. It will not be initialized
2020-02-10 20:06:41  :: Initializing Log
2020-02-10 20:06:41  :: Initializing Incoming Module
2020-02-10 20:06:41  :: Incoming module could not be initialized because it was not instantiated
2020-02-10 20:06:41  :: Initializing Outgoing Module
2020-02-10 20:06:45  :: Outgoing Module successfully initialized
