2020-01-22 21:07:05  :: 22/1/2020 21:07:05MainApp.LoadConfig
2020-01-22 21:07:05  :: Loading config:C:\Users\zimzum\Desktop\Projects\Seeking Bias\HFTPlatform\hftplatform\HFTPlatform\MarketDataDownloader\bin\Debug\config.xml
2020-01-22 21:07:05  :: Proccessing config:C:\Users\zimzum\Desktop\Projects\Seeking Bias\HFTPlatform\hftplatform\HFTPlatform\MarketDataDownloader\bin\Debug\config.xml
2020-01-22 21:07:05  :: Fin GetConfiguracion
2020-01-22 21:07:05  :: Incoming Module not found. It will not be initialized
2020-01-22 21:07:06  :: Initializing Log
2020-01-22 21:07:06  :: Initializing Incoming Module
2020-01-22 21:07:06  :: Incoming module could not be initialized because it was not instantiated
2020-01-22 21:07:06  :: Initializing Outgoing Module
2020-01-22 21:11:09  :: 22/1/2020 21:11:09MainApp.LoadConfig
2020-01-22 21:11:09  :: Loading config:C:\Users\zimzum\Desktop\Projects\Seeking Bias\HFTPlatform\hftplatform\HFTPlatform\MarketDataDownloader\bin\Debug\config.xml
2020-01-22 21:11:09  :: Proccessing config:C:\Users\zimzum\Desktop\Projects\Seeking Bias\HFTPlatform\hftplatform\HFTPlatform\MarketDataDownloader\bin\Debug\config.xml
2020-01-22 21:11:09  :: Fin GetConfiguracion
2020-01-22 21:11:09  :: Incoming Module not found. It will not be initialized
2020-01-22 21:11:09  :: Initializing Log
2020-01-22 21:11:09  :: Initializing Incoming Module
2020-01-22 21:11:09  :: Incoming module could not be initialized because it was not instantiated
2020-01-22 21:11:09  :: Initializing Outgoing Module
2020-01-22 21:12:12  :: 22/1/2020 21:12:12MainApp.LoadConfig
2020-01-22 21:12:12  :: Loading config:C:\Users\zimzum\Desktop\Projects\Seeking Bias\HFTPlatform\hftplatform\HFTPlatform\MarketDataDownloader\bin\Debug\config.xml
2020-01-22 21:12:12  :: Proccessing config:C:\Users\zimzum\Desktop\Projects\Seeking Bias\HFTPlatform\hftplatform\HFTPlatform\MarketDataDownloader\bin\Debug\config.xml
2020-01-22 21:12:12  :: Fin GetConfiguracion
2020-01-22 21:12:12  :: Incoming Module not found. It will not be initialized
2020-01-22 21:12:12  :: Initializing Log
2020-01-22 21:12:12  :: Initializing Incoming Module
2020-01-22 21:12:12  :: Incoming module could not be initialized because it was not instantiated
2020-01-22 21:12:12  :: Initializing Outgoing Module
2020-01-22 21:12:16  :: Outgoing Module successfully initialized
2020-01-22 21:12:32  :: 22/1/2020 21:12:32MainApp.LoadConfig
2020-01-22 21:12:32  :: Loading config:C:\Users\zimzum\Desktop\Projects\Seeking Bias\HFTPlatform\hftplatform\HFTPlatform\MarketDataDownloader\bin\Debug\config.xml
2020-01-22 21:12:32  :: Proccessing config:C:\Users\zimzum\Desktop\Projects\Seeking Bias\HFTPlatform\hftplatform\HFTPlatform\MarketDataDownloader\bin\Debug\config.xml
2020-01-22 21:12:32  :: Fin GetConfiguracion
2020-01-22 21:12:32  :: Incoming Module not found. It will not be initialized
2020-01-22 21:12:32  :: Initializing Log
2020-01-22 21:12:32  :: Initializing Incoming Module
2020-01-22 21:12:32  :: Incoming module could not be initialized because it was not instantiated
2020-01-22 21:12:32  :: Initializing Outgoing Module
2020-01-22 21:12:52  :: Outgoing Module successfully initialized
2020-01-22 21:25:49  :: 22/1/2020 21:25:49MainApp.LoadConfig
2020-01-22 21:25:49  :: Loading config:C:\Users\zimzum\Desktop\Projects\Seeking Bias\HFTPlatform\hftplatform\HFTPlatform\MarketDataDownloader\bin\Debug\config.xml
2020-01-22 21:25:49  :: Proccessing config:C:\Users\zimzum\Desktop\Projects\Seeking Bias\HFTPlatform\hftplatform\HFTPlatform\MarketDataDownloader\bin\Debug\config.xml
2020-01-22 21:25:50  :: Fin GetConfiguracion
2020-01-22 21:25:50  :: Incoming Module not found. It will not be initialized
2020-01-22 21:25:50  :: Initializing Log
2020-01-22 21:25:50  :: Initializing Incoming Module
2020-01-22 21:25:50  :: Incoming module could not be initialized because it was not instantiated
2020-01-22 21:25:50  :: Initializing Outgoing Module
2020-01-22 21:25:54  :: Outgoing Module successfully initialized
2020-01-22 21:27:06  :: 22/1/2020 21:27:06MainApp.LoadConfig
2020-01-22 21:27:06  :: Loading config:C:\Users\zimzum\Desktop\Projects\Seeking Bias\HFTPlatform\hftplatform\HFTPlatform\MarketDataDownloader\bin\Debug\config.xml
2020-01-22 21:27:06  :: Proccessing config:C:\Users\zimzum\Desktop\Projects\Seeking Bias\HFTPlatform\hftplatform\HFTPlatform\MarketDataDownloader\bin\Debug\config.xml
2020-01-22 21:27:06  :: Fin GetConfiguracion
2020-01-22 21:27:06  :: Incoming Module not found. It will not be initialized
2020-01-22 21:27:06  :: Initializing Log
2020-01-22 21:27:06  :: Initializing Incoming Module
2020-01-22 21:27:06  :: Incoming module could not be initialized because it was not instantiated
2020-01-22 21:27:06  :: Initializing Outgoing Module
2020-01-22 21:27:10  :: Outgoing Module successfully initialized
2020-01-22 21:28:17  :: 22/1/2020 21:28:17MainApp.LoadConfig
2020-01-22 21:28:17  :: Loading config:C:\Users\zimzum\Desktop\Projects\Seeking Bias\HFTPlatform\hftplatform\HFTPlatform\MarketDataDownloader\bin\Debug\config.xml
2020-01-22 21:28:17  :: Proccessing config:C:\Users\zimzum\Desktop\Projects\Seeking Bias\HFTPlatform\hftplatform\HFTPlatform\MarketDataDownloader\bin\Debug\config.xml
2020-01-22 21:28:17  :: Fin GetConfiguracion
2020-01-22 21:28:17  :: Incoming Module not found. It will not be initialized
2020-01-22 21:28:17  :: Initializing Log
2020-01-22 21:28:17  :: Initializing Incoming Module
2020-01-22 21:28:17  :: Incoming module could not be initialized because it was not instantiated
2020-01-22 21:28:17  :: Initializing Outgoing Module
2020-01-22 21:28:19  :: Outgoing Module successfully initialized
