2020-02-10 20:05:12  :: 2/10/2020 8:05:12 PMBaseCommunicationModule.LoadConfig
2020-02-10 20:05:12  :: Loading config:.\MarketDataDownloader.xml
2020-02-10 20:05:12  :: Processing config:.\MarketDataDownloader.xml
2020-02-10 20:05:12  :: Ending GetConfiguracion .\MarketDataDownloader.xml
2020-02-10 20:05:12  :: Initializing MarketDataDownloader 
2020-02-10 20:05:18  :: 2/10/2020 8:05:18 PMMarketClientBase.LoadConfig
2020-02-10 20:05:18  :: Loading config:.\IOL\incomingIOL.xml
2020-02-10 20:05:18  :: Processing config:.\IOL\incomingIOL.xml
2020-02-10 20:05:18  :: Ending GetConfiguracion .\IOL\incomingIOL.xml
2020-02-10 20:05:18  :: Authenticating Market Data Client On Invertir Online
2020-02-10 20:05:20  :: Market Data Client authenticated On Invertir Online. Token:obPkuLpfdB1VWTJ5A_Mkf6tNbADKCmTHZrAustj8yhaLbJVz9PLowzKuvxslbdDlwaas9tzuKYEJ5DG50mRA1KwP94l30yy_PsKupwIyk-rKohsZeui6HrjrRyMlUPlBFfqZrOkL1xEB-ofqHRk8xgyNEVEnnj1XG0c8y2eJdBVhNa1ETch1PjPjsUpX2FBWx-5YSs-QO318GJkbAlOZ9LcwBtWJnL_h7XQin_LPCAtMdto1wgJs3_RNdu4Y15Bs2KMfGYBUIJKJ7hXs5ShiZ4iU-nLSh4DgcXTpZueOPZTVs37ctI79mWSwOtmr8F7b
2020-02-10 20:05:21  :: @Instructions Processor Invertir Online:Requesting Snapshot+Updates Market Data On Demand for Symbol: A2E2.BUE
2020-02-10 20:05:21  :: @Instructions Processor Invertir Online:Requesting Snapshot+Updates Market Data On Demand for Symbol: A2E2D.BUE
2020-02-10 20:05:21  :: @Instructions Processor Invertir Online:Requesting Snapshot+Updates Market Data On Demand for Symbol: A2E7.BUE
2020-02-10 20:05:21  :: @Instructions Processor Invertir Online:Requesting market data por symbol A2E2.BUE
2020-02-10 20:05:21  :: @Instructions Processor Invertir Online:Requesting market data por symbol A2E2D.BUE
2020-02-10 20:05:21  :: @Instructions Processor Invertir Online:Requesting Snapshot+Updates Market Data On Demand for Symbol: A2E7D.BUE
2020-02-10 20:05:21  :: @Instructions Processor Invertir Online:Requesting market data por symbol A2E7.BUE
2020-02-10 20:05:21  :: @Instructions Processor Invertir Online:Requesting Snapshot+Updates Market Data On Demand for Symbol: A2E8.BUE
2020-02-10 20:05:21  :: @Instructions Processor Invertir Online:Requesting market data por symbol A2E7D.BUE
2020-02-10 20:05:21  :: @Instructions Processor Invertir Online:Requesting Snapshot+Updates Market Data On Demand for Symbol: A2M2.BUE
2020-02-10 20:05:21  :: @Instructions Processor Invertir Online:Requesting market data por symbol A2E8.BUE
2020-02-10 20:05:21  :: @Instructions Processor Invertir Online:Requesting Snapshot+Updates Market Data On Demand for Symbol: AA19.BUE
2020-02-10 20:05:21  :: @Instructions Processor Invertir Online:Requesting market data por symbol A2M2.BUE
2020-02-10 20:05:21  :: @Instructions Processor Invertir Online:Requesting Snapshot+Updates Market Data On Demand for Symbol: AA19D.BUE
2020-02-10 20:05:21  :: @Instructions Processor Invertir Online:Requesting market data por symbol AA19.BUE
2020-02-10 20:05:21  :: Actualizaci贸n del refresh token @Invertir Online Market Data Client:4j3csnPeXozXv5Qp8Q9HOCV10OtS35Vi__7egHYLHF5WmajtuiN1aszwa_ANdZdQh1qbaOFIkdNP5vNkBuKE0W3WSB4ofBF7WncG8PKkG7UV-QP8TjfwYVo7Co2Gl-wRl6XK0raRFS6Qeo_oUO0SDW4G4GDHRAgqCMziQ1B6hFC7R7dMiQUo_sGJbevGQtVwbwx7E7GO1L0TMaDrkjWqOL70CLi7OLNl6QanyuNPiXsL3Mhugi99ZvTQelkRyl8I3XWiTjFBDmrV6TANg_62s2j-qeqrublLPeH8ikaUa7EuSyEtWg1RKjGA9UJpiHAY
2020-02-10 20:05:21  :: @Instructions Processor Invertir Online:Requesting Snapshot+Updates Market Data On Demand for Symbol: AA21.BUE
2020-02-10 20:05:21  :: @Instructions Processor Invertir Online:Requesting market data por symbol AA19D.BUE
2020-02-10 20:05:21  :: @Instructions Processor Invertir Online:Requesting Snapshot+Updates Market Data On Demand for Symbol: AA21D.BUE
2020-02-10 20:05:21  :: @Instructions Processor Invertir Online:Requesting market data por symbol AA21.BUE
2020-02-10 20:05:21  :: @Instructions Processor Invertir Online:Requesting Snapshot+Updates Market Data On Demand for Symbol: AA22.BUE
2020-02-10 20:05:21  :: @Instructions Processor Invertir Online:Requesting market data por symbol AA21D.BUE
2020-02-10 20:05:21  :: @Instructions Processor Invertir Online:Requesting Snapshot+Updates Market Data On Demand for Symbol: AA25.BUE
2020-02-10 20:05:21  :: @Instructions Processor Invertir Online:Requesting market data por symbol AA22.BUE
2020-02-10 20:05:21  :: @Instructions Processor Invertir Online:Requesting Snapshot+Updates Market Data On Demand for Symbol: AA25D.BUE
2020-02-10 20:05:21  :: @Instructions Processor Invertir Online:Requesting market data por symbol AA25.BUE
2020-02-10 20:05:21  :: @Instructions Processor Invertir Online:Requesting Snapshot+Updates Market Data On Demand for Symbol: AA26.BUE
2020-02-10 20:05:21  :: @Instructions Processor Invertir Online:Requesting market data por symbol AA25D.BUE
2020-02-10 20:05:21  :: @Instructions Processor Invertir Online:Requesting Snapshot+Updates Market Data On Demand for Symbol: AA26D.BUE
2020-02-10 20:05:21  :: @Instructions Processor Invertir Online:Requesting market data por symbol AA26.BUE
2020-02-10 20:05:21  :: @Instructions Processor Invertir Online:Requesting Snapshot+Updates Market Data On Demand for Symbol: AA37.BUE
2020-02-10 20:05:21  :: @Instructions Processor Invertir Online:Requesting market data por symbol AA26D.BUE
2020-02-10 20:05:21  :: @Instructions Processor Invertir Online:Requesting Snapshot+Updates Market Data On Demand for Symbol: AA37D.BUE
2020-02-10 20:05:21  :: @Instructions Processor Invertir Online:Requesting market data por symbol AA37.BUE
2020-02-10 20:05:21  :: @Instructions Processor Invertir Online:Requesting Snapshot+Updates Market Data On Demand for Symbol: AA46.BUE
2020-02-10 20:05:21  :: @Instructions Processor Invertir Online:Requesting market data por symbol AA37D.BUE
2020-02-10 20:05:21  :: @Instructions Processor Invertir Online:Requesting Snapshot+Updates Market Data On Demand for Symbol: AA46D.BUE
2020-02-10 20:05:21  :: @Instructions Processor Invertir Online:Requesting market data por symbol AA46.BUE
2020-02-10 20:05:21  :: @Instructions Processor Invertir Online:Requesting Snapshot+Updates Market Data On Demand for Symbol: AC17.BUE
2020-02-10 20:05:21  :: @Instructions Processor Invertir Online:Requesting market data por symbol AA46D.BUE
2020-02-10 20:05:21  :: @Instructions Processor Invertir Online:Requesting Snapshot+Updates Market Data On Demand for Symbol: AC17D.BUE
2020-02-10 20:05:21  :: @Instructions Processor Invertir Online:Requesting market data por symbol AC17.BUE
2020-02-10 20:05:21  :: @Instructions Processor Invertir Online:Requesting Snapshot+Updates Market Data On Demand for Symbol: AE48.BUE
2020-02-10 20:05:21  :: @Instructions Processor Invertir Online:Requesting market data por symbol AC17D.BUE
2020-02-10 20:05:21  :: @Instructions Processor Invertir Online:Requesting Snapshot+Updates Market Data On Demand for Symbol: AL28.BUE
2020-02-10 20:05:21  :: @Instructions Processor Invertir Online:Requesting market data por symbol AE48.BUE
2020-02-10 20:05:21  :: @Instructions Processor Invertir Online:Requesting Snapshot+Updates Market Data On Demand for Symbol: AL28D.BUE
2020-02-10 20:05:21  :: @Instructions Processor Invertir Online:Requesting market data por symbol AL28.BUE
2020-02-10 20:05:21  :: @Instructions Processor Invertir Online:Requesting Snapshot+Updates Market Data On Demand for Symbol: AL36.BUE
2020-02-10 20:05:21  :: @Instructions Processor Invertir Online:Requesting market data por symbol AL28D.BUE
2020-02-10 20:05:21  :: @Instructions Processor Invertir Online:Requesting Snapshot+Updates Market Data On Demand for Symbol: AL36D.BUE
2020-02-10 20:05:21  :: @Instructions Processor Invertir Online:Requesting market data por symbol AL36.BUE
2020-02-10 20:05:21  :: @Instructions Processor Invertir Online:Requesting Snapshot+Updates Market Data On Demand for Symbol: AM20.BUE
2020-02-10 20:05:21  :: @Instructions Processor Invertir Online:Requesting market data por symbol AL36D.BUE
2020-02-10 20:05:21  :: @Instructions Processor Invertir Online:Requesting Snapshot+Updates Market Data On Demand for Symbol: AMX9.BUE
2020-02-10 20:05:21  :: @Instructions Processor Invertir Online:Requesting market data por symbol AM20.BUE
2020-02-10 20:05:21  :: @Instructions Processor Invertir Online:Requesting Snapshot+Updates Market Data On Demand for Symbol: AN18.BUE
2020-02-10 20:05:21  :: @Instructions Processor Invertir Online:Requesting market data por symbol AMX9.BUE
2020-02-10 20:05:21  :: @Instructions Processor Invertir Online:Requesting Snapshot+Updates Market Data On Demand for Symbol: AN18D.BUE
2020-02-10 20:05:21  :: @Instructions Processor Invertir Online:Requesting market data por symbol AN18.BUE
2020-02-10 20:05:21  :: @Instructions Processor Invertir Online:Requesting Snapshot+Updates Market Data On Demand for Symbol: AO20.BUE
2020-02-10 20:05:21  :: @Instructions Processor Invertir Online:Requesting market data por symbol AN18D.BUE
2020-02-10 20:05:21  :: @Instructions Processor Invertir Online:Requesting Snapshot+Updates Market Data On Demand for Symbol: AO20D.BUE
2020-02-10 20:05:21  :: @Instructions Processor Invertir Online:Requesting market data por symbol AO20.BUE
2020-02-10 20:05:21  :: @Instructions Processor Invertir Online:Requesting Snapshot+Updates Market Data On Demand for Symbol: ARGENT22.BUE
2020-02-10 20:05:21  :: @Instructions Processor Invertir Online:Requesting market data por symbol AO20D.BUE
2020-02-10 20:05:21  :: @Instructions Processor Invertir Online:Requesting Snapshot+Updates Market Data On Demand for Symbol: ARGENT22D.BUE
2020-02-10 20:05:21  :: @Instructions Processor Invertir Online:Requesting market data por symbol ARGENT22.BUE
2020-02-10 20:05:21  :: @Instructions Processor Invertir Online:Requesting Snapshot+Updates Market Data On Demand for Symbol: ARGENT27.BUE
2020-02-10 20:05:21  :: @Instructions Processor Invertir Online:Requesting market data por symbol ARGENT22D.BUE
2020-02-10 20:05:21  :: @Instructions Processor Invertir Online:Requesting Snapshot+Updates Market Data On Demand for Symbol: ARGENT27D.BUE
2020-02-10 20:05:21  :: @Instructions Processor Invertir Online:Requesting market data por symbol ARGENT27.BUE
2020-02-10 20:05:21  :: @Instructions Processor Invertir Online:Requesting Snapshot+Updates Market Data On Demand for Symbol: AY24.BUE
2020-02-10 20:05:21  :: @Instructions Processor Invertir Online:Requesting market data por symbol ARGENT27D.BUE
2020-02-10 20:05:21  :: @Instructions Processor Invertir Online:Requesting Snapshot+Updates Market Data On Demand for Symbol: AY24D.BUE
2020-02-10 20:05:21  :: @Instructions Processor Invertir Online:Requesting market data por symbol AY24.BUE
2020-02-10 20:05:21  :: @Instructions Processor Invertir Online:Requesting Snapshot+Updates Market Data On Demand for Symbol: CUAP.BUE
2020-02-10 20:05:21  :: @Instructions Processor Invertir Online:Requesting market data por symbol AY24D.BUE
2020-02-10 20:05:21  :: @Instructions Processor Invertir Online:Requesting Snapshot+Updates Market Data On Demand for Symbol: DIA0.BUE
2020-02-10 20:05:21  :: @Instructions Processor Invertir Online:Requesting market data por symbol CUAP.BUE
2020-02-10 20:05:21  :: @Instructions Processor Invertir Online:Requesting Snapshot+Updates Market Data On Demand for Symbol: DIA0D.BUE
2020-02-10 20:05:21  :: @Instructions Processor Invertir Online:Requesting market data por symbol DIA0.BUE
2020-02-10 20:05:21  :: @Instructions Processor Invertir Online:Requesting Snapshot+Updates Market Data On Demand for Symbol: DICA.BUE
2020-02-10 20:05:21  :: @Instructions Processor Invertir Online:Requesting market data por symbol DIA0D.BUE
2020-02-10 20:05:21  :: @Instructions Processor Invertir Online:Requesting Snapshot+Updates Market Data On Demand for Symbol: DICAD.BUE
2020-02-10 20:05:21  :: @Instructions Processor Invertir Online:Requesting market data por symbol DICA.BUE
2020-02-10 20:05:21  :: @Instructions Processor Invertir Online:Requesting Snapshot+Updates Market Data On Demand for Symbol: DICE.BUE
2020-02-10 20:05:21  :: @Instructions Processor Invertir Online:Requesting market data por symbol DICAD.BUE
2020-02-10 20:05:21  :: @Instructions Processor Invertir Online:Requesting Snapshot+Updates Market Data On Demand for Symbol: DICP.BUE
2020-02-10 20:05:21  :: @Instructions Processor Invertir Online:Requesting market data por symbol DICE.BUE
2020-02-10 20:05:21  :: @Instructions Processor Invertir Online:Requesting Snapshot+Updates Market Data On Demand for Symbol: DICY.BUE
2020-02-10 20:05:21  :: @Instructions Processor Invertir Online:Requesting market data por symbol DICP.BUE
2020-02-10 20:05:21  :: @Instructions Processor Invertir Online:Requesting Snapshot+Updates Market Data On Demand for Symbol: DICYD.BUE
2020-02-10 20:05:21  :: @Instructions Processor Invertir Online:Requesting market data por symbol DICY.BUE
2020-02-10 20:05:21  :: @Instructions Processor Invertir Online:Requesting Snapshot+Updates Market Data On Demand for Symbol: DIP0.BUE
2020-02-10 20:05:21  :: @Instructions Processor Invertir Online:Requesting market data por symbol DICYD.BUE
2020-02-10 20:05:21  :: @Instructions Processor Invertir Online:Requesting Snapshot+Updates Market Data On Demand for Symbol: DIY0.BUE
2020-02-10 20:05:21  :: @Instructions Processor Invertir Online:Requesting market data por symbol DIP0.BUE
2020-02-10 20:05:21  :: @Instructions Processor Invertir Online:Requesting Snapshot+Updates Market Data On Demand for Symbol: NO20.BUE
2020-02-10 20:05:21  :: @Instructions Processor Invertir Online:Requesting market data por symbol DIY0.BUE
2020-02-10 20:05:21  :: @Instructions Processor Invertir Online:Requesting Snapshot+Updates Market Data On Demand for Symbol: PAA0.BUE
2020-02-10 20:05:21  :: @Instructions Processor Invertir Online:Requesting market data por symbol NO20.BUE
2020-02-10 20:05:21  :: @Instructions Processor Invertir Online:Requesting Snapshot+Updates Market Data On Demand for Symbol: PAE0.BUE
2020-02-10 20:05:21  :: @Instructions Processor Invertir Online:Requesting market data por symbol PAA0.BUE
2020-02-10 20:05:21  :: @Instructions Processor Invertir Online:Requesting Snapshot+Updates Market Data On Demand for Symbol: PAP0.BUE
2020-02-10 20:05:21  :: @Instructions Processor Invertir Online:Requesting market data por symbol PAE0.BUE
2020-02-10 20:05:21  :: @Instructions Processor Invertir Online:Requesting Snapshot+Updates Market Data On Demand for Symbol: PARA.BUE
2020-02-10 20:05:21  :: @Instructions Processor Invertir Online:Requesting market data por symbol PAP0.BUE
2020-02-10 20:05:21  :: @Instructions Processor Invertir Online:Requesting Snapshot+Updates Market Data On Demand for Symbol: PARAD.BUE
2020-02-10 20:05:21  :: @Instructions Processor Invertir Online:Requesting market data por symbol PARA.BUE
2020-02-10 20:05:21  :: @Instructions Processor Invertir Online:Requesting Snapshot+Updates Market Data On Demand for Symbol: PARE.BUE
2020-02-10 20:05:21  :: @Instructions Processor Invertir Online:Requesting market data por symbol PARAD.BUE
2020-02-10 20:05:21  :: @Instructions Processor Invertir Online:Requesting Snapshot+Updates Market Data On Demand for Symbol: PARP.BUE
2020-02-10 20:05:21  :: @Instructions Processor Invertir Online:Requesting market data por symbol PARE.BUE
2020-02-10 20:05:21  :: @Instructions Processor Invertir Online:Requesting Snapshot+Updates Market Data On Demand for Symbol: PARY.BUE
2020-02-10 20:05:21  :: @Instructions Processor Invertir Online:Requesting market data por symbol PARP.BUE
2020-02-10 20:05:21  :: @Instructions Processor Invertir Online:Requesting Snapshot+Updates Market Data On Demand for Symbol: PARYD.BUE
2020-02-10 20:05:21  :: @Instructions Processor Invertir Online:Requesting market data por symbol PARY.BUE
2020-02-10 20:05:21  :: @Instructions Processor Invertir Online:Requesting Snapshot+Updates Market Data On Demand for Symbol: PAY0.BUE
2020-02-10 20:05:21  :: @Instructions Processor Invertir Online:Requesting market data por symbol PARYD.BUE
2020-02-10 20:05:21  :: @Instructions Processor Invertir Online:Requesting Snapshot+Updates Market Data On Demand for Symbol: PR13.BUE
2020-02-10 20:05:21  :: @Instructions Processor Invertir Online:Requesting market data por symbol PAY0.BUE
2020-02-10 20:05:21  :: @Instructions Processor Invertir Online:Requesting Snapshot+Updates Market Data On Demand for Symbol: PR15.BUE
2020-02-10 20:05:21  :: @Instructions Processor Invertir Online:Requesting market data por symbol PR13.BUE
2020-02-10 20:05:21  :: @Instructions Processor Invertir Online:Requesting Snapshot+Updates Market Data On Demand for Symbol: TC20.BUE
2020-02-10 20:05:21  :: @Instructions Processor Invertir Online:Requesting market data por symbol PR15.BUE
2020-02-10 20:05:21  :: @Instructions Processor Invertir Online:Requesting Snapshot+Updates Market Data On Demand for Symbol: TC21.BUE
2020-02-10 20:05:21  :: @Instructions Processor Invertir Online:Requesting market data por symbol TC20.BUE
2020-02-10 20:05:21  :: @Instructions Processor Invertir Online:Requesting Snapshot+Updates Market Data On Demand for Symbol: TC23.BUE
2020-02-10 20:05:21  :: @Instructions Processor Invertir Online:Requesting market data por symbol TC21.BUE
2020-02-10 20:05:21  :: @Instructions Processor Invertir Online:Requesting Snapshot+Updates Market Data On Demand for Symbol: TJ20.BUE
2020-02-10 20:05:21  :: @Instructions Processor Invertir Online:Requesting market data por symbol TC23.BUE
2020-02-10 20:05:21  :: @Instructions Processor Invertir Online:Requesting Snapshot+Updates Market Data On Demand for Symbol: TO21.BUE
2020-02-10 20:05:21  :: @Instructions Processor Invertir Online:Requesting market data por symbol TJ20.BUE
2020-02-10 20:05:21  :: @Instructions Processor Invertir Online:Requesting Snapshot+Updates Market Data On Demand for Symbol: TO23.BUE
2020-02-10 20:05:21  :: @Instructions Processor Invertir Online:Requesting market data por symbol TO21.BUE
2020-02-10 20:05:21  :: @Instructions Processor Invertir Online:Requesting Snapshot+Updates Market Data On Demand for Symbol: TO26.BUE
2020-02-10 20:05:21  :: @Instructions Processor Invertir Online:Requesting market data por symbol TO23.BUE
2020-02-10 20:05:21  :: @Instructions Processor Invertir Online:Requesting Snapshot+Updates Market Data On Demand for Symbol: TS18.BUE
2020-02-10 20:05:21  :: @Instructions Processor Invertir Online:Requesting market data por symbol TO26.BUE
2020-02-10 20:05:21  :: @Instructions Processor Invertir Online:Requesting market data por symbol TS18.BUE
2020-02-10 20:05:29  :: Incoming message from Market Data Module: Symbol=A2E2D.BUE  LastPrice=54 BestBidPrice=53.55 BestAskPrice=54.5
2020-02-10 20:05:29  :: Processing Market Data:Symbol=A2E2D.BUE  LastPrice=54 BestBidPrice=53.55 BestAskPrice=54.5
2020-02-10 20:06:41  :: 2/10/2020 8:06:41 PMBaseCommunicationModule.LoadConfig
2020-02-10 20:06:41  :: Loading config:.\MarketDataDownloader.xml
2020-02-10 20:06:41  :: Processing config:.\MarketDataDownloader.xml
2020-02-10 20:06:41  :: Ending GetConfiguracion .\MarketDataDownloader.xml
2020-02-10 20:06:41  :: Initializing MarketDataDownloader 
2020-02-10 20:06:41  :: 2/10/2020 8:06:41 PMMarketClientBase.LoadConfig
2020-02-10 20:06:41  :: Loading config:.\IOL\incomingIOL.xml
2020-02-10 20:06:41  :: Processing config:.\IOL\incomingIOL.xml
2020-02-10 20:06:41  :: Ending GetConfiguracion .\IOL\incomingIOL.xml
2020-02-10 20:06:41  :: Authenticating Market Data Client On Invertir Online
2020-02-10 20:06:45  :: Market Data Client authenticated On Invertir Online. Token:_GOfm8-f3fRJ-JU-mWT52bbBdHcOI4u_M7E-nbA6x257a6OHjwneXFYfH2TXd_zXt7zQTqcWcoH3bRoSMJMRIpMx8ItNXdSgCnoxiWg1mmNpyLihy8lyVOfcc9J4Uf1Sa5x51akt1eIOn97nCocfqBX6taDrC6EZ1BdIhJDA_gycan4Q0lDK294R_OyX5-DhYFOA_ernV5-8w0LqD9pwGfUp8ptjFhKizSiiqU-l9DCGNH1eiQY1QvzrRipd9BOTxIuhicUYiYnBHJVOB-puIwOFd5GNbR2fs-ykJ5Q0wwhMZ917U1B_BdJOVXXqPT75
2020-02-10 20:06:45  :: @Instructions Processor Invertir Online:Requesting Snapshot+Updates Market Data On Demand for Symbol: A2E2.BUE
2020-02-10 20:06:45  :: @Instructions Processor Invertir Online:Requesting Snapshot+Updates Market Data On Demand for Symbol: A2E2D.BUE
2020-02-10 20:06:45  :: @Instructions Processor Invertir Online:Requesting Snapshot+Updates Market Data On Demand for Symbol: A2E7.BUE
2020-02-10 20:06:45  :: @Instructions Processor Invertir Online:Requesting Snapshot+Updates Market Data On Demand for Symbol: A2E7D.BUE
2020-02-10 20:06:45  :: @Instructions Processor Invertir Online:Requesting Snapshot+Updates Market Data On Demand for Symbol: A2E8.BUE
2020-02-10 20:06:45  :: @Instructions Processor Invertir Online:Requesting Snapshot+Updates Market Data On Demand for Symbol: A2M2.BUE
2020-02-10 20:06:45  :: @Instructions Processor Invertir Online:Requesting Snapshot+Updates Market Data On Demand for Symbol: AA19.BUE
2020-02-10 20:06:45  :: @Instructions Processor Invertir Online:Requesting Snapshot+Updates Market Data On Demand for Symbol: AA19D.BUE
2020-02-10 20:06:45  :: @Instructions Processor Invertir Online:Requesting Snapshot+Updates Market Data On Demand for Symbol: AA21.BUE
2020-02-10 20:06:45  :: @Instructions Processor Invertir Online:Requesting Snapshot+Updates Market Data On Demand for Symbol: AA21D.BUE
2020-02-10 20:06:45  :: @Instructions Processor Invertir Online:Requesting Snapshot+Updates Market Data On Demand for Symbol: AA22.BUE
2020-02-10 20:06:45  :: @Instructions Processor Invertir Online:Requesting Snapshot+Updates Market Data On Demand for Symbol: AA25.BUE
2020-02-10 20:06:45  :: @Instructions Processor Invertir Online:Requesting Snapshot+Updates Market Data On Demand for Symbol: AA25D.BUE
2020-02-10 20:06:45  :: @Instructions Processor Invertir Online:Requesting Snapshot+Updates Market Data On Demand for Symbol: AA26.BUE
2020-02-10 20:06:45  :: @Instructions Processor Invertir Online:Requesting Snapshot+Updates Market Data On Demand for Symbol: AA26D.BUE
2020-02-10 20:06:45  :: @Instructions Processor Invertir Online:Requesting Snapshot+Updates Market Data On Demand for Symbol: AA37.BUE
2020-02-10 20:06:45  :: @Instructions Processor Invertir Online:Requesting Snapshot+Updates Market Data On Demand for Symbol: AA37D.BUE
2020-02-10 20:06:45  :: @Instructions Processor Invertir Online:Requesting Snapshot+Updates Market Data On Demand for Symbol: AA46.BUE
2020-02-10 20:06:45  :: @Instructions Processor Invertir Online:Requesting Snapshot+Updates Market Data On Demand for Symbol: AA46D.BUE
2020-02-10 20:06:45  :: @Instructions Processor Invertir Online:Requesting Snapshot+Updates Market Data On Demand for Symbol: AC17.BUE
2020-02-10 20:06:45  :: @Instructions Processor Invertir Online:Requesting Snapshot+Updates Market Data On Demand for Symbol: AC17D.BUE
2020-02-10 20:06:45  :: @Instructions Processor Invertir Online:Requesting Snapshot+Updates Market Data On Demand for Symbol: AE48.BUE
2020-02-10 20:06:45  :: @Instructions Processor Invertir Online:Requesting Snapshot+Updates Market Data On Demand for Symbol: AL28.BUE
2020-02-10 20:06:45  :: @Instructions Processor Invertir Online:Requesting Snapshot+Updates Market Data On Demand for Symbol: AL28D.BUE
2020-02-10 20:06:45  :: @Instructions Processor Invertir Online:Requesting Snapshot+Updates Market Data On Demand for Symbol: AL36.BUE
2020-02-10 20:06:45  :: @Instructions Processor Invertir Online:Requesting Snapshot+Updates Market Data On Demand for Symbol: AL36D.BUE
2020-02-10 20:06:45  :: @Instructions Processor Invertir Online:Requesting Snapshot+Updates Market Data On Demand for Symbol: AM20.BUE
2020-02-10 20:06:46  :: @Instructions Processor Invertir Online:Requesting Snapshot+Updates Market Data On Demand for Symbol: AMX9.BUE
2020-02-10 20:06:46  :: @Instructions Processor Invertir Online:Requesting Snapshot+Updates Market Data On Demand for Symbol: AN18.BUE
2020-02-10 20:06:46  :: @Instructions Processor Invertir Online:Requesting Snapshot+Updates Market Data On Demand for Symbol: AN18D.BUE
2020-02-10 20:06:46  :: @Instructions Processor Invertir Online:Requesting Snapshot+Updates Market Data On Demand for Symbol: AO20.BUE
2020-02-10 20:06:46  :: @Instructions Processor Invertir Online:Requesting Snapshot+Updates Market Data On Demand for Symbol: AO20D.BUE
2020-02-10 20:06:46  :: @Instructions Processor Invertir Online:Requesting Snapshot+Updates Market Data On Demand for Symbol: ARGENT22.BUE
2020-02-10 20:06:46  :: @Instructions Processor Invertir Online:Requesting Snapshot+Updates Market Data On Demand for Symbol: ARGENT22D.BUE
2020-02-10 20:06:46  :: @Instructions Processor Invertir Online:Requesting Snapshot+Updates Market Data On Demand for Symbol: ARGENT27.BUE
2020-02-10 20:06:46  :: Actualizaci贸n del refresh token @Invertir Online Market Data Client:8Mzzis4g3liBW4cu-0ZmJHRX6ZT0RZ4PY_XPbR5rSsFH1WidNJzoNp--VdApwMBq0ihsyF2BN2h228vXs2YkiOPoNc8M0lokkWO-KCbOYF17CCX9XxG5WHGHojGgErPdcZh3Yi5McLIErBvnUB_MOE7j0sibXDeHXSeJ6wc4HRJWO7z6xBQX5iR9pbqBwt-ku_lqZBxwOzv2VSUHjR3CVI4aN3Y_D0C9xKus5G0HXkxRIkMH8JvlxRZDrFY2uzQ2z4ii1rKyc5emQL57fnu-8TvMAj61mW-0cAI_M35zxr3pfDG5TU4pxLl5Lk6n0EdC
2020-02-10 20:06:46  :: @Instructions Processor Invertir Online:Requesting Snapshot+Updates Market Data On Demand for Symbol: ARGENT27D.BUE
2020-02-10 20:06:46  :: @Instructions Processor Invertir Online:Requesting Snapshot+Updates Market Data On Demand for Symbol: AY24.BUE
2020-02-10 20:06:46  :: @Instructions Processor Invertir Online:Requesting Snapshot+Updates Market Data On Demand for Symbol: AY24D.BUE
2020-02-10 20:06:46  :: @Instructions Processor Invertir Online:Requesting Snapshot+Updates Market Data On Demand for Symbol: CUAP.BUE
2020-02-10 20:06:46  :: @Instructions Processor Invertir Online:Requesting Snapshot+Updates Market Data On Demand for Symbol: DIA0.BUE
2020-02-10 20:06:46  :: @Instructions Processor Invertir Online:Requesting Snapshot+Updates Market Data On Demand for Symbol: DIA0D.BUE
2020-02-10 20:06:46  :: @Instructions Processor Invertir Online:Requesting Snapshot+Updates Market Data On Demand for Symbol: DICA.BUE
2020-02-10 20:06:46  :: @Instructions Processor Invertir Online:Requesting Snapshot+Updates Market Data On Demand for Symbol: DICAD.BUE
2020-02-10 20:06:46  :: @Instructions Processor Invertir Online:Requesting Snapshot+Updates Market Data On Demand for Symbol: DICE.BUE
2020-02-10 20:06:46  :: @Instructions Processor Invertir Online:Requesting market data por symbol DICAD.BUE
2020-02-10 20:06:46  :: @Instructions Processor Invertir Online:Requesting Snapshot+Updates Market Data On Demand for Symbol: DICP.BUE
2020-02-10 20:06:46  :: @Instructions Processor Invertir Online:Requesting Snapshot+Updates Market Data On Demand for Symbol: DICY.BUE
2020-02-10 20:06:46  :: @Instructions Processor Invertir Online:Requesting Snapshot+Updates Market Data On Demand for Symbol: DICYD.BUE
2020-02-10 20:06:46  :: @Instructions Processor Invertir Online:Requesting Snapshot+Updates Market Data On Demand for Symbol: DIP0.BUE
2020-02-10 20:06:46  :: @Instructions Processor Invertir Online:Requesting Snapshot+Updates Market Data On Demand for Symbol: DIY0.BUE
2020-02-10 20:06:46  :: @Instructions Processor Invertir Online:Requesting Snapshot+Updates Market Data On Demand for Symbol: NO20.BUE
2020-02-10 20:06:46  :: @Instructions Processor Invertir Online:Requesting Snapshot+Updates Market Data On Demand for Symbol: PAA0.BUE
2020-02-10 20:06:46  :: @Instructions Processor Invertir Online:Requesting Snapshot+Updates Market Data On Demand for Symbol: PAE0.BUE
2020-02-10 20:06:46  :: @Instructions Processor Invertir Online:Requesting Snapshot+Updates Market Data On Demand for Symbol: PAP0.BUE
2020-02-10 20:06:46  :: @Instructions Processor Invertir Online:Requesting Snapshot+Updates Market Data On Demand for Symbol: PARA.BUE
2020-02-10 20:06:46  :: @Instructions Processor Invertir Online:Requesting Snapshot+Updates Market Data On Demand for Symbol: PARAD.BUE
2020-02-10 20:06:46  :: @Instructions Processor Invertir Online:Requesting Snapshot+Updates Market Data On Demand for Symbol: PARE.BUE
2020-02-10 20:06:46  :: @Instructions Processor Invertir Online:Requesting Snapshot+Updates Market Data On Demand for Symbol: PARP.BUE
2020-02-10 20:06:46  :: @Instructions Processor Invertir Online:Requesting Snapshot+Updates Market Data On Demand for Symbol: PARY.BUE
2020-02-10 20:06:46  :: @Instructions Processor Invertir Online:Requesting Snapshot+Updates Market Data On Demand for Symbol: PARYD.BUE
2020-02-10 20:06:46  :: @Instructions Processor Invertir Online:Requesting Snapshot+Updates Market Data On Demand for Symbol: PAY0.BUE
2020-02-10 20:06:46  :: @Instructions Processor Invertir Online:Requesting Snapshot+Updates Market Data On Demand for Symbol: PR13.BUE
2020-02-10 20:06:47  :: @Instructions Processor Invertir Online:Requesting Snapshot+Updates Market Data On Demand for Symbol: PR15.BUE
2020-02-10 20:06:47  :: @Instructions Processor Invertir Online:Requesting Snapshot+Updates Market Data On Demand for Symbol: TC20.BUE
2020-02-10 20:06:47  :: @Instructions Processor Invertir Online:Requesting Snapshot+Updates Market Data On Demand for Symbol: TC21.BUE
2020-02-10 20:06:47  :: @Instructions Processor Invertir Online:Requesting Snapshot+Updates Market Data On Demand for Symbol: TC23.BUE
2020-02-10 20:06:47  :: @Instructions Processor Invertir Online:Requesting Snapshot+Updates Market Data On Demand for Symbol: TJ20.BUE
2020-02-10 20:06:47  :: @Instructions Processor Invertir Online:Requesting Snapshot+Updates Market Data On Demand for Symbol: TO21.BUE
2020-02-10 20:06:47  :: @Instructions Processor Invertir Online:Requesting Snapshot+Updates Market Data On Demand for Symbol: TO23.BUE
2020-02-10 20:06:47  :: @Instructions Processor Invertir Online:Requesting Snapshot+Updates Market Data On Demand for Symbol: TO26.BUE
2020-02-10 20:06:47  :: @Instructions Processor Invertir Online:Requesting Snapshot+Updates Market Data On Demand for Symbol: TS18.BUE
2020-02-10 20:06:51  :: Incoming message from Market Data Module: Symbol=DICAD.BUE  LastPrice=69.8 BestBidPrice=69.8 BestAskPrice=69.85
2020-02-10 20:06:51  :: Processing Market Data:Symbol=DICAD.BUE  LastPrice=69.8 BestBidPrice=69.8 BestAskPrice=69.85
2020-02-10 20:06:56  :: Incoming message from Market Data Module: Symbol=DICAD.BUE  LastPrice=69.8 BestBidPrice=69.8 BestAskPrice=69.85
2020-02-10 20:06:56  :: Processing Market Data:Symbol=DICAD.BUE  LastPrice=69.8 BestBidPrice=69.8 BestAskPrice=69.85
2020-02-10 20:06:59  :: Incoming message from Market Data Module: Symbol=DICAD.BUE  LastPrice=69.8 BestBidPrice=69.8 BestAskPrice=69.85
2020-02-10 20:06:59  :: Processing Market Data:Symbol=DICAD.BUE  LastPrice=69.8 BestBidPrice=69.8 BestAskPrice=69.85
2020-02-10 20:07:01  :: Incoming message from Market Data Module: Symbol=DICAD.BUE  LastPrice=69.8 BestBidPrice=69.8 BestAskPrice=69.85
2020-02-10 20:07:01  :: Processing Market Data:Symbol=DICAD.BUE  LastPrice=69.8 BestBidPrice=69.8 BestAskPrice=69.85
2020-02-10 20:07:02  :: Incoming message from Market Data Module: Symbol=DICAD.BUE  LastPrice=69.8 BestBidPrice=69.8 BestAskPrice=69.85
2020-02-10 20:07:02  :: Processing Market Data:Symbol=DICAD.BUE  LastPrice=69.8 BestBidPrice=69.8 BestAskPrice=69.85
2020-02-10 20:07:04  :: Incoming message from Market Data Module: Symbol=DICAD.BUE  LastPrice=69.8 BestBidPrice=69.8 BestAskPrice=69.85
2020-02-10 20:07:04  :: Processing Market Data:Symbol=DICAD.BUE  LastPrice=69.8 BestBidPrice=69.8 BestAskPrice=69.85
2020-02-10 20:07:07  :: Incoming message from Market Data Module: Symbol=DICAD.BUE  LastPrice=69.8 BestBidPrice=69.8 BestAskPrice=69.85
2020-02-10 20:07:07  :: Processing Market Data:Symbol=DICAD.BUE  LastPrice=69.8 BestBidPrice=69.8 BestAskPrice=69.85
2020-02-10 20:07:09  :: Incoming message from Market Data Module: Symbol=DICAD.BUE  LastPrice=69.8 BestBidPrice=69.8 BestAskPrice=69.85
2020-02-10 20:07:09  :: Processing Market Data:Symbol=DICAD.BUE  LastPrice=69.8 BestBidPrice=69.8 BestAskPrice=69.85
2020-02-10 20:07:11  :: Incoming message from Market Data Module: Symbol=DICAD.BUE  LastPrice=69.8 BestBidPrice=69.8 BestAskPrice=69.85
2020-02-10 20:07:11  :: Processing Market Data:Symbol=DICAD.BUE  LastPrice=69.8 BestBidPrice=69.8 BestAskPrice=69.85
2020-02-10 20:07:12  :: Incoming message from Market Data Module: Symbol=DICAD.BUE  LastPrice=69.8 BestBidPrice=69.8 BestAskPrice=69.85
2020-02-10 20:07:12  :: Processing Market Data:Symbol=DICAD.BUE  LastPrice=69.8 BestBidPrice=69.8 BestAskPrice=69.85
2020-02-10 20:07:15  :: Incoming message from Market Data Module: Symbol=DICAD.BUE  LastPrice=69.8 BestBidPrice=69.8 BestAskPrice=69.85
2020-02-10 20:07:15  :: Processing Market Data:Symbol=DICAD.BUE  LastPrice=69.8 BestBidPrice=69.8 BestAskPrice=69.85
2020-02-10 20:07:16  :: Incoming message from Market Data Module: Symbol=DICAD.BUE  LastPrice=69.8 BestBidPrice=69.8 BestAskPrice=69.85
2020-02-10 20:07:17  :: Processing Market Data:Symbol=DICAD.BUE  LastPrice=69.8 BestBidPrice=69.8 BestAskPrice=69.85
2020-02-10 20:07:18  :: Incoming message from Market Data Module: Symbol=DICAD.BUE  LastPrice=69.8 BestBidPrice=69.8 BestAskPrice=69.85
2020-02-10 20:07:18  :: Processing Market Data:Symbol=DICAD.BUE  LastPrice=69.8 BestBidPrice=69.8 BestAskPrice=69.85
2020-02-10 20:07:20  :: Incoming message from Market Data Module: Symbol=DICAD.BUE  LastPrice=69.8 BestBidPrice=69.8 BestAskPrice=69.85
2020-02-10 20:07:20  :: Processing Market Data:Symbol=DICAD.BUE  LastPrice=69.8 BestBidPrice=69.8 BestAskPrice=69.85
2020-02-10 20:07:21  :: Incoming message from Market Data Module: Symbol=DICAD.BUE  LastPrice=69.8 BestBidPrice=69.8 BestAskPrice=69.85
2020-02-10 20:07:21  :: Processing Market Data:Symbol=DICAD.BUE  LastPrice=69.8 BestBidPrice=69.8 BestAskPrice=69.85
2020-02-10 20:07:22  :: Incoming message from Market Data Module: Symbol=DICAD.BUE  LastPrice=69.8 BestBidPrice=69.8 BestAskPrice=69.85
2020-02-10 20:07:23  :: Processing Market Data:Symbol=DICAD.BUE  LastPrice=69.8 BestBidPrice=69.8 BestAskPrice=69.85
2020-02-10 20:07:24  :: Incoming message from Market Data Module: Symbol=DICAD.BUE  LastPrice=69.8 BestBidPrice=69.8 BestAskPrice=69.85
2020-02-10 20:07:24  :: Processing Market Data:Symbol=DICAD.BUE  LastPrice=69.8 BestBidPrice=69.8 BestAskPrice=69.85
2020-02-10 20:07:25  :: Incoming message from Market Data Module: Symbol=DICAD.BUE  LastPrice=69.8 BestBidPrice=69.8 BestAskPrice=69.85
2020-02-10 20:07:25  :: Processing Market Data:Symbol=DICAD.BUE  LastPrice=69.8 BestBidPrice=69.8 BestAskPrice=69.85
2020-02-10 20:07:26  :: Incoming message from Market Data Module: Symbol=DICAD.BUE  LastPrice=69.8 BestBidPrice=69.8 BestAskPrice=69.85
2020-02-10 20:07:26  :: Processing Market Data:Symbol=DICAD.BUE  LastPrice=69.8 BestBidPrice=69.8 BestAskPrice=69.85
2020-02-10 20:07:28  :: Incoming message from Market Data Module: Symbol=DICAD.BUE  LastPrice=69.8 BestBidPrice=69.8 BestAskPrice=69.85
2020-02-10 20:07:28  :: Processing Market Data:Symbol=DICAD.BUE  LastPrice=69.8 BestBidPrice=69.8 BestAskPrice=69.85
2020-02-10 20:07:29  :: Incoming message from Market Data Module: Symbol=DICAD.BUE  LastPrice=69.8 BestBidPrice=69.8 BestAskPrice=69.85
2020-02-10 20:07:29  :: Processing Market Data:Symbol=DICAD.BUE  LastPrice=69.8 BestBidPrice=69.8 BestAskPrice=69.85
2020-02-10 20:07:30  :: Incoming message from Market Data Module: Symbol=DICAD.BUE  LastPrice=69.8 BestBidPrice=69.8 BestAskPrice=69.85
2020-02-10 20:07:30  :: Processing Market Data:Symbol=DICAD.BUE  LastPrice=69.8 BestBidPrice=69.8 BestAskPrice=69.85
2020-02-10 20:07:32  :: Incoming message from Market Data Module: Symbol=DICAD.BUE  LastPrice=69.8 BestBidPrice=69.8 BestAskPrice=69.85
2020-02-10 20:07:32  :: Processing Market Data:Symbol=DICAD.BUE  LastPrice=69.8 BestBidPrice=69.8 BestAskPrice=69.85
2020-02-10 20:07:33  :: Incoming message from Market Data Module: Symbol=DICAD.BUE  LastPrice=69.8 BestBidPrice=69.8 BestAskPrice=69.85
2020-02-10 20:07:33  :: Processing Market Data:Symbol=DICAD.BUE  LastPrice=69.8 BestBidPrice=69.8 BestAskPrice=69.85
2020-02-10 20:07:36  :: Incoming message from Market Data Module: Symbol=DICAD.BUE  LastPrice=69.8 BestBidPrice=69.8 BestAskPrice=69.85
2020-02-10 20:07:36  :: Processing Market Data:Symbol=DICAD.BUE  LastPrice=69.8 BestBidPrice=69.8 BestAskPrice=69.85
2020-02-10 20:07:38  :: Incoming message from Market Data Module: Symbol=DICAD.BUE  LastPrice=69.8 BestBidPrice=69.8 BestAskPrice=69.85
2020-02-10 20:07:38  :: Processing Market Data:Symbol=DICAD.BUE  LastPrice=69.8 BestBidPrice=69.8 BestAskPrice=69.85
2020-02-10 20:07:40  :: Incoming message from Market Data Module: Symbol=DICAD.BUE  LastPrice=69.8 BestBidPrice=69.8 BestAskPrice=69.85
2020-02-10 20:07:40  :: Processing Market Data:Symbol=DICAD.BUE  LastPrice=69.8 BestBidPrice=69.8 BestAskPrice=69.85
2020-02-10 20:07:42  :: Incoming message from Market Data Module: Symbol=DICAD.BUE  LastPrice=69.8 BestBidPrice=69.8 BestAskPrice=69.85
2020-02-10 20:07:42  :: Processing Market Data:Symbol=DICAD.BUE  LastPrice=69.8 BestBidPrice=69.8 BestAskPrice=69.85
2020-02-10 20:07:44  :: Incoming message from Market Data Module: Symbol=DICAD.BUE  LastPrice=69.8 BestBidPrice=69.8 BestAskPrice=69.85
2020-02-10 20:07:44  :: Processing Market Data:Symbol=DICAD.BUE  LastPrice=69.8 BestBidPrice=69.8 BestAskPrice=69.85
2020-02-10 20:07:47  :: Incoming message from Market Data Module: Symbol=DICAD.BUE  LastPrice=69.8 BestBidPrice=69.8 BestAskPrice=69.85
2020-02-10 20:07:47  :: Processing Market Data:Symbol=DICAD.BUE  LastPrice=69.8 BestBidPrice=69.8 BestAskPrice=69.85
2020-02-10 20:07:53  :: Actualizaci贸n del refresh token @Invertir Online Market Data Client:Sbg7TnSO5d83LwA8Jlisexo9ApKjl6nFyOAfeNFxkCrYbfHOOzz-UodA0teF5kbfYs8RFq7A2HHOU0xIMao6xrIRkG001POmrIlFA_fDctmu-DXnKxS1Qut6VOpzS0YjrRaHErpajw-23a95iKHPRVjhn29ZUpzNA6urb0aiRtSeYqef6nVNmDelsSw_K3rV4Y16cVxyZD56leI6u3CUDxNLZQ6oAFU2Ze45g68EQ4I4aR30drWp82RoSD_dKQr349BsJvVlmAwVjibfgUzh-SKIJiwT0iQZNEBrHs1Fk11tzXTM8vj8RR2Jibm9fK1d
2020-02-10 20:07:53  :: Incoming message from Market Data Module: Symbol=DICAD.BUE  LastPrice=69.8 BestBidPrice=69.8 BestAskPrice=69.85
2020-02-10 20:07:53  :: Processing Market Data:Symbol=DICAD.BUE  LastPrice=69.8 BestBidPrice=69.8 BestAskPrice=69.85
2020-02-10 20:07:56  :: Incoming message from Market Data Module: Symbol=DICAD.BUE  LastPrice=69.8 BestBidPrice=69.8 BestAskPrice=69.85
2020-02-10 20:07:56  :: Processing Market Data:Symbol=DICAD.BUE  LastPrice=69.8 BestBidPrice=69.8 BestAskPrice=69.85
2020-02-10 20:07:57  :: Incoming message from Market Data Module: Symbol=DICAD.BUE  LastPrice=69.8 BestBidPrice=69.8 BestAskPrice=69.85
2020-02-10 20:07:57  :: Processing Market Data:Symbol=DICAD.BUE  LastPrice=69.8 BestBidPrice=69.8 BestAskPrice=69.85
2020-02-10 20:07:59  :: Incoming message from Market Data Module: Symbol=DICAD.BUE  LastPrice=69.8 BestBidPrice=69.8 BestAskPrice=69.85
2020-02-10 20:07:59  :: Processing Market Data:Symbol=DICAD.BUE  LastPrice=69.8 BestBidPrice=69.8 BestAskPrice=69.85
2020-02-10 20:08:00  :: Incoming message from Market Data Module: Symbol=DICAD.BUE  LastPrice=69.8 BestBidPrice=69.8 BestAskPrice=69.85
2020-02-10 20:08:00  :: Processing Market Data:Symbol=DICAD.BUE  LastPrice=69.8 BestBidPrice=69.8 BestAskPrice=69.85
2020-02-10 20:08:03  :: Incoming message from Market Data Module: Symbol=DICAD.BUE  LastPrice=69.8 BestBidPrice=69.8 BestAskPrice=69.85
2020-02-10 20:08:03  :: Processing Market Data:Symbol=DICAD.BUE  LastPrice=69.8 BestBidPrice=69.8 BestAskPrice=69.85
2020-02-10 20:08:04  :: Incoming message from Market Data Module: Symbol=DICAD.BUE  LastPrice=69.8 BestBidPrice=69.8 BestAskPrice=69.85
2020-02-10 20:08:04  :: Processing Market Data:Symbol=DICAD.BUE  LastPrice=69.8 BestBidPrice=69.8 BestAskPrice=69.85
2020-02-10 20:08:07  :: Incoming message from Market Data Module: Symbol=DICAD.BUE  LastPrice=69.8 BestBidPrice=69.8 BestAskPrice=69.85
2020-02-10 20:08:07  :: Processing Market Data:Symbol=DICAD.BUE  LastPrice=69.8 BestBidPrice=69.8 BestAskPrice=69.85
2020-02-10 20:08:10  :: Incoming message from Market Data Module: Symbol=DICAD.BUE  LastPrice=69.8 BestBidPrice=69.8 BestAskPrice=69.85
2020-02-10 20:08:10  :: Processing Market Data:Symbol=DICAD.BUE  LastPrice=69.8 BestBidPrice=69.8 BestAskPrice=69.85
2020-02-10 20:08:13  :: Incoming message from Market Data Module: Symbol=DICAD.BUE  LastPrice=69.8 BestBidPrice=69.8 BestAskPrice=69.85
2020-02-10 20:08:13  :: Processing Market Data:Symbol=DICAD.BUE  LastPrice=69.8 BestBidPrice=69.8 BestAskPrice=69.85
2020-02-10 20:08:16  :: Incoming message from Market Data Module: Symbol=DICAD.BUE  LastPrice=69.8 BestBidPrice=69.8 BestAskPrice=69.85
2020-02-10 20:08:16  :: Processing Market Data:Symbol=DICAD.BUE  LastPrice=69.8 BestBidPrice=69.8 BestAskPrice=69.85
2020-02-10 20:08:17  :: Incoming message from Market Data Module: Symbol=DICAD.BUE  LastPrice=69.8 BestBidPrice=69.8 BestAskPrice=69.85
2020-02-10 20:08:17  :: Processing Market Data:Symbol=DICAD.BUE  LastPrice=69.8 BestBidPrice=69.8 BestAskPrice=69.85
2020-02-10 20:08:19  :: Incoming message from Market Data Module: Symbol=DICAD.BUE  LastPrice=69.8 BestBidPrice=69.8 BestAskPrice=69.85
2020-02-10 20:08:19  :: Processing Market Data:Symbol=DICAD.BUE  LastPrice=69.8 BestBidPrice=69.8 BestAskPrice=69.85
2020-02-10 20:08:20  :: Incoming message from Market Data Module: Symbol=DICAD.BUE  LastPrice=69.8 BestBidPrice=69.8 BestAskPrice=69.85
2020-02-10 20:08:20  :: Processing Market Data:Symbol=DICAD.BUE  LastPrice=69.8 BestBidPrice=69.8 BestAskPrice=69.85
2020-02-10 20:08:21  :: Incoming message from Market Data Module: Symbol=DICAD.BUE  LastPrice=69.8 BestBidPrice=69.8 BestAskPrice=69.85
2020-02-10 20:08:21  :: Processing Market Data:Symbol=DICAD.BUE  LastPrice=69.8 BestBidPrice=69.8 BestAskPrice=69.85
2020-02-10 20:08:23  :: Incoming message from Market Data Module: Symbol=DICAD.BUE  LastPrice=69.8 BestBidPrice=69.8 BestAskPrice=69.85
2020-02-10 20:08:23  :: Processing Market Data:Symbol=DICAD.BUE  LastPrice=69.8 BestBidPrice=69.8 BestAskPrice=69.85
2020-02-10 20:08:24  :: Incoming message from Market Data Module: Symbol=DICAD.BUE  LastPrice=69.8 BestBidPrice=69.8 BestAskPrice=69.85
2020-02-10 20:08:24  :: Processing Market Data:Symbol=DICAD.BUE  LastPrice=69.8 BestBidPrice=69.8 BestAskPrice=69.85
2020-02-10 20:08:25  :: Incoming message from Market Data Module: Symbol=DICAD.BUE  LastPrice=69.8 BestBidPrice=69.8 BestAskPrice=69.85
2020-02-10 20:08:25  :: Processing Market Data:Symbol=DICAD.BUE  LastPrice=69.8 BestBidPrice=69.8 BestAskPrice=69.85
2020-02-10 20:08:26  :: Incoming message from Market Data Module: Symbol=DICAD.BUE  LastPrice=69.8 BestBidPrice=69.8 BestAskPrice=69.85
2020-02-10 20:08:26  :: Processing Market Data:Symbol=DICAD.BUE  LastPrice=69.8 BestBidPrice=69.8 BestAskPrice=69.85
2020-02-10 20:08:28  :: Incoming message from Market Data Module: Symbol=DICAD.BUE  LastPrice=69.8 BestBidPrice=69.8 BestAskPrice=69.85
2020-02-10 20:08:28  :: Processing Market Data:Symbol=DICAD.BUE  LastPrice=69.8 BestBidPrice=69.8 BestAskPrice=69.85
2020-02-10 20:08:30  :: Incoming message from Market Data Module: Symbol=DICAD.BUE  LastPrice=69.8 BestBidPrice=69.8 BestAskPrice=69.85
2020-02-10 20:08:30  :: Processing Market Data:Symbol=DICAD.BUE  LastPrice=69.8 BestBidPrice=69.8 BestAskPrice=69.85
2020-02-10 20:08:34  :: Incoming message from Market Data Module: Symbol=DICAD.BUE  LastPrice=69.8 BestBidPrice=69.8 BestAskPrice=69.85
2020-02-10 20:08:34  :: Processing Market Data:Symbol=DICAD.BUE  LastPrice=69.8 BestBidPrice=69.8 BestAskPrice=69.85
2020-02-10 20:08:35  :: Incoming message from Market Data Module: Symbol=DICAD.BUE  LastPrice=69.8 BestBidPrice=69.8 BestAskPrice=69.85
2020-02-10 20:08:35  :: Processing Market Data:Symbol=DICAD.BUE  LastPrice=69.8 BestBidPrice=69.8 BestAskPrice=69.85
2020-02-10 20:08:37  :: Incoming message from Market Data Module: Symbol=DICAD.BUE  LastPrice=69.8 BestBidPrice=69.8 BestAskPrice=69.85
2020-02-10 20:08:37  :: Processing Market Data:Symbol=DICAD.BUE  LastPrice=69.8 BestBidPrice=69.8 BestAskPrice=69.85
2020-02-10 20:08:38  :: Incoming message from Market Data Module: Symbol=DICAD.BUE  LastPrice=69.8 BestBidPrice=69.8 BestAskPrice=69.85
2020-02-10 20:08:38  :: Processing Market Data:Symbol=DICAD.BUE  LastPrice=69.8 BestBidPrice=69.8 BestAskPrice=69.85
2020-02-10 20:08:39  :: Incoming message from Market Data Module: Symbol=DICAD.BUE  LastPrice=69.8 BestBidPrice=69.8 BestAskPrice=69.85
2020-02-10 20:08:39  :: Processing Market Data:Symbol=DICAD.BUE  LastPrice=69.8 BestBidPrice=69.8 BestAskPrice=69.85
2020-02-10 20:08:40  :: Incoming message from Market Data Module: Symbol=DICAD.BUE  LastPrice=69.8 BestBidPrice=69.8 BestAskPrice=69.85
2020-02-10 20:08:40  :: Processing Market Data:Symbol=DICAD.BUE  LastPrice=69.8 BestBidPrice=69.8 BestAskPrice=69.85
2020-02-10 20:08:42  :: Incoming message from Market Data Module: Symbol=DICAD.BUE  LastPrice=69.8 BestBidPrice=69.8 BestAskPrice=69.85
2020-02-10 20:08:42  :: Processing Market Data:Symbol=DICAD.BUE  LastPrice=69.8 BestBidPrice=69.8 BestAskPrice=69.85
2020-02-10 20:08:43  :: Incoming message from Market Data Module: Symbol=DICAD.BUE  LastPrice=69.8 BestBidPrice=69.8 BestAskPrice=69.85
2020-02-10 20:08:43  :: Processing Market Data:Symbol=DICAD.BUE  LastPrice=69.8 BestBidPrice=69.8 BestAskPrice=69.85
2020-02-10 20:08:44  :: Incoming message from Market Data Module: Symbol=DICAD.BUE  LastPrice=69.8 BestBidPrice=69.8 BestAskPrice=69.85
2020-02-10 20:08:44  :: Processing Market Data:Symbol=DICAD.BUE  LastPrice=69.8 BestBidPrice=69.8 BestAskPrice=69.85
2020-02-10 20:08:45  :: Incoming message from Market Data Module: Symbol=DICAD.BUE  LastPrice=69.8 BestBidPrice=69.8 BestAskPrice=69.85
2020-02-10 20:08:45  :: Processing Market Data:Symbol=DICAD.BUE  LastPrice=69.8 BestBidPrice=69.8 BestAskPrice=69.85
2020-02-10 20:08:47  :: Incoming message from Market Data Module: Symbol=DICAD.BUE  LastPrice=69.8 BestBidPrice=69.8 BestAskPrice=69.85
2020-02-10 20:08:47  :: Processing Market Data:Symbol=DICAD.BUE  LastPrice=69.8 BestBidPrice=69.8 BestAskPrice=69.85
2020-02-10 20:08:48  :: Incoming message from Market Data Module: Symbol=DICAD.BUE  LastPrice=69.8 BestBidPrice=69.8 BestAskPrice=69.85
2020-02-10 20:08:48  :: Processing Market Data:Symbol=DICAD.BUE  LastPrice=69.8 BestBidPrice=69.8 BestAskPrice=69.85
2020-02-10 20:08:49  :: Incoming message from Market Data Module: Symbol=DICAD.BUE  LastPrice=69.8 BestBidPrice=69.8 BestAskPrice=69.85
2020-02-10 20:08:49  :: Processing Market Data:Symbol=DICAD.BUE  LastPrice=69.8 BestBidPrice=69.8 BestAskPrice=69.85
2020-02-10 20:08:50  :: Incoming message from Market Data Module: Symbol=DICAD.BUE  LastPrice=69.8 BestBidPrice=69.8 BestAskPrice=69.85
2020-02-10 20:08:50  :: Processing Market Data:Symbol=DICAD.BUE  LastPrice=69.8 BestBidPrice=69.8 BestAskPrice=69.85
2020-02-10 20:08:51  :: Incoming message from Market Data Module: Symbol=DICAD.BUE  LastPrice=69.8 BestBidPrice=69.8 BestAskPrice=69.85
2020-02-10 20:08:51  :: Processing Market Data:Symbol=DICAD.BUE  LastPrice=69.8 BestBidPrice=69.8 BestAskPrice=69.85
2020-02-10 20:08:54  :: Incoming message from Market Data Module: Symbol=DICAD.BUE  LastPrice=69.8 BestBidPrice=69.8 BestAskPrice=69.85
2020-02-10 20:08:54  :: Processing Market Data:Symbol=DICAD.BUE  LastPrice=69.8 BestBidPrice=69.8 BestAskPrice=69.85
2020-02-10 20:08:55  :: Actualizaci贸n del refresh token @Invertir Online Market Data Client:6Lp_L0XiYd0SnqnnqraQS3p1Y8y4-oqkkjO0YSfu9YPc_sDVkcokl5GfDY9hjQAQYRZ0cPwm2R3ZiEHLdaiQR7FfcCNGSFRW1C8Bp9NtMPzQ2XiY1z0ZfLny0c9L5c2dwAPR5DXQ7bHhxWVFZiF5_Or_Re8nT_xm_QE1WGN6_rPko69Q0JVk6eDStlLCuHPMfkSxmiLCqPCr3YxVNqu8YiluJ4U-Y8hrVRoLv8n_AHYxoiNupokHol_xiPpnFUCD-_JIq1oQdxh-TzWCyYnnF16KCRmSmPBrrHPbr4bFJlcy6OInx6u5BaMjAuKeaOeP
2020-02-10 20:08:55  :: Incoming message from Market Data Module: Symbol=DICAD.BUE  LastPrice=69.8 BestBidPrice=69.8 BestAskPrice=69.85
2020-02-10 20:08:55  :: Processing Market Data:Symbol=DICAD.BUE  LastPrice=69.8 BestBidPrice=69.8 BestAskPrice=69.85
2020-02-10 20:08:57  :: Incoming message from Market Data Module: Symbol=DICAD.BUE  LastPrice=69.8 BestBidPrice=69.8 BestAskPrice=69.85
2020-02-10 20:08:57  :: Processing Market Data:Symbol=DICAD.BUE  LastPrice=69.8 BestBidPrice=69.8 BestAskPrice=69.85
2020-02-10 20:08:58  :: Incoming message from Market Data Module: Symbol=DICAD.BUE  LastPrice=69.8 BestBidPrice=69.8 BestAskPrice=69.85
2020-02-10 20:08:58  :: Processing Market Data:Symbol=DICAD.BUE  LastPrice=69.8 BestBidPrice=69.8 BestAskPrice=69.85
2020-02-10 20:08:59  :: Incoming message from Market Data Module: Symbol=DICAD.BUE  LastPrice=69.8 BestBidPrice=69.8 BestAskPrice=69.85
2020-02-10 20:08:59  :: Processing Market Data:Symbol=DICAD.BUE  LastPrice=69.8 BestBidPrice=69.8 BestAskPrice=69.85
2020-02-10 20:09:00  :: Incoming message from Market Data Module: Symbol=DICAD.BUE  LastPrice=69.8 BestBidPrice=69.8 BestAskPrice=69.85
2020-02-10 20:09:00  :: Processing Market Data:Symbol=DICAD.BUE  LastPrice=69.8 BestBidPrice=69.8 BestAskPrice=69.85
2020-02-10 20:09:01  :: Incoming message from Market Data Module: Symbol=DICAD.BUE  LastPrice=69.8 BestBidPrice=69.8 BestAskPrice=69.85
2020-02-10 20:09:01  :: Processing Market Data:Symbol=DICAD.BUE  LastPrice=69.8 BestBidPrice=69.8 BestAskPrice=69.85
2020-02-10 20:09:02  :: Incoming message from Market Data Module: Symbol=DICAD.BUE  LastPrice=69.8 BestBidPrice=69.8 BestAskPrice=69.85
2020-02-10 20:09:02  :: Processing Market Data:Symbol=DICAD.BUE  LastPrice=69.8 BestBidPrice=69.8 BestAskPrice=69.85
2020-02-10 20:09:04  :: Incoming message from Market Data Module: Symbol=DICAD.BUE  LastPrice=69.8 BestBidPrice=69.8 BestAskPrice=69.85
2020-02-10 20:09:04  :: Processing Market Data:Symbol=DICAD.BUE  LastPrice=69.8 BestBidPrice=69.8 BestAskPrice=69.85
2020-02-10 20:09:05  :: Incoming message from Market Data Module: Symbol=DICAD.BUE  LastPrice=69.8 BestBidPrice=69.8 BestAskPrice=69.85
2020-02-10 20:09:05  :: Processing Market Data:Symbol=DICAD.BUE  LastPrice=69.8 BestBidPrice=69.8 BestAskPrice=69.85
2020-02-10 20:09:06  :: Incoming message from Market Data Module: Symbol=DICAD.BUE  LastPrice=69.8 BestBidPrice=69.8 BestAskPrice=69.85
2020-02-10 20:09:06  :: Processing Market Data:Symbol=DICAD.BUE  LastPrice=69.8 BestBidPrice=69.8 BestAskPrice=69.85
2020-02-10 20:09:07  :: Incoming message from Market Data Module: Symbol=DICAD.BUE  LastPrice=69.8 BestBidPrice=69.8 BestAskPrice=69.85
2020-02-10 20:09:07  :: Processing Market Data:Symbol=DICAD.BUE  LastPrice=69.8 BestBidPrice=69.8 BestAskPrice=69.85
2020-02-10 20:09:08  :: Incoming message from Market Data Module: Symbol=DICAD.BUE  LastPrice=69.8 BestBidPrice=69.8 BestAskPrice=69.85
2020-02-10 20:09:08  :: Processing Market Data:Symbol=DICAD.BUE  LastPrice=69.8 BestBidPrice=69.8 BestAskPrice=69.85
2020-02-10 20:09:09  :: Incoming message from Market Data Module: Symbol=DICAD.BUE  LastPrice=69.8 BestBidPrice=69.8 BestAskPrice=69.85
2020-02-10 20:09:09  :: Processing Market Data:Symbol=DICAD.BUE  LastPrice=69.8 BestBidPrice=69.8 BestAskPrice=69.85
2020-02-10 20:09:11  :: Incoming message from Market Data Module: Symbol=DICAD.BUE  LastPrice=69.8 BestBidPrice=69.8 BestAskPrice=69.85
2020-02-10 20:09:11  :: Processing Market Data:Symbol=DICAD.BUE  LastPrice=69.8 BestBidPrice=69.8 BestAskPrice=69.85
2020-02-10 20:09:12  :: Incoming message from Market Data Module: Symbol=DICAD.BUE  LastPrice=69.8 BestBidPrice=69.8 BestAskPrice=69.85
2020-02-10 20:09:12  :: Processing Market Data:Symbol=DICAD.BUE  LastPrice=69.8 BestBidPrice=69.8 BestAskPrice=69.85
2020-02-10 20:09:13  :: Incoming message from Market Data Module: Symbol=DICAD.BUE  LastPrice=69.8 BestBidPrice=69.8 BestAskPrice=69.85
2020-02-10 20:09:13  :: Processing Market Data:Symbol=DICAD.BUE  LastPrice=69.8 BestBidPrice=69.8 BestAskPrice=69.85
2020-02-10 20:09:14  :: Incoming message from Market Data Module: Symbol=DICAD.BUE  LastPrice=69.8 BestBidPrice=69.8 BestAskPrice=69.85
2020-02-10 20:09:14  :: Processing Market Data:Symbol=DICAD.BUE  LastPrice=69.8 BestBidPrice=69.8 BestAskPrice=69.85
2020-02-10 20:09:15  :: Incoming message from Market Data Module: Symbol=DICAD.BUE  LastPrice=69.8 BestBidPrice=69.8 BestAskPrice=69.85
2020-02-10 20:09:15  :: Processing Market Data:Symbol=DICAD.BUE  LastPrice=69.8 BestBidPrice=69.8 BestAskPrice=69.85
2020-02-10 20:09:16  :: Incoming message from Market Data Module: Symbol=DICAD.BUE  LastPrice=69.8 BestBidPrice=69.8 BestAskPrice=69.85
2020-02-10 20:09:16  :: Processing Market Data:Symbol=DICAD.BUE  LastPrice=69.8 BestBidPrice=69.8 BestAskPrice=69.85
2020-02-10 20:09:18  :: Incoming message from Market Data Module: Symbol=DICAD.BUE  LastPrice=69.8 BestBidPrice=69.8 BestAskPrice=69.85
2020-02-10 20:09:18  :: Processing Market Data:Symbol=DICAD.BUE  LastPrice=69.8 BestBidPrice=69.8 BestAskPrice=69.85
2020-02-10 20:09:19  :: Incoming message from Market Data Module: Symbol=DICAD.BUE  LastPrice=69.8 BestBidPrice=69.8 BestAskPrice=69.85
2020-02-10 20:09:19  :: Processing Market Data:Symbol=DICAD.BUE  LastPrice=69.8 BestBidPrice=69.8 BestAskPrice=69.85
2020-02-10 20:09:20  :: Incoming message from Market Data Module: Symbol=DICAD.BUE  LastPrice=69.8 BestBidPrice=69.8 BestAskPrice=69.85
2020-02-10 20:09:20  :: Processing Market Data:Symbol=DICAD.BUE  LastPrice=69.8 BestBidPrice=69.8 BestAskPrice=69.85
2020-02-10 20:09:21  :: Incoming message from Market Data Module: Symbol=DICAD.BUE  LastPrice=69.8 BestBidPrice=69.8 BestAskPrice=69.85
2020-02-10 20:09:21  :: Processing Market Data:Symbol=DICAD.BUE  LastPrice=69.8 BestBidPrice=69.8 BestAskPrice=69.85
2020-02-10 20:09:22  :: Incoming message from Market Data Module: Symbol=DICAD.BUE  LastPrice=69.8 BestBidPrice=69.8 BestAskPrice=69.85
2020-02-10 20:09:22  :: Processing Market Data:Symbol=DICAD.BUE  LastPrice=69.8 BestBidPrice=69.8 BestAskPrice=69.85
2020-02-10 20:09:24  :: Incoming message from Market Data Module: Symbol=DICAD.BUE  LastPrice=69.8 BestBidPrice=69.8 BestAskPrice=69.85
2020-02-10 20:09:24  :: Processing Market Data:Symbol=DICAD.BUE  LastPrice=69.8 BestBidPrice=69.8 BestAskPrice=69.85
2020-02-10 20:09:25  :: Incoming message from Market Data Module: Symbol=DICAD.BUE  LastPrice=69.8 BestBidPrice=69.8 BestAskPrice=69.85
2020-02-10 20:09:25  :: Processing Market Data:Symbol=DICAD.BUE  LastPrice=69.8 BestBidPrice=69.8 BestAskPrice=69.85
2020-02-10 20:09:26  :: Incoming message from Market Data Module: Symbol=DICAD.BUE  LastPrice=69.8 BestBidPrice=69.8 BestAskPrice=69.85
2020-02-10 20:09:26  :: Processing Market Data:Symbol=DICAD.BUE  LastPrice=69.8 BestBidPrice=69.8 BestAskPrice=69.85
2020-02-10 20:09:27  :: Incoming message from Market Data Module: Symbol=DICAD.BUE  LastPrice=69.8 BestBidPrice=69.8 BestAskPrice=69.85
2020-02-10 20:09:27  :: Processing Market Data:Symbol=DICAD.BUE  LastPrice=69.8 BestBidPrice=69.8 BestAskPrice=69.85
2020-02-10 20:09:28  :: Incoming message from Market Data Module: Symbol=DICAD.BUE  LastPrice=69.8 BestBidPrice=69.8 BestAskPrice=69.85
2020-02-10 20:09:28  :: Processing Market Data:Symbol=DICAD.BUE  LastPrice=69.8 BestBidPrice=69.8 BestAskPrice=69.85
2020-02-10 20:09:29  :: Incoming message from Market Data Module: Symbol=DICAD.BUE  LastPrice=69.8 BestBidPrice=69.8 BestAskPrice=69.85
2020-02-10 20:09:29  :: Processing Market Data:Symbol=DICAD.BUE  LastPrice=69.8 BestBidPrice=69.8 BestAskPrice=69.85
2020-02-10 20:09:31  :: Incoming message from Market Data Module: Symbol=DICAD.BUE  LastPrice=69.8 BestBidPrice=69.8 BestAskPrice=69.85
2020-02-10 20:09:31  :: Processing Market Data:Symbol=DICAD.BUE  LastPrice=69.8 BestBidPrice=69.8 BestAskPrice=69.85
2020-02-10 20:09:33  :: Incoming message from Market Data Module: Symbol=DICAD.BUE  LastPrice=69.8 BestBidPrice=69.8 BestAskPrice=69.85
2020-02-10 20:09:33  :: Processing Market Data:Symbol=DICAD.BUE  LastPrice=69.8 BestBidPrice=69.8 BestAskPrice=69.85
2020-02-10 20:09:34  :: Incoming message from Market Data Module: Symbol=DICAD.BUE  LastPrice=69.8 BestBidPrice=69.8 BestAskPrice=69.85
2020-02-10 20:09:34  :: Processing Market Data:Symbol=DICAD.BUE  LastPrice=69.8 BestBidPrice=69.8 BestAskPrice=69.85
2020-02-10 20:09:35  :: Incoming message from Market Data Module: Symbol=DICAD.BUE  LastPrice=69.8 BestBidPrice=69.8 BestAskPrice=69.85
2020-02-10 20:09:35  :: Processing Market Data:Symbol=DICAD.BUE  LastPrice=69.8 BestBidPrice=69.8 BestAskPrice=69.85
2020-02-10 20:09:36  :: Incoming message from Market Data Module: Symbol=DICAD.BUE  LastPrice=69.8 BestBidPrice=69.8 BestAskPrice=69.85
2020-02-10 20:09:36  :: Processing Market Data:Symbol=DICAD.BUE  LastPrice=69.8 BestBidPrice=69.8 BestAskPrice=69.85
2020-02-10 20:09:37  :: Incoming message from Market Data Module: Symbol=DICAD.BUE  LastPrice=69.8 BestBidPrice=69.8 BestAskPrice=69.85
2020-02-10 20:09:37  :: Processing Market Data:Symbol=DICAD.BUE  LastPrice=69.8 BestBidPrice=69.8 BestAskPrice=69.85
2020-02-10 20:09:38  :: Incoming message from Market Data Module: Symbol=DICAD.BUE  LastPrice=69.8 BestBidPrice=69.8 BestAskPrice=69.85
2020-02-10 20:09:38  :: Processing Market Data:Symbol=DICAD.BUE  LastPrice=69.8 BestBidPrice=69.8 BestAskPrice=69.85
2020-02-10 20:09:40  :: Incoming message from Market Data Module: Symbol=DICAD.BUE  LastPrice=69.8 BestBidPrice=69.8 BestAskPrice=69.85
2020-02-10 20:09:40  :: Processing Market Data:Symbol=DICAD.BUE  LastPrice=69.8 BestBidPrice=69.8 BestAskPrice=69.85
2020-02-10 20:09:41  :: Incoming message from Market Data Module: Symbol=DICAD.BUE  LastPrice=69.8 BestBidPrice=69.8 BestAskPrice=69.85
2020-02-10 20:09:41  :: Processing Market Data:Symbol=DICAD.BUE  LastPrice=69.8 BestBidPrice=69.8 BestAskPrice=69.85
2020-02-10 20:09:42  :: Incoming message from Market Data Module: Symbol=DICAD.BUE  LastPrice=69.8 BestBidPrice=69.8 BestAskPrice=69.85
2020-02-10 20:09:42  :: Processing Market Data:Symbol=DICAD.BUE  LastPrice=69.8 BestBidPrice=69.8 BestAskPrice=69.85
2020-02-10 20:09:43  :: Incoming message from Market Data Module: Symbol=DICAD.BUE  LastPrice=69.8 BestBidPrice=69.8 BestAskPrice=69.85
2020-02-10 20:09:43  :: Processing Market Data:Symbol=DICAD.BUE  LastPrice=69.8 BestBidPrice=69.8 BestAskPrice=69.85
2020-02-10 20:09:44  :: Incoming message from Market Data Module: Symbol=DICAD.BUE  LastPrice=69.8 BestBidPrice=69.8 BestAskPrice=69.85
2020-02-10 20:09:44  :: Processing Market Data:Symbol=DICAD.BUE  LastPrice=69.8 BestBidPrice=69.8 BestAskPrice=69.85
2020-02-10 20:09:46  :: Incoming message from Market Data Module: Symbol=DICAD.BUE  LastPrice=69.8 BestBidPrice=69.8 BestAskPrice=69.85
2020-02-10 20:09:46  :: Processing Market Data:Symbol=DICAD.BUE  LastPrice=69.8 BestBidPrice=69.8 BestAskPrice=69.85
2020-02-10 20:09:47  :: Incoming message from Market Data Module: Symbol=DICAD.BUE  LastPrice=69.8 BestBidPrice=69.8 BestAskPrice=69.85
2020-02-10 20:09:47  :: Processing Market Data:Symbol=DICAD.BUE  LastPrice=69.8 BestBidPrice=69.8 BestAskPrice=69.85
2020-02-10 20:09:48  :: Incoming message from Market Data Module: Symbol=DICAD.BUE  LastPrice=69.8 BestBidPrice=69.8 BestAskPrice=69.85
2020-02-10 20:09:48  :: Processing Market Data:Symbol=DICAD.BUE  LastPrice=69.8 BestBidPrice=69.8 BestAskPrice=69.85
2020-02-10 20:09:49  :: Incoming message from Market Data Module: Symbol=DICAD.BUE  LastPrice=69.8 BestBidPrice=69.8 BestAskPrice=69.85
2020-02-10 20:09:49  :: Processing Market Data:Symbol=DICAD.BUE  LastPrice=69.8 BestBidPrice=69.8 BestAskPrice=69.85
2020-02-10 20:09:50  :: Incoming message from Market Data Module: Symbol=DICAD.BUE  LastPrice=69.8 BestBidPrice=69.8 BestAskPrice=69.85
2020-02-10 20:09:50  :: Processing Market Data:Symbol=DICAD.BUE  LastPrice=69.8 BestBidPrice=69.8 BestAskPrice=69.85
2020-02-10 20:09:51  :: Incoming message from Market Data Module: Symbol=DICAD.BUE  LastPrice=69.8 BestBidPrice=69.8 BestAskPrice=69.85
2020-02-10 20:09:51  :: Processing Market Data:Symbol=DICAD.BUE  LastPrice=69.8 BestBidPrice=69.8 BestAskPrice=69.85
2020-02-10 20:09:53  :: Incoming message from Market Data Module: Symbol=DICAD.BUE  LastPrice=69.8 BestBidPrice=69.8 BestAskPrice=69.85
2020-02-10 20:09:53  :: Processing Market Data:Symbol=DICAD.BUE  LastPrice=69.8 BestBidPrice=69.8 BestAskPrice=69.85
2020-02-10 20:09:54  :: Incoming message from Market Data Module: Symbol=DICAD.BUE  LastPrice=69.8 BestBidPrice=69.8 BestAskPrice=69.85
2020-02-10 20:09:54  :: Processing Market Data:Symbol=DICAD.BUE  LastPrice=69.8 BestBidPrice=69.8 BestAskPrice=69.85
2020-02-10 20:09:55  :: Actualizaci贸n del refresh token @Invertir Online Market Data Client:xuWcmQyPwlCCEr5tG47ZIh0-CWxtUBB8pg-6BnOw3rXRRa2i5f-rZ09GJRoyUA-cwE_Qhj40yrYd5pJd7qVOC0lK0jGzJ84ZMDATKbLRF94x8hquBm_8vF5gjnOIsk9a2uTLJ9lrZex0I6J4VxtaaaFTJpOlhmqc22Y9oJyP1cr-RO7rHLxJIV1v_f4iTdQaibCqy9VJEO5QClFd8UeyQuf_ipRvSHULaDNxfHbVJfPp5HQVHF3zf5r3QkXH6HW-rcNK4CX2lfVvbSxtxfVArhUvCregqev-OdTw6LR5myz-CnePyrY2Ed-C3mrByvXX
2020-02-10 20:09:55  :: Incoming message from Market Data Module: Symbol=DICAD.BUE  LastPrice=69.8 BestBidPrice=69.8 BestAskPrice=69.85
2020-02-10 20:09:55  :: Processing Market Data:Symbol=DICAD.BUE  LastPrice=69.8 BestBidPrice=69.8 BestAskPrice=69.85
2020-02-10 20:09:56  :: Incoming message from Market Data Module: Symbol=DICAD.BUE  LastPrice=69.8 BestBidPrice=69.8 BestAskPrice=69.85
2020-02-10 20:09:56  :: Processing Market Data:Symbol=DICAD.BUE  LastPrice=69.8 BestBidPrice=69.8 BestAskPrice=69.85
2020-02-10 20:09:57  :: Incoming message from Market Data Module: Symbol=DICAD.BUE  LastPrice=69.8 BestBidPrice=69.8 BestAskPrice=69.85
2020-02-10 20:09:57  :: Processing Market Data:Symbol=DICAD.BUE  LastPrice=69.8 BestBidPrice=69.8 BestAskPrice=69.85
2020-02-10 20:10:00  :: Incoming message from Market Data Module: Symbol=DICAD.BUE  LastPrice=69.8 BestBidPrice=69.8 BestAskPrice=69.85
2020-02-10 20:10:00  :: Processing Market Data:Symbol=DICAD.BUE  LastPrice=69.8 BestBidPrice=69.8 BestAskPrice=69.85
2020-02-10 20:10:01  :: Incoming message from Market Data Module: Symbol=DICAD.BUE  LastPrice=69.8 BestBidPrice=69.8 BestAskPrice=69.85
2020-02-10 20:10:01  :: Processing Market Data:Symbol=DICAD.BUE  LastPrice=69.8 BestBidPrice=69.8 BestAskPrice=69.85
2020-02-10 20:10:02  :: Incoming message from Market Data Module: Symbol=DICAD.BUE  LastPrice=69.8 BestBidPrice=69.8 BestAskPrice=69.85
2020-02-10 20:10:02  :: Processing Market Data:Symbol=DICAD.BUE  LastPrice=69.8 BestBidPrice=69.8 BestAskPrice=69.85
2020-02-10 20:10:03  :: Incoming message from Market Data Module: Symbol=DICAD.BUE  LastPrice=69.8 BestBidPrice=69.8 BestAskPrice=69.85
2020-02-10 20:10:03  :: Processing Market Data:Symbol=DICAD.BUE  LastPrice=69.8 BestBidPrice=69.8 BestAskPrice=69.85
2020-02-10 20:10:04  :: Incoming message from Market Data Module: Symbol=DICAD.BUE  LastPrice=69.8 BestBidPrice=69.8 BestAskPrice=69.85
2020-02-10 20:10:04  :: Processing Market Data:Symbol=DICAD.BUE  LastPrice=69.8 BestBidPrice=69.8 BestAskPrice=69.85
2020-02-10 20:10:06  :: Incoming message from Market Data Module: Symbol=DICAD.BUE  LastPrice=69.8 BestBidPrice=69.8 BestAskPrice=69.85
2020-02-10 20:10:06  :: Processing Market Data:Symbol=DICAD.BUE  LastPrice=69.8 BestBidPrice=69.8 BestAskPrice=69.85
2020-02-10 20:10:07  :: Incoming message from Market Data Module: Symbol=DICAD.BUE  LastPrice=69.8 BestBidPrice=69.8 BestAskPrice=69.85
2020-02-10 20:10:07  :: Processing Market Data:Symbol=DICAD.BUE  LastPrice=69.8 BestBidPrice=69.8 BestAskPrice=69.85
