2018-01-22 10:55:14  :: 1/22/2018 10:55:14 AMBaseCommunicationModule.LoadConfig
2018-01-22 10:55:14  :: Loading config:.\OutgoingSingletonConfig.xml
2018-01-22 10:55:14  :: Processing config:.\OutgoingSingletonConfig.xml
2018-01-22 10:55:14  :: Ending GetConfiguracion .\OutgoingSingletonConfig.xml
2018-01-22 10:56:07  :: @El valor no puede ser nulo.
Nombre del parámetro: key:Error Publishing Wrapper. Error=Outgoing Singleton FIX 
2018-01-22 10:57:14  :: 1/22/2018 10:57:14 AMBaseCommunicationModule.LoadConfig
2018-01-22 10:57:14  :: Loading config:.\OutgoingSingletonConfig.xml
2018-01-22 10:57:14  :: Processing config:.\OutgoingSingletonConfig.xml
2018-01-22 10:57:14  :: Ending GetConfiguracion .\OutgoingSingletonConfig.xml
2018-01-22 10:57:42  :: @El valor no puede ser nulo.
Nombre del parámetro: key:Error Publishing Wrapper. Error=Outgoing Singleton FIX 
2018-01-22 11:00:02  :: @El valor no puede ser nulo.
Nombre del parámetro: key:Error Publishing Wrapper. Error=Outgoing Singleton FIX 
2018-01-22 11:00:40  :: 1/22/2018 11:00:40 AMBaseCommunicationModule.LoadConfig
2018-01-22 11:00:40  :: Loading config:.\OutgoingSingletonConfig.xml
2018-01-22 11:00:40  :: Processing config:.\OutgoingSingletonConfig.xml
2018-01-22 11:00:40  :: Ending GetConfiguracion .\OutgoingSingletonConfig.xml
2018-01-22 11:00:50  :: @El valor no puede ser nulo.
Nombre del parámetro: key:Error Publishing Wrapper. Error=Outgoing Singleton FIX 
2018-01-22 11:04:52  :: @El valor no puede ser nulo.
Nombre del parámetro: key:Error Publishing Wrapper. Error=Outgoing Singleton FIX 
2018-01-22 11:05:03  :: @El valor no puede ser nulo.
Nombre del parámetro: key:Error Publishing Wrapper. Error=Outgoing Singleton FIX 
2018-01-22 11:05:58  :: @El valor no puede ser nulo.
Nombre del parámetro: key:Error Publishing Wrapper. Error=Outgoing Singleton FIX 
2018-01-22 11:06:17  :: @El valor no puede ser nulo.
Nombre del parámetro: key:Error Publishing Wrapper. Error=Outgoing Singleton FIX 
2018-01-22 11:07:10  :: @El valor no puede ser nulo.
Nombre del parámetro: key:Error Publishing Wrapper. Error=Outgoing Singleton FIX 
2018-01-22 11:07:58  :: 1/22/2018 11:07:58 AMBaseCommunicationModule.LoadConfig
2018-01-22 11:07:58  :: Loading config:.\OutgoingSingletonConfig.xml
2018-01-22 11:07:58  :: Processing config:.\OutgoingSingletonConfig.xml
2018-01-22 11:07:58  :: Ending GetConfiguracion .\OutgoingSingletonConfig.xml
2018-01-22 11:08:50  :: @El valor no puede ser nulo.
Nombre del parámetro: key:Error Publishing Wrapper. Error=Outgoing Singleton FIX 
2018-01-22 11:09:11  :: @El valor no puede ser nulo.
Nombre del parámetro: key:Error Publishing Wrapper. Error=Outgoing Singleton FIX 
2018-01-22 11:09:31  :: @El valor no puede ser nulo.
Nombre del parámetro: key:Error Publishing Wrapper. Error=Outgoing Singleton FIX 
