2020-01-28 19:52:38  :: 28/1/2020 19:52:38MainApp.LoadConfig
2020-01-28 19:52:38  :: Loading config:C:\Users\zimzum\Desktop\Projects\Seeking Bias\HFTPlatform\hftplatform\HFTPlatform\MarketDataDownloader\bin\Debug\config.xml
2020-01-28 19:52:38  :: Proccessing config:C:\Users\zimzum\Desktop\Projects\Seeking Bias\HFTPlatform\hftplatform\HFTPlatform\MarketDataDownloader\bin\Debug\config.xml
2020-01-28 19:52:38  :: Fin GetConfiguracion
2020-01-28 19:52:38  :: Incoming Module not found. It will not be initialized
2020-01-28 19:52:38  :: Initializing Log
2020-01-28 19:52:38  :: Initializing Incoming Module
2020-01-28 19:52:38  :: Incoming module could not be initialized because it was not instantiated
2020-01-28 19:52:38  :: Initializing Outgoing Module
2020-01-28 19:52:46  :: Outgoing Module successfully initialized
2020-01-28 19:55:35  :: 28/1/2020 19:55:35MainApp.LoadConfig
2020-01-28 19:55:35  :: Loading config:C:\Users\zimzum\Desktop\Projects\Seeking Bias\HFTPlatform\hftplatform\HFTPlatform\MarketDataDownloader\bin\Debug\config.xml
2020-01-28 19:55:35  :: Proccessing config:C:\Users\zimzum\Desktop\Projects\Seeking Bias\HFTPlatform\hftplatform\HFTPlatform\MarketDataDownloader\bin\Debug\config.xml
2020-01-28 19:55:35  :: Fin GetConfiguracion
2020-01-28 19:55:35  :: Incoming Module not found. It will not be initialized
2020-01-28 19:55:35  :: Initializing Log
2020-01-28 19:55:35  :: Initializing Incoming Module
2020-01-28 19:55:35  :: Incoming module could not be initialized because it was not instantiated
2020-01-28 19:55:35  :: Initializing Outgoing Module
2020-01-28 19:55:37  :: Outgoing Module successfully initialized
2020-01-28 19:56:51  :: 28/1/2020 19:56:51MainApp.LoadConfig
2020-01-28 19:56:51  :: Loading config:C:\Users\zimzum\Desktop\Projects\Seeking Bias\HFTPlatform\hftplatform\HFTPlatform\MarketDataDownloader\bin\Debug\config.xml
2020-01-28 19:56:51  :: Proccessing config:C:\Users\zimzum\Desktop\Projects\Seeking Bias\HFTPlatform\hftplatform\HFTPlatform\MarketDataDownloader\bin\Debug\config.xml
2020-01-28 19:56:51  :: Fin GetConfiguracion
2020-01-28 19:56:51  :: Incoming Module not found. It will not be initialized
2020-01-28 19:56:51  :: Initializing Log
2020-01-28 19:56:51  :: Initializing Incoming Module
2020-01-28 19:56:51  :: Incoming module could not be initialized because it was not instantiated
2020-01-28 19:56:51  :: Initializing Outgoing Module
2020-01-28 19:56:53  :: Outgoing Module successfully initialized
2020-01-28 20:02:41  :: 28/1/2020 20:02:41MainApp.LoadConfig
2020-01-28 20:02:41  :: Loading config:C:\Users\zimzum\Desktop\Projects\Seeking Bias\HFTPlatform\hftplatform\HFTPlatform\MarketDataDownloader\bin\Debug\config.xml
2020-01-28 20:02:41  :: Proccessing config:C:\Users\zimzum\Desktop\Projects\Seeking Bias\HFTPlatform\hftplatform\HFTPlatform\MarketDataDownloader\bin\Debug\config.xml
2020-01-28 20:02:41  :: Fin GetConfiguracion
2020-01-28 20:02:41  :: Incoming Module not found. It will not be initialized
2020-01-28 20:02:41  :: Initializing Log
2020-01-28 20:02:41  :: Initializing Incoming Module
2020-01-28 20:02:41  :: Incoming module could not be initialized because it was not instantiated
2020-01-28 20:02:41  :: Initializing Outgoing Module
2020-01-28 20:02:45  :: Outgoing Module successfully initialized
2020-01-28 20:04:23  :: 28/1/2020 20:04:23MainApp.LoadConfig
2020-01-28 20:04:23  :: Loading config:C:\Users\zimzum\Desktop\Projects\Seeking Bias\HFTPlatform\hftplatform\HFTPlatform\MarketDataDownloader\bin\Debug\config.xml
2020-01-28 20:04:23  :: Proccessing config:C:\Users\zimzum\Desktop\Projects\Seeking Bias\HFTPlatform\hftplatform\HFTPlatform\MarketDataDownloader\bin\Debug\config.xml
2020-01-28 20:04:23  :: Fin GetConfiguracion
2020-01-28 20:04:23  :: Incoming Module not found. It will not be initialized
2020-01-28 20:04:23  :: Initializing Log
2020-01-28 20:04:23  :: Initializing Incoming Module
2020-01-28 20:04:23  :: Incoming module could not be initialized because it was not instantiated
2020-01-28 20:04:23  :: Initializing Outgoing Module
2020-01-28 20:04:25  :: Outgoing Module successfully initialized
2020-01-28 20:06:14  :: 28/1/2020 20:06:14MainApp.LoadConfig
2020-01-28 20:06:14  :: Loading config:C:\Users\zimzum\Desktop\Projects\Seeking Bias\HFTPlatform\hftplatform\HFTPlatform\MarketDataDownloader\bin\Debug\config.xml
2020-01-28 20:06:14  :: Proccessing config:C:\Users\zimzum\Desktop\Projects\Seeking Bias\HFTPlatform\hftplatform\HFTPlatform\MarketDataDownloader\bin\Debug\config.xml
2020-01-28 20:06:14  :: Fin GetConfiguracion
2020-01-28 20:06:14  :: Incoming Module not found. It will not be initialized
2020-01-28 20:06:14  :: Initializing Log
2020-01-28 20:06:14  :: Initializing Incoming Module
2020-01-28 20:06:14  :: Incoming module could not be initialized because it was not instantiated
2020-01-28 20:06:14  :: Initializing Outgoing Module
2020-01-28 20:06:16  :: Outgoing Module successfully initialized
2020-01-28 20:10:06  :: 28/1/2020 20:10:06MainApp.LoadConfig
2020-01-28 20:10:06  :: Loading config:C:\Users\zimzum\Desktop\Projects\Seeking Bias\HFTPlatform\hftplatform\HFTPlatform\MarketDataDownloader\bin\Debug\config.xml
2020-01-28 20:10:06  :: Proccessing config:C:\Users\zimzum\Desktop\Projects\Seeking Bias\HFTPlatform\hftplatform\HFTPlatform\MarketDataDownloader\bin\Debug\config.xml
2020-01-28 20:10:06  :: Fin GetConfiguracion
2020-01-28 20:10:06  :: Incoming Module not found. It will not be initialized
2020-01-28 20:10:06  :: Initializing Log
2020-01-28 20:10:06  :: Initializing Incoming Module
2020-01-28 20:10:06  :: Incoming module could not be initialized because it was not instantiated
2020-01-28 20:10:06  :: Initializing Outgoing Module
2020-01-28 20:10:08  :: Outgoing Module successfully initialized
2020-01-28 20:12:37  :: 28/1/2020 20:12:37MainApp.LoadConfig
2020-01-28 20:12:37  :: Loading config:C:\Users\zimzum\Desktop\Projects\Seeking Bias\HFTPlatform\hftplatform\HFTPlatform\MarketDataDownloader\bin\Debug\config.xml
2020-01-28 20:12:37  :: Proccessing config:C:\Users\zimzum\Desktop\Projects\Seeking Bias\HFTPlatform\hftplatform\HFTPlatform\MarketDataDownloader\bin\Debug\config.xml
2020-01-28 20:12:37  :: Fin GetConfiguracion
2020-01-28 20:12:37  :: Incoming Module not found. It will not be initialized
2020-01-28 20:12:37  :: Initializing Log
2020-01-28 20:12:37  :: Initializing Incoming Module
2020-01-28 20:12:37  :: Incoming module could not be initialized because it was not instantiated
2020-01-28 20:12:37  :: Initializing Outgoing Module
2020-01-28 20:12:39  :: Outgoing Module successfully initialized
2020-01-28 20:14:01  :: 28/1/2020 20:14:01MainApp.LoadConfig
2020-01-28 20:14:01  :: Loading config:C:\Users\zimzum\Desktop\Projects\Seeking Bias\HFTPlatform\hftplatform\HFTPlatform\MarketDataDownloader\bin\Debug\config.xml
2020-01-28 20:14:01  :: Proccessing config:C:\Users\zimzum\Desktop\Projects\Seeking Bias\HFTPlatform\hftplatform\HFTPlatform\MarketDataDownloader\bin\Debug\config.xml
2020-01-28 20:14:01  :: Fin GetConfiguracion
2020-01-28 20:14:01  :: Incoming Module not found. It will not be initialized
2020-01-28 20:14:01  :: Initializing Log
2020-01-28 20:14:01  :: Initializing Incoming Module
2020-01-28 20:14:01  :: Incoming module could not be initialized because it was not instantiated
2020-01-28 20:14:01  :: Initializing Outgoing Module
2020-01-28 20:14:04  :: Outgoing Module successfully initialized
2020-01-28 20:15:41  :: 28/1/2020 20:15:41MainApp.LoadConfig
2020-01-28 20:15:41  :: Loading config:C:\Users\zimzum\Desktop\Projects\Seeking Bias\HFTPlatform\hftplatform\HFTPlatform\MarketDataDownloader\bin\Debug\config.xml
2020-01-28 20:15:41  :: Proccessing config:C:\Users\zimzum\Desktop\Projects\Seeking Bias\HFTPlatform\hftplatform\HFTPlatform\MarketDataDownloader\bin\Debug\config.xml
2020-01-28 20:15:41  :: Fin GetConfiguracion
2020-01-28 20:15:41  :: Incoming Module not found. It will not be initialized
2020-01-28 20:15:41  :: Initializing Log
2020-01-28 20:15:41  :: Initializing Incoming Module
2020-01-28 20:15:41  :: Incoming module could not be initialized because it was not instantiated
2020-01-28 20:15:41  :: Initializing Outgoing Module
2020-01-28 20:15:43  :: Outgoing Module successfully initialized
2020-01-28 20:17:33  :: 28/1/2020 20:17:33MainApp.LoadConfig
2020-01-28 20:17:33  :: Loading config:C:\Users\zimzum\Desktop\Projects\Seeking Bias\HFTPlatform\hftplatform\HFTPlatform\MarketDataDownloader\bin\Debug\config.xml
2020-01-28 20:17:33  :: Proccessing config:C:\Users\zimzum\Desktop\Projects\Seeking Bias\HFTPlatform\hftplatform\HFTPlatform\MarketDataDownloader\bin\Debug\config.xml
2020-01-28 20:17:33  :: Fin GetConfiguracion
2020-01-28 20:17:33  :: Incoming Module not found. It will not be initialized
2020-01-28 20:17:33  :: Initializing Log
2020-01-28 20:17:33  :: Initializing Incoming Module
2020-01-28 20:17:33  :: Incoming module could not be initialized because it was not instantiated
2020-01-28 20:17:33  :: Initializing Outgoing Module
2020-01-28 20:17:36  :: Outgoing Module successfully initialized
2020-01-28 20:18:04  :: 28/1/2020 20:18:04MainApp.LoadConfig
2020-01-28 20:18:04  :: Loading config:C:\Users\zimzum\Desktop\Projects\Seeking Bias\HFTPlatform\hftplatform\HFTPlatform\MarketDataDownloader\bin\Debug\config.xml
2020-01-28 20:18:04  :: Proccessing config:C:\Users\zimzum\Desktop\Projects\Seeking Bias\HFTPlatform\hftplatform\HFTPlatform\MarketDataDownloader\bin\Debug\config.xml
2020-01-28 20:18:04  :: Fin GetConfiguracion
2020-01-28 20:18:04  :: Incoming Module not found. It will not be initialized
2020-01-28 20:18:04  :: Initializing Log
2020-01-28 20:18:04  :: Initializing Incoming Module
2020-01-28 20:18:04  :: Incoming module could not be initialized because it was not instantiated
2020-01-28 20:18:04  :: Initializing Outgoing Module
2020-01-28 20:18:07  :: Outgoing Module successfully initialized
2020-01-28 20:18:19  :: 28/1/2020 20:18:19MainApp.LoadConfig
2020-01-28 20:18:19  :: Loading config:C:\Users\zimzum\Desktop\Projects\Seeking Bias\HFTPlatform\hftplatform\HFTPlatform\MarketDataDownloader\bin\Debug\config.xml
2020-01-28 20:18:19  :: Proccessing config:C:\Users\zimzum\Desktop\Projects\Seeking Bias\HFTPlatform\hftplatform\HFTPlatform\MarketDataDownloader\bin\Debug\config.xml
2020-01-28 20:18:19  :: Fin GetConfiguracion
2020-01-28 20:18:19  :: Incoming Module not found. It will not be initialized
2020-01-28 20:18:19  :: Initializing Log
2020-01-28 20:18:19  :: Initializing Incoming Module
2020-01-28 20:18:19  :: Incoming module could not be initialized because it was not instantiated
2020-01-28 20:18:19  :: Initializing Outgoing Module
2020-01-28 20:18:21  :: Outgoing Module successfully initialized
2020-01-28 20:20:04  :: 28/1/2020 20:20:04MainApp.LoadConfig
2020-01-28 20:20:04  :: Loading config:C:\Users\zimzum\Desktop\Projects\Seeking Bias\HFTPlatform\hftplatform\HFTPlatform\MarketDataDownloader\bin\Debug\config.xml
2020-01-28 20:20:04  :: Proccessing config:C:\Users\zimzum\Desktop\Projects\Seeking Bias\HFTPlatform\hftplatform\HFTPlatform\MarketDataDownloader\bin\Debug\config.xml
2020-01-28 20:20:04  :: Fin GetConfiguracion
2020-01-28 20:20:04  :: Incoming Module not found. It will not be initialized
2020-01-28 20:20:04  :: Initializing Log
2020-01-28 20:20:04  :: Initializing Incoming Module
2020-01-28 20:20:04  :: Incoming module could not be initialized because it was not instantiated
2020-01-28 20:20:04  :: Initializing Outgoing Module
2020-01-28 20:20:06  :: Outgoing Module successfully initialized
2020-01-28 20:21:36  :: 28/1/2020 20:21:36MainApp.LoadConfig
2020-01-28 20:21:36  :: Loading config:C:\Users\zimzum\Desktop\Projects\Seeking Bias\HFTPlatform\hftplatform\HFTPlatform\MarketDataDownloader\bin\Debug\config.xml
2020-01-28 20:21:36  :: Proccessing config:C:\Users\zimzum\Desktop\Projects\Seeking Bias\HFTPlatform\hftplatform\HFTPlatform\MarketDataDownloader\bin\Debug\config.xml
2020-01-28 20:21:37  :: Fin GetConfiguracion
2020-01-28 20:21:37  :: Incoming Module not found. It will not be initialized
2020-01-28 20:21:37  :: Initializing Log
2020-01-28 20:21:37  :: Initializing Incoming Module
2020-01-28 20:21:37  :: Incoming module could not be initialized because it was not instantiated
2020-01-28 20:21:37  :: Initializing Outgoing Module
2020-01-28 20:21:39  :: Outgoing Module successfully initialized
2020-01-28 20:43:46  :: 28/1/2020 20:43:46MainApp.LoadConfig
2020-01-28 20:43:46  :: Loading config:C:\Users\zimzum\Desktop\Projects\Seeking Bias\HFTPlatform\hftplatform\HFTPlatform\MarketDataDownloader\bin\Debug\config.xml
2020-01-28 20:43:46  :: Proccessing config:C:\Users\zimzum\Desktop\Projects\Seeking Bias\HFTPlatform\hftplatform\HFTPlatform\MarketDataDownloader\bin\Debug\config.xml
2020-01-28 20:43:46  :: Fin GetConfiguracion
2020-01-28 20:43:47  :: Incoming Module not found. It will not be initialized
2020-01-28 20:43:47  :: Initializing Log
2020-01-28 20:43:47  :: Initializing Incoming Module
2020-01-28 20:43:47  :: Incoming module could not be initialized because it was not instantiated
2020-01-28 20:43:47  :: Initializing Outgoing Module
2020-01-28 20:43:55  :: Outgoing Module successfully initialized
