2017-02-12 20:46:00  :: 12/2/2017 8:46:00 p. m.MainApp.LoadConfig
2017-02-12 20:46:00  :: Loading config:C:\Users\Compumar\Dropbox\HFTPlatform\HFTPlatform\Main Apps\MomentumPortfolioFormation\bin\Debug\config.xml
2017-02-12 20:46:00  :: Proccessing config:C:\Users\Compumar\Dropbox\HFTPlatform\HFTPlatform\Main Apps\MomentumPortfolioFormation\bin\Debug\config.xml
2017-02-12 20:46:00  :: Fin GetConfiguracion
2017-02-12 20:46:07  :: Incoming Module not found. It will not be initialized
2017-02-12 20:46:13  :: Initializing Log
2017-02-12 20:46:13  :: Initializing Incoming Module
2017-02-12 20:46:14  :: Incoming module could not be initialized because it was not instantiated
2017-02-12 20:46:15  :: Initializing Outgoing Module
2017-02-12 20:46:37  :: Error initializing Outgoing Module
2017-02-12 20:46:47  :: 12/2/2017 8:46:47 p. m.MainApp.LoadConfig
2017-02-12 20:46:47  :: Loading config:C:\Users\Compumar\Dropbox\HFTPlatform\HFTPlatform\Main Apps\MomentumPortfolioFormation\bin\Debug\config.xml
2017-02-12 20:46:47  :: Proccessing config:C:\Users\Compumar\Dropbox\HFTPlatform\HFTPlatform\Main Apps\MomentumPortfolioFormation\bin\Debug\config.xml
2017-02-12 20:46:47  :: Fin GetConfiguracion
2017-02-12 20:46:47  :: Incoming Module not found. It will not be initialized
2017-02-12 20:46:47  :: Initializing Log
2017-02-12 20:46:47  :: Initializing Incoming Module
2017-02-12 20:46:47  :: Incoming module could not be initialized because it was not instantiated
2017-02-12 20:46:47  :: Initializing Outgoing Module
2017-02-12 20:47:11  :: 12/2/2017 8:47:11 p. m.MainApp.LoadConfig
2017-02-12 20:47:11  :: Loading config:C:\Users\Compumar\Dropbox\HFTPlatform\HFTPlatform\Main Apps\MomentumPortfolioFormation\bin\Debug\config.xml
2017-02-12 20:47:11  :: Proccessing config:C:\Users\Compumar\Dropbox\HFTPlatform\HFTPlatform\Main Apps\MomentumPortfolioFormation\bin\Debug\config.xml
2017-02-12 20:47:11  :: Fin GetConfiguracion
2017-02-12 20:47:11  :: Incoming Module not found. It will not be initialized
2017-02-12 20:47:11  :: Initializing Log
2017-02-12 20:47:11  :: Initializing Incoming Module
2017-02-12 20:47:11  :: Incoming module could not be initialized because it was not instantiated
2017-02-12 20:47:11  :: Initializing Outgoing Module
2017-02-12 20:48:27  :: 12/2/2017 8:48:27 p. m.MainApp.LoadConfig
2017-02-12 20:48:27  :: Loading config:C:\Users\Compumar\Dropbox\HFTPlatform\HFTPlatform\Main Apps\MomentumPortfolioFormation\bin\Debug\config.xml
2017-02-12 20:48:27  :: Proccessing config:C:\Users\Compumar\Dropbox\HFTPlatform\HFTPlatform\Main Apps\MomentumPortfolioFormation\bin\Debug\config.xml
2017-02-12 20:48:28  :: Fin GetConfiguracion
2017-02-12 20:48:28  :: Incoming Module not found. It will not be initialized
2017-02-12 20:48:28  :: Initializing Log
2017-02-12 20:48:28  :: Initializing Incoming Module
2017-02-12 20:48:28  :: Incoming module could not be initialized because it was not instantiated
2017-02-12 20:48:28  :: Initializing Outgoing Module
2017-02-12 21:02:49  :: 12/2/2017 9:02:49 p. m.MainApp.LoadConfig
2017-02-12 21:02:49  :: Loading config:C:\Users\Compumar\Dropbox\HFTPlatform\HFTPlatform\Main Apps\MomentumPortfolioFormation\bin\Debug\config.xml
2017-02-12 21:02:49  :: Proccessing config:C:\Users\Compumar\Dropbox\HFTPlatform\HFTPlatform\Main Apps\MomentumPortfolioFormation\bin\Debug\config.xml
2017-02-12 21:02:49  :: Fin GetConfiguracion
2017-02-12 21:02:49  :: Incoming Module not found. It will not be initialized
2017-02-12 21:02:49  :: Initializing Log
2017-02-12 21:02:49  :: Initializing Incoming Module
2017-02-12 21:02:49  :: Incoming module could not be initialized because it was not instantiated
2017-02-12 21:02:49  :: Initializing Outgoing Module
2017-02-12 21:03:50  :: 12/2/2017 9:03:50 p. m.MainApp.LoadConfig
2017-02-12 21:03:50  :: Loading config:C:\Users\Compumar\Dropbox\HFTPlatform\HFTPlatform\Main Apps\MomentumPortfolioFormation\bin\Debug\config.xml
2017-02-12 21:03:50  :: Proccessing config:C:\Users\Compumar\Dropbox\HFTPlatform\HFTPlatform\Main Apps\MomentumPortfolioFormation\bin\Debug\config.xml
2017-02-12 21:03:50  :: Fin GetConfiguracion
2017-02-12 21:03:50  :: Incoming Module not found. It will not be initialized
2017-02-12 21:03:50  :: Initializing Log
2017-02-12 21:03:50  :: Initializing Incoming Module
2017-02-12 21:03:50  :: Incoming module could not be initialized because it was not instantiated
2017-02-12 21:03:50  :: Initializing Outgoing Module
2017-02-12 21:04:00  :: Outgoing Module successfully initialized
2017-02-12 21:04:50  :: 12/2/2017 9:04:50 p. m.MainApp.LoadConfig
2017-02-12 21:04:50  :: Loading config:C:\Users\Compumar\Dropbox\HFTPlatform\HFTPlatform\Main Apps\MomentumPortfolioFormation\bin\Debug\config.xml
2017-02-12 21:04:50  :: Proccessing config:C:\Users\Compumar\Dropbox\HFTPlatform\HFTPlatform\Main Apps\MomentumPortfolioFormation\bin\Debug\config.xml
2017-02-12 21:04:50  :: Fin GetConfiguracion
2017-02-12 21:04:50  :: Incoming Module not found. It will not be initialized
2017-02-12 21:04:50  :: Initializing Log
2017-02-12 21:04:50  :: Initializing Incoming Module
2017-02-12 21:04:50  :: Incoming module could not be initialized because it was not instantiated
2017-02-12 21:04:50  :: Initializing Outgoing Module
2017-02-12 21:04:50  :: Outgoing Module successfully initialized
2017-02-12 21:06:47  :: 12/2/2017 9:06:47 p. m.MainApp.LoadConfig
2017-02-12 21:06:47  :: Loading config:C:\Users\Compumar\Dropbox\HFTPlatform\HFTPlatform\Main Apps\MomentumPortfolioFormation\bin\Debug\config.xml
2017-02-12 21:06:47  :: Proccessing config:C:\Users\Compumar\Dropbox\HFTPlatform\HFTPlatform\Main Apps\MomentumPortfolioFormation\bin\Debug\config.xml
2017-02-12 21:06:47  :: Fin GetConfiguracion
2017-02-12 21:06:47  :: Incoming Module not found. It will not be initialized
2017-02-12 21:06:47  :: Initializing Log
2017-02-12 21:06:47  :: Initializing Incoming Module
2017-02-12 21:06:47  :: Incoming module could not be initialized because it was not instantiated
2017-02-12 21:06:47  :: Initializing Outgoing Module
2017-02-12 21:06:47  :: Outgoing Module successfully initialized
