2017-11-16 10:25:56  :: 16/11/2017 10:25:56MainApp.LoadConfig
2017-11-16 10:25:56  :: Loading config:C:\Users\zimzum\Desktop\Projects\HFTPlatform\HFTPlatform\PrimaryCertification\bin\Debug\config.xml
2017-11-16 10:25:56  :: Proccessing config:C:\Users\zimzum\Desktop\Projects\HFTPlatform\HFTPlatform\PrimaryCertification\bin\Debug\config.xml
2017-11-16 10:25:56  :: Fin GetConfiguracion
2017-11-16 10:25:57  :: Initializing Log
2017-11-16 10:25:57  :: Initializing Incoming Module
2017-11-16 10:25:57  :: Incoming Module successfully initialized
2017-11-16 10:25:57  :: Initializing Outgoing Module
2017-11-16 10:25:57  :: Outgoing Module successfully initialized
2017-11-16 10:26:33  :: ProcessMessageToIncoming
2017-11-16 10:27:10  :: ProcessMessageToIncoming
2017-11-16 10:27:23  :: ProcessMessageToIncoming
2017-11-16 10:29:43  :: ProcessMessageToOutgoing
2017-11-16 10:30:12  :: ProcessMessageToOutgoing
2017-11-16 10:30:44  :: ProcessMessageToOutgoing
2017-11-16 10:30:47  :: ProcessMessageToOutgoing
2017-11-16 10:30:56  :: ProcessMessageToOutgoing
2017-11-16 10:31:03  :: ProcessMessageToOutgoing
2017-11-16 10:31:25  :: ProcessMessageToOutgoing
2017-11-16 10:32:23  :: ProcessMessageToOutgoing
2017-11-16 10:32:53  :: ProcessMessageToOutgoing
2017-11-16 10:32:55  :: ProcessMessageToOutgoing
2017-11-16 10:33:14  :: ProcessMessageToOutgoing
2017-11-16 10:33:18  :: ProcessMessageToOutgoing
2017-11-16 10:33:54  :: ProcessMessageToOutgoing
2017-11-16 10:33:56  :: ProcessMessageToOutgoing
2017-11-16 10:34:05  :: ProcessMessageToOutgoing
2017-11-16 10:34:08  :: ProcessMessageToOutgoing
2017-11-16 10:34:11  :: ProcessMessageToOutgoing
2017-11-16 10:34:16  :: ProcessMessageToOutgoing
2017-11-16 11:09:31  :: 16/11/2017 11:09:31MainApp.LoadConfig
2017-11-16 11:09:31  :: Loading config:C:\Users\zimzum\Desktop\Projects\HFTPlatform\HFTPlatform\PrimaryCertification\bin\Debug\config.xml
2017-11-16 11:09:31  :: Proccessing config:C:\Users\zimzum\Desktop\Projects\HFTPlatform\HFTPlatform\PrimaryCertification\bin\Debug\config.xml
2017-11-16 11:09:31  :: Fin GetConfiguracion
2017-11-16 11:09:31  :: Initializing Log
2017-11-16 11:09:31  :: Initializing Incoming Module
2017-11-16 11:09:32  :: Incoming Module successfully initialized
2017-11-16 11:09:32  :: Initializing Outgoing Module
2017-11-16 11:09:32  :: Outgoing Module successfully initialized
2017-11-16 11:10:24  :: ProcessMessageToIncoming
2017-11-16 11:29:51  :: ProcessMessageToIncoming
2017-11-16 11:30:03  :: ProcessMessageToIncoming
2017-11-16 11:30:11  :: ProcessMessageToIncoming
2017-11-16 11:31:01  :: ProcessMessageToOutgoing
2017-11-16 11:31:09  :: ProcessMessageToOutgoing
2017-11-16 11:31:45  :: ProcessMessageToOutgoing
2017-11-16 11:32:26  :: ProcessMessageToOutgoing
2017-11-16 11:32:47  :: ProcessMessageToOutgoing
2017-11-16 11:33:33  :: ProcessMessageToOutgoing
2017-11-16 11:33:39  :: ProcessMessageToOutgoing
2017-11-16 11:33:41  :: ProcessMessageToOutgoing
2017-11-16 11:34:04  :: ProcessMessageToOutgoing
2017-11-16 11:34:12  :: ProcessMessageToOutgoing
2017-11-16 11:35:37  :: ProcessMessageToOutgoing
2017-11-16 11:35:37  :: ProcessMessageToOutgoing
2017-11-16 11:36:20  :: ProcessMessageToOutgoing
2017-11-16 11:36:23  :: ProcessMessageToOutgoing
2017-11-16 11:36:26  :: ProcessMessageToOutgoing
