2017-11-11 21:41:55  :: 11/11/2017 21:41:55MainApp.LoadConfig
2017-11-11 21:41:55  :: Loading config:C:\Users\zimzum\Desktop\Projects\HFTPlatform\HFTPlatform\PrimaryCertification\bin\Debug\config.xml
2017-11-11 21:41:55  :: Proccessing config:C:\Users\zimzum\Desktop\Projects\HFTPlatform\HFTPlatform\PrimaryCertification\bin\Debug\config.xml
2017-11-11 21:41:55  :: Fin GetConfiguracion
2017-11-11 21:41:55  :: Initializing Log
2017-11-11 21:41:55  :: Initializing Incoming Module
2017-11-11 21:41:56  :: Incoming Module successfully initialized
2017-11-11 21:41:56  :: Initializing Outgoing Module
2017-11-11 21:41:56  :: Outgoing Module successfully initialized
2017-11-11 21:49:26  :: 11/11/2017 21:49:26MainApp.LoadConfig
2017-11-11 21:49:26  :: Loading config:C:\Users\zimzum\Desktop\Projects\HFTPlatform\HFTPlatform\PrimaryCertification\bin\Debug\config.xml
2017-11-11 21:49:26  :: Proccessing config:C:\Users\zimzum\Desktop\Projects\HFTPlatform\HFTPlatform\PrimaryCertification\bin\Debug\config.xml
2017-11-11 21:49:27  :: Fin GetConfiguracion
2017-11-11 21:49:27  :: Initializing Log
2017-11-11 21:49:27  :: Initializing Incoming Module
2017-11-11 21:49:27  :: Incoming Module successfully initialized
2017-11-11 21:49:27  :: Initializing Outgoing Module
2017-11-11 21:49:27  :: Outgoing Module successfully initialized
2017-11-11 22:12:43  :: 11/11/2017 22:12:43MainApp.LoadConfig
2017-11-11 22:12:43  :: Loading config:C:\Users\zimzum\Desktop\Projects\HFTPlatform\HFTPlatform\PrimaryCertification\bin\Debug\config.xml
2017-11-11 22:12:43  :: Proccessing config:C:\Users\zimzum\Desktop\Projects\HFTPlatform\HFTPlatform\PrimaryCertification\bin\Debug\config.xml
2017-11-11 22:12:43  :: Fin GetConfiguracion
2017-11-11 22:12:43  :: Initializing Log
2017-11-11 22:12:43  :: Initializing Incoming Module
2017-11-11 22:12:44  :: Incoming Module successfully initialized
2017-11-11 22:12:44  :: Initializing Outgoing Module
2017-11-11 22:12:44  :: Outgoing Module successfully initialized
2017-11-11 22:12:51  :: ProcessMessageToIncoming
2017-11-11 22:13:41  :: 11/11/2017 22:13:41MainApp.LoadConfig
2017-11-11 22:13:41  :: Loading config:C:\Users\zimzum\Desktop\Projects\HFTPlatform\HFTPlatform\PrimaryCertification\bin\Debug\config.xml
2017-11-11 22:13:41  :: Proccessing config:C:\Users\zimzum\Desktop\Projects\HFTPlatform\HFTPlatform\PrimaryCertification\bin\Debug\config.xml
2017-11-11 22:13:41  :: Fin GetConfiguracion
2017-11-11 22:13:41  :: Initializing Log
2017-11-11 22:13:41  :: Initializing Incoming Module
2017-11-11 22:13:42  :: Incoming Module successfully initialized
2017-11-11 22:13:42  :: Initializing Outgoing Module
2017-11-11 22:13:42  :: Outgoing Module successfully initialized
2017-11-11 22:13:47  :: ProcessMessageToIncoming
2017-11-11 22:14:10  :: 11/11/2017 22:14:10MainApp.LoadConfig
2017-11-11 22:14:10  :: Loading config:C:\Users\zimzum\Desktop\Projects\HFTPlatform\HFTPlatform\PrimaryCertification\bin\Debug\config.xml
2017-11-11 22:14:10  :: Proccessing config:C:\Users\zimzum\Desktop\Projects\HFTPlatform\HFTPlatform\PrimaryCertification\bin\Debug\config.xml
2017-11-11 22:14:10  :: Fin GetConfiguracion
2017-11-11 22:14:10  :: Initializing Log
2017-11-11 22:14:10  :: Initializing Incoming Module
2017-11-11 22:14:11  :: Incoming Module successfully initialized
2017-11-11 22:14:11  :: Initializing Outgoing Module
2017-11-11 22:14:11  :: Outgoing Module successfully initialized
2017-11-11 22:14:20  :: ProcessMessageToIncoming
2017-11-11 22:14:50  :: 11/11/2017 22:14:50MainApp.LoadConfig
2017-11-11 22:14:50  :: Loading config:C:\Users\zimzum\Desktop\Projects\HFTPlatform\HFTPlatform\PrimaryCertification\bin\Debug\config.xml
2017-11-11 22:14:50  :: Proccessing config:C:\Users\zimzum\Desktop\Projects\HFTPlatform\HFTPlatform\PrimaryCertification\bin\Debug\config.xml
2017-11-11 22:14:50  :: Fin GetConfiguracion
2017-11-11 22:14:50  :: Initializing Log
2017-11-11 22:14:50  :: Initializing Incoming Module
2017-11-11 22:14:51  :: Incoming Module successfully initialized
2017-11-11 22:14:51  :: Initializing Outgoing Module
2017-11-11 22:14:51  :: Outgoing Module successfully initialized
2017-11-11 22:15:12  :: ProcessMessageToIncoming
2017-11-11 22:20:17  :: 11/11/2017 22:20:17MainApp.LoadConfig
2017-11-11 22:20:17  :: Loading config:C:\Users\zimzum\Desktop\Projects\HFTPlatform\HFTPlatform\PrimaryCertification\bin\Debug\config.xml
2017-11-11 22:20:17  :: Proccessing config:C:\Users\zimzum\Desktop\Projects\HFTPlatform\HFTPlatform\PrimaryCertification\bin\Debug\config.xml
2017-11-11 22:20:17  :: Fin GetConfiguracion
2017-11-11 22:20:17  :: Initializing Log
2017-11-11 22:20:17  :: Initializing Incoming Module
2017-11-11 22:20:18  :: Incoming Module successfully initialized
2017-11-11 22:20:18  :: Initializing Outgoing Module
2017-11-11 22:20:18  :: Outgoing Module successfully initialized
2017-11-11 22:20:24  :: ProcessMessageToIncoming
2017-11-11 22:28:31  :: 11/11/2017 22:28:31MainApp.LoadConfig
2017-11-11 22:28:31  :: Loading config:C:\Users\zimzum\Desktop\Projects\HFTPlatform\HFTPlatform\PrimaryCertification\bin\Debug\config.xml
2017-11-11 22:28:31  :: Proccessing config:C:\Users\zimzum\Desktop\Projects\HFTPlatform\HFTPlatform\PrimaryCertification\bin\Debug\config.xml
2017-11-11 22:28:31  :: Fin GetConfiguracion
2017-11-11 22:28:31  :: Initializing Log
2017-11-11 22:28:31  :: Initializing Incoming Module
2017-11-11 22:28:32  :: Incoming Module successfully initialized
2017-11-11 22:28:32  :: Initializing Outgoing Module
2017-11-11 22:28:32  :: Outgoing Module successfully initialized
2017-11-11 22:28:44  :: ProcessMessageToIncoming
2017-11-11 22:31:15  :: 11/11/2017 22:31:15MainApp.LoadConfig
2017-11-11 22:31:15  :: Loading config:C:\Users\zimzum\Desktop\Projects\HFTPlatform\HFTPlatform\PrimaryCertification\bin\Debug\config.xml
2017-11-11 22:31:15  :: Proccessing config:C:\Users\zimzum\Desktop\Projects\HFTPlatform\HFTPlatform\PrimaryCertification\bin\Debug\config.xml
2017-11-11 22:31:16  :: Fin GetConfiguracion
2017-11-11 22:31:16  :: Initializing Log
2017-11-11 22:31:16  :: Initializing Incoming Module
2017-11-11 22:31:16  :: Incoming Module successfully initialized
2017-11-11 22:31:16  :: Initializing Outgoing Module
2017-11-11 22:31:16  :: Outgoing Module successfully initialized
2017-11-11 22:31:30  :: ProcessMessageToIncoming
2017-11-11 22:32:09  :: 11/11/2017 22:32:09MainApp.LoadConfig
2017-11-11 22:32:09  :: Loading config:C:\Users\zimzum\Desktop\Projects\HFTPlatform\HFTPlatform\PrimaryCertification\bin\Debug\config.xml
2017-11-11 22:32:09  :: Proccessing config:C:\Users\zimzum\Desktop\Projects\HFTPlatform\HFTPlatform\PrimaryCertification\bin\Debug\config.xml
2017-11-11 22:32:10  :: Fin GetConfiguracion
2017-11-11 22:32:10  :: Initializing Log
2017-11-11 22:32:10  :: Initializing Incoming Module
2017-11-11 22:32:10  :: Incoming Module successfully initialized
2017-11-11 22:32:10  :: Initializing Outgoing Module
2017-11-11 22:32:10  :: Outgoing Module successfully initialized
2017-11-11 22:32:18  :: ProcessMessageToIncoming
2017-11-11 22:32:43  :: ProcessMessageToIncoming
