2018-01-24 11:59:17  :: 24/1/2018 11:59:17MainApp.LoadConfig
2018-01-24 11:59:17  :: Loading config:C:\Users\zimzum\Desktop\Projects\HFTPlatform\HFTPlatform\PrimaryCertification\bin\Debug\config.xml
2018-01-24 11:59:17  :: Proccessing config:C:\Users\zimzum\Desktop\Projects\HFTPlatform\HFTPlatform\PrimaryCertification\bin\Debug\config.xml
2018-01-24 11:59:17  :: Fin GetConfiguracion
2018-01-24 11:59:17  :: Initializing Log
2018-01-24 11:59:17  :: Initializing Incoming Module
2018-01-24 11:59:19  :: Incoming Module successfully initialized
2018-01-24 11:59:19  :: Initializing Outgoing Module
2018-01-24 11:59:19  :: Outgoing Module successfully initialized
2018-01-24 11:59:36  :: ProcessMessageToOutgoing
2018-01-24 12:00:18  :: 24/1/2018 12:00:18MainApp.LoadConfig
2018-01-24 12:00:18  :: Loading config:C:\Users\zimzum\Desktop\Projects\HFTPlatform\HFTPlatform\PrimaryCertification\bin\Debug\config.xml
2018-01-24 12:00:18  :: Proccessing config:C:\Users\zimzum\Desktop\Projects\HFTPlatform\HFTPlatform\PrimaryCertification\bin\Debug\config.xml
2018-01-24 12:00:18  :: Fin GetConfiguracion
2018-01-24 12:00:18  :: Initializing Log
2018-01-24 12:00:18  :: Initializing Incoming Module
2018-01-24 12:00:19  :: Incoming Module successfully initialized
2018-01-24 12:00:19  :: Initializing Outgoing Module
2018-01-24 12:00:19  :: Outgoing Module successfully initialized
2018-01-24 12:00:30  :: ProcessMessageToOutgoing
