2019-01-27 14:00:38  :: 27/1/2019 14:00:38MainApp.LoadConfig
2019-01-27 14:00:38  :: Loading config:C:\Users\zimzum\Desktop\Projects\Seeking Bias\HFTPlatform\hftplatform\HFTPlatform\PairAlgoTradingDemo\bin\Debug\config.xml
2019-01-27 14:00:38  :: Proccessing config:C:\Users\zimzum\Desktop\Projects\Seeking Bias\HFTPlatform\hftplatform\HFTPlatform\PairAlgoTradingDemo\bin\Debug\config.xml
2019-01-27 14:00:38  :: Fin GetConfiguracion
2019-01-27 14:00:43  :: Initializing Log
2019-01-27 14:00:43  :: Initializing Incoming Module
2019-01-27 14:01:50  :: 27/1/2019 14:01:50MainApp.LoadConfig
2019-01-27 14:01:50  :: Loading config:C:\Users\zimzum\Desktop\Projects\Seeking Bias\HFTPlatform\hftplatform\HFTPlatform\PairAlgoTradingDemo\bin\Debug\config.xml
2019-01-27 14:01:50  :: Proccessing config:C:\Users\zimzum\Desktop\Projects\Seeking Bias\HFTPlatform\hftplatform\HFTPlatform\PairAlgoTradingDemo\bin\Debug\config.xml
2019-01-27 14:01:51  :: Fin GetConfiguracion
2019-01-27 14:01:51  :: Initializing Log
2019-01-27 14:01:51  :: Initializing Incoming Module
2019-01-27 14:02:09  :: 27/1/2019 14:02:09MainApp.LoadConfig
2019-01-27 14:02:09  :: Loading config:C:\Users\zimzum\Desktop\Projects\Seeking Bias\HFTPlatform\hftplatform\HFTPlatform\PairAlgoTradingDemo\bin\Debug\config.xml
2019-01-27 14:02:09  :: Proccessing config:C:\Users\zimzum\Desktop\Projects\Seeking Bias\HFTPlatform\hftplatform\HFTPlatform\PairAlgoTradingDemo\bin\Debug\config.xml
2019-01-27 14:02:09  :: Fin GetConfiguracion
2019-01-27 14:02:09  :: Initializing Log
2019-01-27 14:02:09  :: Initializing Incoming Module
2019-01-27 14:02:13  :: Incoming Module successfully initialized
2019-01-27 14:02:13  :: Initializing Outgoing Module
2019-01-27 14:02:16  :: Outgoing Module successfully initialized
